<?xml version="1.0" encoding="UTF-8"?>
<!-- Generated by org.testng.reporters.JUnitXMLReporter -->
<testsuite ignored="0" hostname="DESKTOP-LL1B83L" failures="0" tests="4" name="Default test" time="32.588" errors="0" timestamp="2025-06-17T13:16:07 IST">
  <testcase classname="Medanta_Form.HomeCare" name="TC_01" time="7.92"/>
  <testcase classname="Medanta_Form.HomeCare" name="TC_02" time="1.255"/>
  <testcase classname="Medanta_Form.HomeCare" name="TC_03" time="8.138"/>
  <testcase classname="Medanta_Form.HomeCare" name="TC_04" time="7.969"/>
</testsuite> <!-- Default test -->
