<?xml version="1.0" encoding="UTF-8"?>
<!-- Generated by org.testng.reporters.JUnitXMLReporter -->
<testsuite ignored="0" hostname="DESKTOP-LL1B83L" failures="0" tests="3" name="Default test" time="52.91" errors="0" timestamp="2025-06-18T17:02:24 IST">
  <testcase classname="Medanta_Form.ElderCare" name="TC_01" time="8.56"/>
  <testcase classname="Medanta_Form.ElderCare" name="TC_02" time="18.602"/>
  <testcase classname="Medanta_Form.ElderCare" name="TC_03" time="16.621"/>
</testsuite> <!-- Default test -->
