<?xml version="1.0" encoding="UTF-8"?>
<!-- Generated by org.testng.reporters.JUnitXMLReporter -->
<testsuite ignored="0" hostname="DESKTOP-LL1B83L" failures="0" tests="3" name="Default test" time="41.784" errors="0" timestamp="2025-11-21T15:02:12 IST">
  <testcase classname="Medanta_Form.RequestACallback" name="TelemedicinePage_RequestACallbackForm" time="7.141"/>
  <testcase classname="Medanta_Form.RequestACallback" name="Air_Ambulance" time="7.987"/>
  <testcase classname="Medanta_Form.RequestACallback" name="Health_Checkup" time="10.774"/>
</testsuite> <!-- Default test -->
