<?xml version="1.0" encoding="UTF-8"?>
<!-- Generated by org.testng.reporters.JUnitXMLReporter -->
<testsuite ignored="0" hostname="DESKTOP-LL1B83L" failures="1" tests="1" name="AirAmbulancePage" time="37.989" errors="0" timestamp="2025-12-28T12:30:33 IST">
  <testcase classname="Medanta_Form.AirAmbulancePage" name="AirAmbulance_RequestACallbackForm" time="34.796">
    <failure type="java.lang.AssertionError" message="Air Ambulance validation failed: Name= | Mobile=9876543210 | Email=dipesh@yopmail.com | Errors =&amp;gt; Name Error: The name field is required. | ">
      <![CDATA[java.lang.AssertionError: Air Ambulance validation failed: Name= | Mobile=9876543210 | Email=dipesh@yopmail.com | Errors => Name Error: The name field is required. | 
at Medanta_Form.AirAmbulancePage.AirAmbulance_RequestACallbackForm(AirAmbulancePage.java:93)
at java.base/java.util.ArrayList.forEach(ArrayList.java:1511)
... Removed 28 stack frames]]>
    </failure>
  </testcase> <!-- AirAmbulance_RequestACallbackForm -->
</testsuite> <!-- AirAmbulancePage -->
