<?xml version="1.0" encoding="UTF-8"?>
<!-- Generated by org.testng.reporters.JUnitXMLReporter -->
<testsuite ignored="0" hostname="DESKTOP-LL1B83L" failures="1" tests="1" name="BecomeAPartner" time="33.432" errors="0" timestamp="2026-02-22T17:47:40 IST">
  <testcase classname="Medanta_Form.BecomeAPartner" name="BecomeAPartnerPage_BusinessModelForm" time="31.977">
    <failure type="java.lang.AssertionError" message="BecomeAPartner form failed -&amp;gt; ❌ SERVER_FAIL (POST SUBMIT) | https://www.medanta.org/medanta-labs/become-a-partner | Become a Partner with Medanta Labs - Collaboration Opportunities | Medanta">
      <![CDATA[java.lang.AssertionError: BecomeAPartner form failed -> ❌ SERVER_FAIL (POST SUBMIT) | https://www.medanta.org/medanta-labs/become-a-partner | Become a Partner with Medanta Labs - Collaboration Opportunities | Medanta
at Medanta_Form.BecomeAPartner.BecomeAPartnerPage_BusinessModelForm(BecomeAPartner.java:140)
at java.base/java.util.ArrayList.forEach(ArrayList.java:1511)
... Removed 28 stack frames]]>
    </failure>
  </testcase> <!-- BecomeAPartnerPage_BusinessModelForm -->
</testsuite> <!-- BecomeAPartner -->
