<?xml version="1.0" encoding="UTF-8"?>
<!-- Generated by org.testng.reporters.JUnitXMLReporter -->
<testsuite ignored="0" hostname="DESKTOP-LL1B83L" failures="1" tests="1" name="BlogDP" time="16.467" errors="0" timestamp="2026-02-25T20:31:45 IST">
  <testcase classname="Medanta_Form.BlogDP" name="BlogDetailPage_QueryForm" time="15.336">
    <failure type="java.lang.AssertionError" message="BlogDP form failed -&amp;gt; ⚠ UNKNOWN | https://www.medanta.org/patient-education-blog/omicron-variant-key-facts-you-need-to-know-in-2025 | Omicron Variant B.1.1.529 : Key Facts You Need to Know in 2025">
      <![CDATA[java.lang.AssertionError: BlogDP form failed -> ⚠ UNKNOWN | https://www.medanta.org/patient-education-blog/omicron-variant-key-facts-you-need-to-know-in-2025 | Omicron Variant B.1.1.529 : Key Facts You Need to Know in 2025
at Medanta_Form.BlogDP.BlogDetailPage_QueryForm(BlogDP.java:166)
at java.base/java.util.ArrayList.forEach(ArrayList.java:1511)
... Removed 28 stack frames]]>
    </failure>
  </testcase> <!-- BlogDetailPage_QueryForm -->
</testsuite> <!-- BlogDP -->
