<?xml version="1.0" encoding="UTF-8"?>
<!-- Generated by org.testng.reporters.JUnitXMLReporter -->
<testsuite ignored="0" hostname="DESKTOP-LL1B83L" failures="0" tests="3" name="CareerJob" time="34.631" errors="0" timestamp="2025-06-17T14:51:37 IST">
  <testcase classname="Medanta_Form.CareerJob" name="TC_01" time="6.877"/>
  <testcase classname="Medanta_Form.CareerJob" name="TC_02" time="5.634"/>
  <testcase classname="Medanta_Form.CareerJob" name="TC_03" time="13.035"/>
</testsuite> <!-- CareerJob -->
