<?xml version="1.0" encoding="UTF-8"?>
<!-- Generated by org.testng.reporters.JUnitXMLReporter -->
<testsuite ignored="0" hostname="DESKTOP-LL1B83L" failures="1" tests="1" name="ContactUs_Feedback" time="35.548" errors="0" timestamp="2026-02-22T17:49:32 IST">
  <testcase classname="Medanta_Form.ContactUs_Feedback" name="ContactUsPage_FeedbackForm" time="34.164">
    <failure type="java.lang.AssertionError" message="ContactUs_Feedback form failed -&amp;gt; ❌ SERVER_FAIL (POST SUBMIT) | https://www.medanta.org/contact-us | Medanta Customer Services - Call +91-880-000-1068 for Appointments, Queries">
      <![CDATA[java.lang.AssertionError: ContactUs_Feedback form failed -> ❌ SERVER_FAIL (POST SUBMIT) | https://www.medanta.org/contact-us | Medanta Customer Services - Call +91-880-000-1068 for Appointments, Queries
at Medanta_Form.ContactUs_Feedback.ContactUsPage_FeedbackForm(ContactUs_Feedback.java:146)
at java.base/java.util.ArrayList.forEach(ArrayList.java:1511)
... Removed 28 stack frames]]>
    </failure>
  </testcase> <!-- ContactUsPage_FeedbackForm -->
</testsuite> <!-- ContactUs_Feedback -->
