<?xml version="1.0" encoding="UTF-8"?>
<!-- Generated by org.testng.reporters.JUnitXMLReporter -->
<testsuite ignored="0" hostname="DESKTOP-LL1B83L" failures="0" tests="3" name="ContactUs" time="59.512" errors="0" timestamp="2025-11-21T12:34:26 IST">
  <testcase classname="Medanta_Form.ContactUs" name="ContactUsPage_EnquiryForm" time="12.224"/>
  <testcase classname="Medanta_Form.ContactUs" name="ContactUsPage_FeedbackForm" time="19.56"/>
  <testcase classname="Medanta_Form.ContactUs" name="ContactUsPage_OthersForm" time="20.552"/>
</testsuite> <!-- ContactUs -->
