<?xml version="1.0" encoding="UTF-8"?>
<!-- Generated by org.testng.reporters.JUnitXMLReporter -->
<testsuite ignored="0" hostname="DESKTOP-LL1B83L" failures="1" tests="1" name="ContactUs_Others" time="14.18" errors="0" timestamp="2026-01-07T13:54:47 IST">
  <testcase classname="Medanta_Form.ContactUs_Others" name="ContactUsPage_OthersForm" time="13.106">
    <failure type="java.lang.AssertionError" message="Email is empty expected [false] but found [true]">
      <![CDATA[java.lang.AssertionError: Email is empty expected [false] but found [true]
at Medanta_Form.ContactUs_Others.ContactUsPage_OthersForm(ContactUs_Others.java:76)
at java.base/java.util.ArrayList.forEach(ArrayList.java:1511)
... Removed 30 stack frames]]>
    </failure>
  </testcase> <!-- ContactUsPage_OthersForm -->
</testsuite> <!-- ContactUs_Others -->
