<?xml version="1.0" encoding="UTF-8"?>
<!-- Generated by org.testng.reporters.JUnitXMLReporter -->
<testsuite ignored="0" hostname="DESKTOP-LL1B83L" failures="0" tests="3" name="ContactUs" time="50.829" errors="0" timestamp="2025-06-17T14:53:40 IST">
  <testcase classname="Medanta_Form.ContactUs" name="Enquiry" time="10.775"/>
  <testcase classname="Medanta_Form.ContactUs" name="Feedback" time="18.197"/>
  <testcase classname="Medanta_Form.ContactUs" name="Others" time="18.65"/>
</testsuite> <!-- ContactUs -->
