<?xml version="1.0" encoding="UTF-8"?>
<!-- Generated by org.testng.reporters.JUnitXMLReporter -->
<testsuite ignored="0" hostname="DESKTOP-LL1B83L" failures="1" tests="1" name="CPR" time="43.803" errors="0" timestamp="2025-12-28T12:32:58 IST">
  <testcase classname="Medanta_Form.CPR" name="CPRPage_EnrollnowForm" time="39.862">
    <failure type="java.lang.AssertionError" message="CPR Enroll form validation failed: Name=Test | Mobile=98210 | Email=wakemedantatest@gmail.com | Location=Gurugram | Errors =&amp;gt; Mobile Error: Please enter 10 digit mobile number | ">
      <![CDATA[java.lang.AssertionError: CPR Enroll form validation failed: Name=Test | Mobile=98210 | Email=wakemedantatest@gmail.com | Location=Gurugram | Errors => Mobile Error: Please enter 10 digit mobile number | 
at Medanta_Form.CPR.CPRPage_EnrollnowForm(CPR.java:117)
at java.base/java.util.ArrayList.forEach(ArrayList.java:1511)
... Removed 28 stack frames]]>
    </failure>
  </testcase> <!-- CPRPage_EnrollnowForm -->
</testsuite> <!-- CPR -->
