<?xml version="1.0" encoding="UTF-8"?>
<!-- Generated by org.testng.reporters.JUnitXMLReporter -->
<testsuite ignored="0" hostname="DESKTOP-LL1B83L" failures="0" tests="3" name="ElderCare" time="55.643" errors="0" timestamp="2025-11-21T12:35:57 IST">
  <testcase classname="Medanta_Form.ElderCare" name="ElderCareProgramPage_RequestACallbackForm" time="10.675"/>
  <testcase classname="Medanta_Form.ElderCare" name="ElderCareProgramPage_EnrollNowForm" time="20.192"/>
  <testcase classname="Medanta_Form.ElderCare" name="ElderCareProgramPage_EnquiryForm" time="15.918"/>
</testsuite> <!-- ElderCare -->
