<?xml version="1.0" encoding="UTF-8"?>
<!-- Generated by org.testng.reporters.JUnitXMLReporter -->
<testsuite ignored="0" hostname="DESKTOP-LL1B83L" failures="0" tests="3" name="ElderCare" time="47.85" errors="0" timestamp="2025-11-21T13:29:36 IST">
  <testcase classname="Medanta_Form.ElderCare" name="ElderCareProgramPage_RequestACallbackForm" time="7.275"/>
  <testcase classname="Medanta_Form.ElderCare" name="ElderCareProgramPage_EnrollNowForm" time="19.056"/>
  <testcase classname="Medanta_Form.ElderCare" name="ElderCareProgramPage_EnquiryForm" time="15.579"/>
</testsuite> <!-- ElderCare -->
