<?xml version="1.0" encoding="UTF-8"?>
<!-- Generated by org.testng.reporters.JUnitXMLReporter -->
<testsuite ignored="0" hostname="DESKTOP-LL1B83L" failures="0" tests="3" name="ElderCare" time="57.493" errors="0" timestamp="2025-11-20T14:28:29 IST">
  <testcase classname="Medanta_Form.ElderCare" name="ElderCareProgramPage_RequestACallbackForm" time="11.171"/>
  <testcase classname="Medanta_Form.ElderCare" name="ElderCareProgramPage_EnrollNowForm" time="21.149"/>
  <testcase classname="Medanta_Form.ElderCare" name="ElderCareProgramPage_EnquiryForm" time="16.851"/>
</testsuite> <!-- ElderCare -->
