<?xml version="1.0" encoding="UTF-8"?>
<!-- Generated by org.testng.reporters.JUnitXMLReporter -->
<testsuite ignored="0" hostname="DESKTOP-LL1B83L" failures="1" tests="1" name="ElderCare" time="25.735" errors="0" timestamp="2025-12-25T23:11:14 IST">
  <testcase classname="Medanta_Form.ElderCare_RequestACallbackForm" name="ElderCareProgramPage_RequestACallbackForm" time="22.963">
    <failure type="java.lang.AssertionError" message="ElderCare_RequestACallbackForm Request Callback validation failed: Name=Dipesh | Mobile=123 | Email=dipesh@yopmail.com | Message=Test | Errors =&amp;gt; Mobile Error: Please enter 10 digit mobile number | ">
      <![CDATA[java.lang.AssertionError: ElderCare_RequestACallbackForm Request Callback validation failed: Name=Dipesh | Mobile=123 | Email=dipesh@yopmail.com | Message=Test | Errors => Mobile Error: Please enter 10 digit mobile number | 
at Medanta_Form.ElderCare_RequestACallbackForm.ElderCareProgramPage_RequestACallbackForm(ElderCare_RequestACallbackForm.java:91)
at java.base/java.util.ArrayList.forEach(ArrayList.java:1511)
... Removed 28 stack frames]]>
    </failure>
  </testcase> <!-- ElderCareProgramPage_RequestACallbackForm -->
</testsuite> <!-- ElderCare -->
