<?xml version="1.0" encoding="UTF-8"?>
<!-- Generated by org.testng.reporters.JUnitXMLReporter -->
<testsuite ignored="0" hostname="DESKTOP-LL1B83L" failures="0" tests="4" name="HomeCare" time="30.733" errors="0" timestamp="2025-06-18T16:51:13 IST">
  <testcase classname="Medanta_Form.HomeCare" name="TC_01" time="7.119"/>
  <testcase classname="Medanta_Form.HomeCare" name="TC_02" time="0.991"/>
  <testcase classname="Medanta_Form.HomeCare" name="TC_03" time="8.252"/>
  <testcase classname="Medanta_Form.HomeCare" name="TC_04" time="9.49"/>
</testsuite> <!-- HomeCare -->
