<?xml version="1.0" encoding="UTF-8"?>
<!-- Generated by org.testng.reporters.JUnitXMLReporter -->
<testsuite ignored="0" hostname="DESKTOP-LL1B83L" failures="0" tests="4" name="HomeCare" time="34.638" errors="0" timestamp="2025-11-21T13:30:28 IST">
  <testcase classname="Medanta_Form.HomeCare" name="HomeCarePage_RequestACallbackForm" time="7.707"/>
  <testcase classname="Medanta_Form.HomeCare" name="HomeCarePage_EnquiryForm" time="1.872"/>
  <testcase classname="Medanta_Form.HomeCare" name="HomeCarePage_StrokeRehabilitationProgramPage_QueryForm" time="7.909"/>
  <testcase classname="Medanta_Form.HomeCare" name="HomeCarePage_ElderCareProgramPage_QueryForm" time="9.263"/>
</testsuite> <!-- HomeCare -->
