<?xml version="1.0" encoding="UTF-8"?>
<!-- Generated by org.testng.reporters.JUnitXMLReporter -->
<testsuite ignored="0" hostname="DESKTOP-LL1B83L" failures="1" tests="1" name="MedantaLabs" time="42.094" errors="0" timestamp="2026-02-22T17:58:48 IST">
  <testcase classname="Medanta_Form.MedantaLabs" name="MedantaLabsPage_RequestACallbackForm" time="40.888">
    <failure type="java.lang.AssertionError" message="Medanta Labs form failed -&amp;gt; ❌ SERVER_FAIL | https://www.medanta.org/medanta-labs | Advanced Diagnostic Tests &amp;amp; Reliable Lab Services">
      <![CDATA[java.lang.AssertionError: Medanta Labs form failed -> ❌ SERVER_FAIL | https://www.medanta.org/medanta-labs | Advanced Diagnostic Tests & Reliable Lab Services
at Medanta_Form.MedantaLabs.MedantaLabsPage_RequestACallbackForm(MedantaLabs.java:136)
at java.base/java.util.ArrayList.forEach(ArrayList.java:1511)
... Removed 28 stack frames]]>
    </failure>
  </testcase> <!-- MedantaLabsPage_RequestACallbackForm -->
</testsuite> <!-- MedantaLabs -->
