<?xml version="1.0" encoding="UTF-8"?>
<!-- Generated by org.testng.reporters.JUnitXMLReporter -->
<testsuite ignored="0" hostname="DESKTOP-LL1B83L" failures="1" tests="2" name="MedantaPharmacy" time="38.732" errors="0" timestamp="2025-12-25T23:14:56 IST">
  <testcase classname="Medanta_Form.MedantaPharmacy_RequestACallbackForm" name="MedantaPharmacyPage_RequestACallbackForm" time="28.385">
    <failure type="java.lang.AssertionError" message="Request Callback validation failed: Name=Dipesh | Mobile=987 | Email=dipesh@yopmail.com | Message=Test | Errors =&amp;gt; Mobile Error: Please enter 10 digit mobile number | ">
      <![CDATA[java.lang.AssertionError: Request Callback validation failed: Name=Dipesh | Mobile=987 | Email=dipesh@yopmail.com | Message=Test | Errors => Mobile Error: Please enter 10 digit mobile number | 
at Medanta_Form.MedantaPharmacy_RequestACallbackForm.MedantaPharmacyPage_RequestACallbackForm(MedantaPharmacy.java:104)
at java.base/java.util.ArrayList.forEach(ArrayList.java:1511)
... Removed 28 stack frames]]>
    </failure>
  </testcase> <!-- MedantaPharmacyPage_RequestACallbackForm -->
  <testcase classname="Medanta_Form.MedantaPharmacy_RequestACallbackForm" name="MedantaPharmacyPage_UploadForm" time="6.982"/>
</testsuite> <!-- MedantaPharmacy -->
