<?xml version="1.0" encoding="UTF-8"?>
<!-- Generated by org.testng.reporters.JUnitXMLReporter -->
<testsuite ignored="0" hostname="DESKTOP-LL1B83L" failures="3" tests="3" name="RequestACallback" time="78.903" errors="0" timestamp="2025-12-25T23:16:40 IST">
  <testcase classname="Medanta_Form.Telemedicine" name="Telemedicine_RequestACallbackForm" time="22.012">
    <failure type="java.lang.AssertionError" message="Telemedicine validation failed: Name=Dipesh | Mobile=98 | Email=dipesh@yopmail.com | Errors =&amp;gt; Mobile Error: Please enter 10 digit mobile number | ">
      <![CDATA[java.lang.AssertionError: Telemedicine validation failed: Name=Dipesh | Mobile=98 | Email=dipesh@yopmail.com | Errors => Mobile Error: Please enter 10 digit mobile number | 
at Medanta_Form.Telemedicine.Telemedicine_RequestACallbackForm(RequestACallback.java:86)
at java.base/java.util.ArrayList.forEach(ArrayList.java:1511)
... Removed 28 stack frames]]>
    </failure>
  </testcase> <!-- Telemedicine_RequestACallbackForm -->
  <testcase classname="Medanta_Form.Telemedicine" name="AirAmbulance_RequestACallbackForm" time="22.16">
    <failure type="java.lang.AssertionError" message="Air Ambulance validation failed: Name=Dipesh | Mobile=98 | Email=dipesh@yopmail.com | Errors =&amp;gt; Mobile Error: Please enter 10 digit mobile number | ">
      <![CDATA[java.lang.AssertionError: Air Ambulance validation failed: Name=Dipesh | Mobile=98 | Email=dipesh@yopmail.com | Errors => Mobile Error: Please enter 10 digit mobile number | 
at Medanta_Form.Telemedicine.AirAmbulance_RequestACallbackForm(RequestACallback.java:150)
at java.base/java.util.ArrayList.forEach(ArrayList.java:1511)
... Removed 28 stack frames]]>
    </failure>
  </testcase> <!-- AirAmbulance_RequestACallbackForm -->
  <testcase classname="Medanta_Form.Telemedicine" name="HealthCheckup_RequestACallbackForm" time="31.483">
    <failure type="java.lang.AssertionError" message="Health Checkup validation failed: Name=Dipesh | Mobile=98 | Email=dipesh@yopmail.com | Errors =&amp;gt; Mobile Error: Please enter 10 digit mobile number | ">
      <![CDATA[java.lang.AssertionError: Health Checkup validation failed: Name=Dipesh | Mobile=98 | Email=dipesh@yopmail.com | Errors => Mobile Error: Please enter 10 digit mobile number | 
at Medanta_Form.Telemedicine.HealthCheckup_RequestACallbackForm(RequestACallback.java:215)
at java.base/java.util.ArrayList.forEach(ArrayList.java:1511)
... Removed 28 stack frames]]>
    </failure>
  </testcase> <!-- HealthCheckup_RequestACallbackForm -->
</testsuite> <!-- RequestACallback -->
