<?xml version="1.0" encoding="UTF-8"?>
<!-- Generated by org.testng.reporters.JUnitXMLReporter -->
<testsuite ignored="0" hostname="DESKTOP-LL1B83L" failures="1" tests="1" name="updateEICU" time="34.169" errors="0" timestamp="2026-02-22T18:04:11 IST">
  <testcase classname="Medanta_Form.updateEICU" name="EICUPage_RequestACallbackForm" time="32.615">
    <failure type="java.lang.AssertionError" message="EICU form failed -&amp;gt; ❌ SERVER_FAIL | https://www.medanta.org/eicu | Remote Intensive Care Services with Advanced eICU Support">
      <![CDATA[java.lang.AssertionError: EICU form failed -> ❌ SERVER_FAIL | https://www.medanta.org/eicu | Remote Intensive Care Services with Advanced eICU Support
at Medanta_Form.updateEICU.EICUPage_RequestACallbackForm(updateEICU.java:135)
at java.base/java.util.ArrayList.forEach(ArrayList.java:1511)
... Removed 28 stack frames]]>
    </failure>
  </testcase> <!-- EICUPage_RequestACallbackForm -->
</testsuite> <!-- updateEICU -->
