<?xml version="1.0" encoding="UTF-8"?>
<!-- Generated by org.testng.reporters.JUnitXMLReporter -->
<testsuite ignored="0" hostname="DESKTOP-LL1B83L" failures="0" tests="3" name="ContactUs" time="53.924" errors="0" timestamp="2025-11-21T13:56:11 IST">
  <testcase classname="Medanta_Form.ContactUs" name="ContactUsPage_EnquiryForm" time="11.514"/>
  <testcase classname="Medanta_Form.ContactUs" name="ContactUsPage_FeedbackForm" time="18.431"/>
  <testcase classname="Medanta_Form.ContactUs" name="ContactUsPage_OthersForm" time="18.455"/>
</testsuite> <!-- ContactUs -->
