<?xml version="1.0" encoding="UTF-8"?>
<!-- Generated by org.testng.reporters.JUnitXMLReporter -->
<testsuite ignored="0" hostname="DESKTOP-LL1B83L" failures="0" tests="4" name="HomeCare" time="23.643" errors="0" timestamp="2025-11-21T13:58:03 IST">
  <testcase classname="Medanta_Form.HomeCare" name="HomeCarePage_RequestACallbackForm" time="5.912"/>
  <testcase classname="Medanta_Form.HomeCare" name="HomeCarePage_EnquiryForm" time="1.791"/>
  <testcase classname="Medanta_Form.HomeCare" name="HomeCarePage_StrokeRehabilitationProgramPage_QueryForm" time="5.576"/>
  <testcase classname="Medanta_Form.HomeCare" name="HomeCarePage_ElderCareProgramPage_QueryForm" time="5.133"/>
</testsuite> <!-- HomeCare -->
