<?xml version="1.0" encoding="UTF-8"?>
<!-- Generated by org.testng.reporters.JUnitXMLReporter -->
<testsuite ignored="0" hostname="DESKTOP-LL1B83L" failures="0" tests="3" name="RequestACallback" time="35.285" errors="0" timestamp="2025-11-21T13:59:51 IST">
  <testcase classname="Medanta_Form.RequestACallback" name="TelemedicinePage_RequestACallbackForm" time="9.978"/>
  <testcase classname="Medanta_Form.RequestACallback" name="Air_Ambulance" time="8.147"/>
  <testcase classname="Medanta_Form.RequestACallback" name="Health_Checkup" time="11.106"/>
</testsuite> <!-- RequestACallback -->
