<?xml version="1.0" encoding="UTF-8"?>
<testng-results ignored="0" total="30" passed="30" failed="0" skipped="0">
  <reporter-output>
  </reporter-output>
  <suite started-at="2025-11-21T13:54:29 IST" name="Suite" finished-at="2025-11-21T14:01:20 IST" duration-ms="411039">
    <groups>
    </groups>
    <test started-at="2025-11-21T13:54:29 IST" name="AilmentDP" finished-at="2025-11-21T13:54:48 IST" duration-ms="19044">
      <class name="Medanta_Form.AilmentDP">
        <test-method is-config="true" signature="Openbrowser()[pri:0, instance:Medanta_Form.AilmentDP@294425a7]" started-at="2025-11-21T13:54:29 IST" name="Openbrowser" finished-at="2025-11-21T13:54:38 IST" duration-ms="8979" status="PASS">
          <reporter-output>
          </reporter-output>
        </test-method> <!-- Openbrowser -->
        <test-method signature="AilmentDetailPage_RequestCallBackForm()[pri:1, instance:Medanta_Form.AilmentDP@294425a7]" started-at="2025-11-21T13:54:38 IST" name="AilmentDetailPage_RequestCallBackForm" finished-at="2025-11-21T13:54:47 IST" duration-ms="8832" status="PASS">
          <reporter-output>
          </reporter-output>
        </test-method> <!-- AilmentDetailPage_RequestCallBackForm -->
        <test-method is-config="true" signature="TearDown()[pri:0, instance:Medanta_Form.AilmentDP@294425a7]" started-at="2025-11-21T13:54:47 IST" name="TearDown" finished-at="2025-11-21T13:54:48 IST" duration-ms="1164" status="PASS">
          <reporter-output>
          </reporter-output>
        </test-method> <!-- TearDown -->
      </class> <!-- Medanta_Form.AilmentDP -->
    </test> <!-- AilmentDP -->
    <test started-at="2025-11-21T13:54:48 IST" name="BecomeAPartner" finished-at="2025-11-21T13:55:04 IST" duration-ms="15673">
      <class name="Medanta_Form.BecomeAPartner">
        <test-method is-config="true" signature="Openbrowser()[pri:0, instance:Medanta_Form.BecomeAPartner@6069db50]" started-at="2025-11-21T13:54:48 IST" name="Openbrowser" finished-at="2025-11-21T13:54:53 IST" duration-ms="4999" status="PASS">
          <reporter-output>
          </reporter-output>
        </test-method> <!-- Openbrowser -->
        <test-method signature="BecomeAPartnerPage_BusinessModelForm()[pri:1, instance:Medanta_Form.BecomeAPartner@6069db50]" started-at="2025-11-21T13:54:53 IST" name="BecomeAPartnerPage_BusinessModelForm" finished-at="2025-11-21T13:55:03 IST" duration-ms="10246" status="PASS">
          <reporter-output>
          </reporter-output>
        </test-method> <!-- BecomeAPartnerPage_BusinessModelForm -->
        <test-method is-config="true" signature="TearDown()[pri:0, instance:Medanta_Form.BecomeAPartner@6069db50]" started-at="2025-11-21T13:55:03 IST" name="TearDown" finished-at="2025-11-21T13:55:04 IST" duration-ms="425" status="PASS">
          <reporter-output>
          </reporter-output>
        </test-method> <!-- TearDown -->
      </class> <!-- Medanta_Form.BecomeAPartner -->
    </test> <!-- BecomeAPartner -->
    <test started-at="2025-11-21T13:55:04 IST" name="BlogDP" finished-at="2025-11-21T13:55:17 IST" duration-ms="13645">
      <class name="Medanta_Form.BlogDP">
        <test-method is-config="true" signature="Openbrowser()[pri:0, instance:Medanta_Form.BlogDP@67c27493]" started-at="2025-11-21T13:55:04 IST" name="Openbrowser" finished-at="2025-11-21T13:55:09 IST" duration-ms="4864" status="PASS">
          <reporter-output>
          </reporter-output>
        </test-method> <!-- Openbrowser -->
        <test-method signature="BlogDetailPage_QueryForm()[pri:1, instance:Medanta_Form.BlogDP@67c27493]" started-at="2025-11-21T13:55:09 IST" name="BlogDetailPage_QueryForm" finished-at="2025-11-21T13:55:17 IST" duration-ms="8445" status="PASS">
          <reporter-output>
          </reporter-output>
        </test-method> <!-- BlogDetailPage_QueryForm -->
        <test-method is-config="true" signature="TearDown()[pri:0, instance:Medanta_Form.BlogDP@67c27493]" started-at="2025-11-21T13:55:17 IST" name="TearDown" finished-at="2025-11-21T13:55:17 IST" duration-ms="334" status="PASS">
          <reporter-output>
          </reporter-output>
        </test-method> <!-- TearDown -->
      </class> <!-- Medanta_Form.BlogDP -->
    </test> <!-- BlogDP -->
    <test started-at="2025-11-21T13:55:17 IST" name="ContactUs" finished-at="2025-11-21T13:56:11 IST" duration-ms="53924">
      <class name="Medanta_Form.ContactUs">
        <test-method is-config="true" signature="Openbrowser()[pri:0, instance:Medanta_Form.ContactUs@55183b20]" started-at="2025-11-21T13:55:17 IST" name="Openbrowser" finished-at="2025-11-21T13:55:22 IST" duration-ms="4824" status="PASS">
          <reporter-output>
          </reporter-output>
        </test-method> <!-- Openbrowser -->
        <test-method signature="ContactUsPage_EnquiryForm()[pri:1, instance:Medanta_Form.ContactUs@55183b20]" started-at="2025-11-21T13:55:22 IST" name="ContactUsPage_EnquiryForm" finished-at="2025-11-21T13:55:34 IST" duration-ms="11514" status="PASS">
          <reporter-output>
          </reporter-output>
        </test-method> <!-- ContactUsPage_EnquiryForm -->
        <test-method signature="ContactUsPage_FeedbackForm()[pri:2, instance:Medanta_Form.ContactUs@55183b20]" started-at="2025-11-21T13:55:34 IST" name="ContactUsPage_FeedbackForm" finished-at="2025-11-21T13:55:52 IST" duration-ms="18431" status="PASS">
          <reporter-output>
          </reporter-output>
        </test-method> <!-- ContactUsPage_FeedbackForm -->
        <test-method signature="ContactUsPage_OthersForm()[pri:3, instance:Medanta_Form.ContactUs@55183b20]" started-at="2025-11-21T13:55:52 IST" name="ContactUsPage_OthersForm" finished-at="2025-11-21T13:56:11 IST" duration-ms="18455" status="PASS">
          <reporter-output>
          </reporter-output>
        </test-method> <!-- ContactUsPage_OthersForm -->
        <test-method is-config="true" signature="TearDown()[pri:0, instance:Medanta_Form.ContactUs@55183b20]" started-at="2025-11-21T13:56:11 IST" name="TearDown" finished-at="2025-11-21T13:56:11 IST" duration-ms="696" status="PASS">
          <reporter-output>
          </reporter-output>
        </test-method> <!-- TearDown -->
      </class> <!-- Medanta_Form.ContactUs -->
    </test> <!-- ContactUs -->
    <test started-at="2025-11-21T13:56:11 IST" name="CPR" finished-at="2025-11-21T13:56:24 IST" duration-ms="12553">
      <class name="Medanta_Form.CPR">
        <test-method is-config="true" signature="Openbrowser()[pri:0, instance:Medanta_Form.CPR@409bf450]" started-at="2025-11-21T13:56:11 IST" name="Openbrowser" finished-at="2025-11-21T13:56:16 IST" duration-ms="4716" status="PASS">
          <reporter-output>
          </reporter-output>
        </test-method> <!-- Openbrowser -->
        <test-method signature="CPRPage_EnrollnowForm()[pri:0, instance:Medanta_Form.CPR@409bf450]" started-at="2025-11-21T13:56:16 IST" name="CPRPage_EnrollnowForm" finished-at="2025-11-21T13:56:24 IST" duration-ms="7439" status="PASS">
          <reporter-output>
          </reporter-output>
        </test-method> <!-- CPRPage_EnrollnowForm -->
        <test-method is-config="true" signature="TearDown()[pri:0, instance:Medanta_Form.CPR@409bf450]" started-at="2025-11-21T13:56:24 IST" name="TearDown" finished-at="2025-11-21T13:56:24 IST" duration-ms="394" status="PASS">
          <reporter-output>
          </reporter-output>
        </test-method> <!-- TearDown -->
      </class> <!-- Medanta_Form.CPR -->
    </test> <!-- CPR -->
    <test started-at="2025-11-21T13:56:24 IST" name="CulturalEDP" finished-at="2025-11-21T13:56:36 IST" duration-ms="12432">
      <class name="Medanta_Form.CulturalEDP">
        <test-method is-config="true" signature="Openbrowser()[pri:0, instance:Medanta_Form.CulturalEDP@459e9125]" started-at="2025-11-21T13:56:24 IST" name="Openbrowser" finished-at="2025-11-21T13:56:29 IST" duration-ms="4688" status="PASS">
          <reporter-output>
          </reporter-output>
        </test-method> <!-- Openbrowser -->
        <test-method signature="CulturalEventDetailPage_QueryForm()[pri:0, instance:Medanta_Form.CulturalEDP@459e9125]" started-at="2025-11-21T13:56:29 IST" name="CulturalEventDetailPage_QueryForm" finished-at="2025-11-21T13:56:36 IST" duration-ms="7328" status="PASS">
          <reporter-output>
          </reporter-output>
        </test-method> <!-- CulturalEventDetailPage_QueryForm -->
        <test-method is-config="true" signature="TearDown()[pri:0, instance:Medanta_Form.CulturalEDP@459e9125]" started-at="2025-11-21T13:56:36 IST" name="TearDown" finished-at="2025-11-21T13:56:36 IST" duration-ms="414" status="PASS">
          <reporter-output>
          </reporter-output>
        </test-method> <!-- TearDown -->
      </class> <!-- Medanta_Form.CulturalEDP -->
    </test> <!-- CulturalEDP -->
    <test started-at="2025-11-21T13:56:36 IST" name="ElderCare" finished-at="2025-11-21T13:57:24 IST" duration-ms="48020">
      <class name="Medanta_Form.ElderCare">
        <test-method is-config="true" signature="Openbrowser()[pri:0, instance:Medanta_Form.ElderCare@48f2bd5b]" started-at="2025-11-21T13:56:36 IST" name="Openbrowser" finished-at="2025-11-21T13:56:42 IST" duration-ms="5236" status="PASS">
          <reporter-output>
          </reporter-output>
        </test-method> <!-- Openbrowser -->
        <test-method signature="ElderCareProgramPage_RequestACallbackForm()[pri:1, instance:Medanta_Form.ElderCare@48f2bd5b]" started-at="2025-11-21T13:56:42 IST" name="ElderCareProgramPage_RequestACallbackForm" finished-at="2025-11-21T13:56:48 IST" duration-ms="6102" status="PASS">
          <reporter-output>
          </reporter-output>
        </test-method> <!-- ElderCareProgramPage_RequestACallbackForm -->
        <test-method signature="ElderCareProgramPage_EnrollNowForm()[pri:2, instance:Medanta_Form.ElderCare@48f2bd5b]" started-at="2025-11-21T13:56:48 IST" name="ElderCareProgramPage_EnrollNowForm" finished-at="2025-11-21T13:57:08 IST" duration-ms="20338" status="PASS">
          <reporter-output>
          </reporter-output>
        </test-method> <!-- ElderCareProgramPage_EnrollNowForm -->
        <test-method signature="ElderCareProgramPage_EnquiryForm()[pri:3, instance:Medanta_Form.ElderCare@48f2bd5b]" started-at="2025-11-21T13:57:08 IST" name="ElderCareProgramPage_EnquiryForm" finished-at="2025-11-21T13:57:24 IST" duration-ms="15602" status="PASS">
          <reporter-output>
          </reporter-output>
        </test-method> <!-- ElderCareProgramPage_EnquiryForm -->
        <test-method is-config="true" signature="TearDown()[pri:0, instance:Medanta_Form.ElderCare@48f2bd5b]" started-at="2025-11-21T13:57:24 IST" name="TearDown" finished-at="2025-11-21T13:57:24 IST" duration-ms="737" status="PASS">
          <reporter-output>
          </reporter-output>
        </test-method> <!-- TearDown -->
      </class> <!-- Medanta_Form.ElderCare -->
    </test> <!-- ElderCare -->
    <test started-at="2025-11-21T13:57:24 IST" name="Headerform" finished-at="2025-11-21T13:57:40 IST" duration-ms="15259">
      <class name="Medanta_Form.Headerform">
        <test-method is-config="true" signature="Openbrowser()[pri:0, instance:Medanta_Form.Headerform@55182842]" started-at="2025-11-21T13:57:24 IST" name="Openbrowser" finished-at="2025-11-21T13:57:31 IST" duration-ms="6256" status="PASS">
          <reporter-output>
          </reporter-output>
        </test-method> <!-- Openbrowser -->
        <test-method signature="Header_RequestACallBackForm()[pri:0, instance:Medanta_Form.Headerform@55182842]" started-at="2025-11-21T13:57:31 IST" name="Header_RequestACallBackForm" finished-at="2025-11-21T13:57:39 IST" duration-ms="8611" status="PASS">
          <reporter-output>
          </reporter-output>
        </test-method> <!-- Header_RequestACallBackForm -->
        <test-method is-config="true" signature="TearDown()[pri:0, instance:Medanta_Form.Headerform@55182842]" started-at="2025-11-21T13:57:39 IST" name="TearDown" finished-at="2025-11-21T13:57:40 IST" duration-ms="390" status="PASS">
          <reporter-output>
          </reporter-output>
        </test-method> <!-- TearDown -->
      </class> <!-- Medanta_Form.Headerform -->
    </test> <!-- Headerform -->
    <test started-at="2025-11-21T13:57:40 IST" name="HomeCare" finished-at="2025-11-21T13:58:03 IST" duration-ms="23643">
      <class name="Medanta_Form.HomeCare">
        <test-method is-config="true" signature="Openbrowser()[pri:0, instance:Medanta_Form.HomeCare@71d44a3]" started-at="2025-11-21T13:57:40 IST" name="Openbrowser" finished-at="2025-11-21T13:57:45 IST" duration-ms="4903" status="PASS">
          <reporter-output>
          </reporter-output>
        </test-method> <!-- Openbrowser -->
        <test-method signature="HomeCarePage_RequestACallbackForm()[pri:1, instance:Medanta_Form.HomeCare@71d44a3]" started-at="2025-11-21T13:57:45 IST" name="HomeCarePage_RequestACallbackForm" finished-at="2025-11-21T13:57:51 IST" duration-ms="5912" status="PASS">
          <reporter-output>
          </reporter-output>
        </test-method> <!-- HomeCarePage_RequestACallbackForm -->
        <test-method signature="HomeCarePage_EnquiryForm()[pri:2, instance:Medanta_Form.HomeCare@71d44a3]" started-at="2025-11-21T13:57:51 IST" name="HomeCarePage_EnquiryForm" finished-at="2025-11-21T13:57:52 IST" duration-ms="1791" status="PASS">
          <reporter-output>
          </reporter-output>
        </test-method> <!-- HomeCarePage_EnquiryForm -->
        <test-method signature="HomeCarePage_StrokeRehabilitationProgramPage_QueryForm()[pri:3, instance:Medanta_Form.HomeCare@71d44a3]" started-at="2025-11-21T13:57:52 IST" name="HomeCarePage_StrokeRehabilitationProgramPage_QueryForm" finished-at="2025-11-21T13:57:58 IST" duration-ms="5576" status="PASS">
          <reporter-output>
          </reporter-output>
        </test-method> <!-- HomeCarePage_StrokeRehabilitationProgramPage_QueryForm -->
        <test-method signature="HomeCarePage_ElderCareProgramPage_QueryForm()[pri:4, instance:Medanta_Form.HomeCare@71d44a3]" started-at="2025-11-21T13:57:58 IST" name="HomeCarePage_ElderCareProgramPage_QueryForm" finished-at="2025-11-21T13:58:03 IST" duration-ms="5133" status="PASS">
          <reporter-output>
          </reporter-output>
        </test-method> <!-- HomeCarePage_ElderCareProgramPage_QueryForm -->
        <test-method is-config="true" signature="TearDown()[pri:0, instance:Medanta_Form.HomeCare@71d44a3]" started-at="2025-11-21T13:58:03 IST" name="TearDown" finished-at="2025-11-21T13:58:03 IST" duration-ms="321" status="PASS">
          <reporter-output>
          </reporter-output>
        </test-method> <!-- TearDown -->
      </class> <!-- Medanta_Form.HomeCare -->
    </test> <!-- HomeCare -->
    <test started-at="2025-11-21T13:58:03 IST" name="InternationalP" finished-at="2025-11-21T13:58:17 IST" duration-ms="13902">
      <class name="Medanta_Form.InternationalP">
        <test-method is-config="true" signature="Openbrowser()[pri:0, instance:Medanta_Form.InternationalP@3e694b3f]" started-at="2025-11-21T13:58:03 IST" name="Openbrowser" finished-at="2025-11-21T13:58:09 IST" duration-ms="5502" status="PASS">
          <reporter-output>
          </reporter-output>
        </test-method> <!-- Openbrowser -->
        <test-method signature="InternationalPatientsPage_QueryForm()[pri:1, instance:Medanta_Form.InternationalP@3e694b3f]" started-at="2025-11-21T13:58:09 IST" name="InternationalPatientsPage_QueryForm" finished-at="2025-11-21T13:58:17 IST" duration-ms="8026" status="PASS">
          <reporter-output>
          </reporter-output>
        </test-method> <!-- InternationalPatientsPage_QueryForm -->
        <test-method is-config="true" signature="TearDown()[pri:0, instance:Medanta_Form.InternationalP@3e694b3f]" started-at="2025-11-21T13:58:17 IST" name="TearDown" finished-at="2025-11-21T13:58:17 IST" duration-ms="373" status="PASS">
          <reporter-output>
          </reporter-output>
        </test-method> <!-- TearDown -->
      </class> <!-- Medanta_Form.InternationalP -->
    </test> <!-- InternationalP -->
    <test started-at="2025-11-21T13:58:17 IST" name="landingHealth" finished-at="2025-11-21T13:58:32 IST" duration-ms="14325">
      <class name="Medanta_Form.landingHealth">
        <test-method is-config="true" signature="Openbrowser()[pri:0, instance:Medanta_Form.landingHealth@33d512c1]" started-at="2025-11-21T13:58:17 IST" name="Openbrowser" finished-at="2025-11-21T13:58:22 IST" duration-ms="5137" status="PASS">
          <reporter-output>
          </reporter-output>
        </test-method> <!-- Openbrowser -->
        <test-method signature="LandingHealth_Page_QueryForm()[pri:1, instance:Medanta_Form.landingHealth@33d512c1]" started-at="2025-11-21T13:58:22 IST" name="LandingHealth_Page_QueryForm" finished-at="2025-11-21T13:58:30 IST" duration-ms="7825" status="PASS">
          <reporter-output>
          </reporter-output>
        </test-method> <!-- LandingHealth_Page_QueryForm -->
        <test-method is-config="true" signature="TearDown()[pri:0, instance:Medanta_Form.landingHealth@33d512c1]" started-at="2025-11-21T13:58:30 IST" name="TearDown" finished-at="2025-11-21T13:58:32 IST" duration-ms="1360" status="PASS">
          <reporter-output>
          </reporter-output>
        </test-method> <!-- TearDown -->
      </class> <!-- Medanta_Form.landingHealth -->
    </test> <!-- landingHealth -->
    <test started-at="2025-11-21T13:58:32 IST" name="MedantaLabs" finished-at="2025-11-21T13:58:46 IST" duration-ms="14114">
      <class name="Medanta_Form.MedantaLabs">
        <test-method is-config="true" signature="Openbrowser()[pri:0, instance:Medanta_Form.MedantaLabs@74235045]" started-at="2025-11-21T13:58:32 IST" name="Openbrowser" finished-at="2025-11-21T13:58:37 IST" duration-ms="5260" status="PASS">
          <reporter-output>
          </reporter-output>
        </test-method> <!-- Openbrowser -->
        <test-method signature="MedantaLabsPage_RequestACallbackForm()[pri:1, instance:Medanta_Form.MedantaLabs@74235045]" started-at="2025-11-21T13:58:37 IST" name="MedantaLabsPage_RequestACallbackForm" finished-at="2025-11-21T13:58:45 IST" duration-ms="8116" status="PASS">
          <reporter-output>
          </reporter-output>
        </test-method> <!-- MedantaLabsPage_RequestACallbackForm -->
        <test-method is-config="true" signature="TearDown()[pri:0, instance:Medanta_Form.MedantaLabs@74235045]" started-at="2025-11-21T13:58:45 IST" name="TearDown" finished-at="2025-11-21T13:58:46 IST" duration-ms="736" status="PASS">
          <reporter-output>
          </reporter-output>
        </test-method> <!-- TearDown -->
      </class> <!-- Medanta_Form.MedantaLabs -->
    </test> <!-- MedantaLabs -->
    <test started-at="2025-11-21T13:58:46 IST" name="MedantaPharmacy" finished-at="2025-11-21T13:59:01 IST" duration-ms="15438">
      <class name="Medanta_Form.MedantaPharmacy">
        <test-method is-config="true" signature="Openbrowser()[pri:0, instance:Medanta_Form.MedantaPharmacy@6b2ea799]" started-at="2025-11-21T13:58:46 IST" name="Openbrowser" finished-at="2025-11-21T13:58:52 IST" duration-ms="6613" status="PASS">
          <reporter-output>
          </reporter-output>
        </test-method> <!-- Openbrowser -->
        <test-method signature="MedantaPharmacyPage_RequestACallbackForm()[pri:0, instance:Medanta_Form.MedantaPharmacy@6b2ea799]" started-at="2025-11-21T13:58:52 IST" name="MedantaPharmacyPage_RequestACallbackForm" finished-at="2025-11-21T13:58:59 IST" duration-ms="6468" status="PASS">
          <reporter-output>
          </reporter-output>
        </test-method> <!-- MedantaPharmacyPage_RequestACallbackForm -->
        <test-method signature="TC_02()[pri:0, instance:Medanta_Form.MedantaPharmacy@6b2ea799]" started-at="2025-11-21T13:58:59 IST" name="TC_02" finished-at="2025-11-21T13:59:01 IST" duration-ms="1802" status="PASS">
          <reporter-output>
          </reporter-output>
        </test-method> <!-- TC_02 -->
        <test-method is-config="true" signature="TearDown()[pri:0, instance:Medanta_Form.MedantaPharmacy@6b2ea799]" started-at="2025-11-21T13:59:01 IST" name="TearDown" finished-at="2025-11-21T13:59:01 IST" duration-ms="548" status="PASS">
          <reporter-output>
          </reporter-output>
        </test-method> <!-- TearDown -->
      </class> <!-- Medanta_Form.MedantaPharmacy -->
    </test> <!-- MedantaPharmacy -->
    <test started-at="2025-11-21T13:59:01 IST" name="planYT" finished-at="2025-11-21T13:59:16 IST" duration-ms="14436">
      <class name="Medanta_Form.planYT">
        <test-method is-config="true" signature="Openbrowser()[pri:0, instance:Medanta_Form.planYT@3754a4bf]" started-at="2025-11-21T13:59:01 IST" name="Openbrowser" finished-at="2025-11-21T13:59:07 IST" duration-ms="5643" status="PASS">
          <reporter-output>
          </reporter-output>
        </test-method> <!-- Openbrowser -->
        <test-method signature="PlanYourTripPage_QueryForm()[pri:1, instance:Medanta_Form.planYT@3754a4bf]" started-at="2025-11-21T13:59:07 IST" name="PlanYourTripPage_QueryForm" finished-at="2025-11-21T13:59:15 IST" duration-ms="8438" status="PASS">
          <reporter-output>
          </reporter-output>
        </test-method> <!-- PlanYourTripPage_QueryForm -->
        <test-method is-config="true" signature="TearDown()[pri:0, instance:Medanta_Form.planYT@3754a4bf]" started-at="2025-11-21T13:59:15 IST" name="TearDown" finished-at="2025-11-21T13:59:16 IST" duration-ms="352" status="PASS">
          <reporter-output>
          </reporter-output>
        </test-method> <!-- TearDown -->
      </class> <!-- Medanta_Form.planYT -->
    </test> <!-- planYT -->
    <test started-at="2025-11-21T13:59:16 IST" name="RequestACallback" finished-at="2025-11-21T13:59:51 IST" duration-ms="35285">
      <class name="Medanta_Form.RequestACallback">
        <test-method is-config="true" signature="Openbrowser()[pri:0, instance:Medanta_Form.RequestACallback@7c7a06ec]" started-at="2025-11-21T13:59:16 IST" name="Openbrowser" finished-at="2025-11-21T13:59:21 IST" duration-ms="5127" status="PASS">
          <reporter-output>
          </reporter-output>
        </test-method> <!-- Openbrowser -->
        <test-method signature="TelemedicinePage_RequestACallbackForm()[pri:1, instance:Medanta_Form.RequestACallback@7c7a06ec]" started-at="2025-11-21T13:59:21 IST" name="TelemedicinePage_RequestACallbackForm" finished-at="2025-11-21T13:59:31 IST" duration-ms="9978" status="PASS">
          <reporter-output>
          </reporter-output>
        </test-method> <!-- TelemedicinePage_RequestACallbackForm -->
        <test-method signature="Air_Ambulance()[pri:2, instance:Medanta_Form.RequestACallback@7c7a06ec]" started-at="2025-11-21T13:59:31 IST" name="Air_Ambulance" finished-at="2025-11-21T13:59:39 IST" duration-ms="8147" status="PASS">
          <reporter-output>
          </reporter-output>
        </test-method> <!-- Air_Ambulance -->
        <test-method signature="Health_Checkup()[pri:3, instance:Medanta_Form.RequestACallback@7c7a06ec]" started-at="2025-11-21T13:59:39 IST" name="Health_Checkup" finished-at="2025-11-21T13:59:50 IST" duration-ms="11106" status="PASS">
          <reporter-output>
          </reporter-output>
        </test-method> <!-- Health_Checkup -->
        <test-method is-config="true" signature="TearDown()[pri:0, instance:Medanta_Form.RequestACallback@7c7a06ec]" started-at="2025-11-21T13:59:50 IST" name="TearDown" finished-at="2025-11-21T13:59:51 IST" duration-ms="918" status="PASS">
          <reporter-output>
          </reporter-output>
        </test-method> <!-- TearDown -->
      </class> <!-- Medanta_Form.RequestACallback -->
    </test> <!-- RequestACallback -->
    <test started-at="2025-11-21T13:59:51 IST" name="RequestAnEstimate" finished-at="2025-11-21T14:00:16 IST" duration-ms="25440">
      <class name="Medanta_Form.RequestAnEstimate">
        <test-method is-config="true" signature="Openbrowser()[pri:0, instance:Medanta_Form.RequestAnEstimate@c730b35]" started-at="2025-11-21T13:59:51 IST" name="Openbrowser" finished-at="2025-11-21T14:00:00 IST" duration-ms="8862" status="PASS">
          <reporter-output>
          </reporter-output>
        </test-method> <!-- Openbrowser -->
        <test-method signature="RequestAnEstimatePage_PriceEstimateForm()[pri:1, instance:Medanta_Form.RequestAnEstimate@c730b35]" started-at="2025-11-21T14:00:00 IST" name="RequestAnEstimatePage_PriceEstimateForm" finished-at="2025-11-21T14:00:15 IST" duration-ms="15691" status="PASS">
          <reporter-output>
          </reporter-output>
        </test-method> <!-- RequestAnEstimatePage_PriceEstimateForm -->
        <test-method is-config="true" signature="TearDown()[pri:0, instance:Medanta_Form.RequestAnEstimate@c730b35]" started-at="2025-11-21T14:00:15 IST" name="TearDown" finished-at="2025-11-21T14:00:16 IST" duration-ms="884" status="PASS">
          <reporter-output>
          </reporter-output>
        </test-method> <!-- TearDown -->
      </class> <!-- Medanta_Form.RequestAnEstimate -->
    </test> <!-- RequestAnEstimate -->
    <test started-at="2025-11-21T14:00:16 IST" name="SecondOpiniun" finished-at="2025-11-21T14:00:33 IST" duration-ms="17095">
      <class name="Medanta_Form.SecondOpiniun">
        <test-method is-config="true" signature="Openbrowser()[pri:0, instance:Medanta_Form.SecondOpiniun@34e9fd99]" started-at="2025-11-21T14:00:16 IST" name="Openbrowser" finished-at="2025-11-21T14:00:23 IST" duration-ms="6355" status="PASS">
          <reporter-output>
          </reporter-output>
        </test-method> <!-- Openbrowser -->
        <test-method signature="SecondOpiniunPage_RequestACallbackFrom()[pri:0, instance:Medanta_Form.SecondOpiniun@34e9fd99]" started-at="2025-11-21T14:00:23 IST" name="SecondOpiniunPage_RequestACallbackFrom" finished-at="2025-11-21T14:00:33 IST" duration-ms="10330" status="PASS">
          <reporter-output>
          </reporter-output>
        </test-method> <!-- SecondOpiniunPage_RequestACallbackFrom -->
        <test-method is-config="true" signature="TearDown()[pri:0, instance:Medanta_Form.SecondOpiniun@34e9fd99]" started-at="2025-11-21T14:00:33 IST" name="TearDown" finished-at="2025-11-21T14:00:33 IST" duration-ms="408" status="PASS">
          <reporter-output>
          </reporter-output>
        </test-method> <!-- TearDown -->
      </class> <!-- Medanta_Form.SecondOpiniun -->
    </test> <!-- SecondOpiniun -->
    <test started-at="2025-11-21T14:00:33 IST" name="TechnologyDP" finished-at="2025-11-21T14:00:48 IST" duration-ms="14416">
      <class name="Medanta_Form.TechnologyDP">
        <test-method is-config="true" signature="Openbrowser()[pri:0, instance:Medanta_Form.TechnologyDP@6a6cb05c]" started-at="2025-11-21T14:00:33 IST" name="Openbrowser" finished-at="2025-11-21T14:00:40 IST" duration-ms="6067" status="PASS">
          <reporter-output>
          </reporter-output>
        </test-method> <!-- Openbrowser -->
        <test-method signature="TechnologyDetailPage_QueryForm()[pri:0, instance:Medanta_Form.TechnologyDP@6a6cb05c]" started-at="2025-11-21T14:00:40 IST" name="TechnologyDetailPage_QueryForm" finished-at="2025-11-21T14:00:47 IST" duration-ms="7888" status="PASS">
          <reporter-output>
          </reporter-output>
        </test-method> <!-- TechnologyDetailPage_QueryForm -->
        <test-method is-config="true" signature="TearDown()[pri:0, instance:Medanta_Form.TechnologyDP@6a6cb05c]" started-at="2025-11-21T14:00:47 IST" name="TearDown" finished-at="2025-11-21T14:00:48 IST" duration-ms="457" status="PASS">
          <reporter-output>
          </reporter-output>
        </test-method> <!-- TearDown -->
      </class> <!-- Medanta_Form.TechnologyDP -->
    </test> <!-- TechnologyDP -->
    <test started-at="2025-11-21T14:00:48 IST" name="TreatmentD" finished-at="2025-11-21T14:01:02 IST" duration-ms="13645">
      <class name="Medanta_Form.TreatmentD">
        <test-method is-config="true" signature="Openbrowser()[pri:0, instance:Medanta_Form.TreatmentD@327514f]" started-at="2025-11-21T14:00:48 IST" name="Openbrowser" finished-at="2025-11-21T14:00:53 IST" duration-ms="5529" status="PASS">
          <reporter-output>
          </reporter-output>
        </test-method> <!-- Openbrowser -->
        <test-method signature="TreatmentDetailPage_RequestACallBackForm()[pri:1, instance:Medanta_Form.TreatmentD@327514f]" started-at="2025-11-21T14:00:53 IST" name="TreatmentDetailPage_RequestACallBackForm" finished-at="2025-11-21T14:01:01 IST" duration-ms="7575" status="PASS">
          <reporter-output>
          </reporter-output>
        </test-method> <!-- TreatmentDetailPage_RequestACallBackForm -->
        <test-method is-config="true" signature="TearDown()[pri:0, instance:Medanta_Form.TreatmentD@327514f]" started-at="2025-11-21T14:01:01 IST" name="TearDown" finished-at="2025-11-21T14:01:02 IST" duration-ms="540" status="PASS">
          <reporter-output>
          </reporter-output>
        </test-method> <!-- TearDown -->
      </class> <!-- Medanta_Form.TreatmentD -->
    </test> <!-- TreatmentD -->
    <test started-at="2025-11-21T14:01:02 IST" name="updateEICU" finished-at="2025-11-21T14:01:20 IST" duration-ms="18593">
      <class name="Medanta_Form.updateEICU">
        <test-method is-config="true" signature="Openbrowser()[pri:0, instance:Medanta_Form.updateEICU@815b41f]" started-at="2025-11-21T14:01:02 IST" name="Openbrowser" finished-at="2025-11-21T14:01:08 IST" duration-ms="6379" status="PASS">
          <reporter-output>
          </reporter-output>
        </test-method> <!-- Openbrowser -->
        <test-method signature="EICUPage_RequestACallbackForm()[pri:1, instance:Medanta_Form.updateEICU@815b41f]" started-at="2025-11-21T14:01:08 IST" name="EICUPage_RequestACallbackForm" finished-at="2025-11-21T14:01:19 IST" duration-ms="11562" status="PASS">
          <reporter-output>
          </reporter-output>
        </test-method> <!-- EICUPage_RequestACallbackForm -->
        <test-method is-config="true" signature="TearDown()[pri:0, instance:Medanta_Form.updateEICU@815b41f]" started-at="2025-11-21T14:01:19 IST" name="TearDown" finished-at="2025-11-21T14:01:20 IST" duration-ms="650" status="PASS">
          <reporter-output>
          </reporter-output>
        </test-method> <!-- TearDown -->
      </class> <!-- Medanta_Form.updateEICU -->
    </test> <!-- updateEICU -->
  </suite> <!-- Suite -->
</testng-results>
