<?xml version="1.0" encoding="UTF-8"?>
<testng-results ignored="0" total="3" passed="2" failed="1" skipped="0">
  <reporter-output>
  </reporter-output>
  <suite started-at="2025-11-20T15:18:42 IST" name="Default suite" finished-at="2025-11-20T15:19:50 IST" duration-ms="67990">
    <groups>
    </groups>
    <test started-at="2025-11-20T15:18:42 IST" name="Default test" finished-at="2025-11-20T15:19:50 IST" duration-ms="67990">
      <class name="Medanta_Form.CareerJob">
        <test-method is-config="true" signature="Openbrowser()[pri:0, instance:Medanta_Form.CareerJob@795509d9]" started-at="2025-11-20T15:18:42 IST" name="Openbrowser" finished-at="2025-11-20T15:19:01 IST" duration-ms="18587" status="PASS">
          <reporter-output>
          </reporter-output>
        </test-method> <!-- Openbrowser -->
        <test-method signature="CareerJobPage_CandidateApplication_PersonalDetailsForm()[pri:1, instance:Medanta_Form.CareerJob@795509d9]" started-at="2025-11-20T15:19:01 IST" name="CareerJobPage_CandidateApplication_PersonalDetailsForm" finished-at="2025-11-20T15:19:25 IST" duration-ms="24002" status="PASS">
          <reporter-output>
          </reporter-output>
        </test-method> <!-- CareerJobPage_CandidateApplication_PersonalDetailsForm -->
        <test-method signature="CareerJobPage_CandidateApplication_ProfessionalDetailsForm()[pri:2, instance:Medanta_Form.CareerJob@795509d9]" started-at="2025-11-20T15:19:25 IST" name="CareerJobPage_CandidateApplication_ProfessionalDetailsForm" finished-at="2025-11-20T15:19:48 IST" duration-ms="23018" status="PASS">
          <reporter-output>
          </reporter-output>
        </test-method> <!-- CareerJobPage_CandidateApplication_ProfessionalDetailsForm -->
        <test-method signature="CareerJobPage_CandidateApplication_EducationalQualificationForm()[pri:3, instance:Medanta_Form.CareerJob@795509d9]" started-at="2025-11-20T15:19:48 IST" name="CareerJobPage_CandidateApplication_EducationalQualificationForm" finished-at="2025-11-20T15:19:50 IST" duration-ms="1999" status="FAIL">
          <exception class="org.openqa.selenium.WebDriverException">
            <message>
              <![CDATA[unknown error: path is not absolute: SampleDocs/upload.docx
  (Session info: chrome=142.0.7444.162)
Build info: version: '4.10.0', revision: 'c14d967899'
System info: os.name: 'Windows 11', os.arch: 'amd64', os.version: '10.0', java.version: '17.0.7'
Driver info: org.openqa.selenium.chrome.ChromeDriver
Command: [be5e15bbc1e4dc138ef21399a9079904, sendKeysToElement {id=f.C61636B300BC46354149B299833897C9.d.8694432A4C02349E2A9AA837CBF2F5BF.e.210, value=[Ljava.lang.CharSequence;@27fe059d}]
Capabilities {acceptInsecureCerts: false, browserName: chrome, browserVersion: 142.0.7444.162, chrome: {chromedriverVersion: 142.0.7444.175 (302067f14a4..., userDataDir: C:\Users\LYXELA~1\AppData\L...}, fedcm:accounts: true, goog:chromeOptions: {debuggerAddress: localhost:53262}, goog:processID: 24496, networkConnectionEnabled: false, pageLoadStrategy: normal, platformName: windows, proxy: Proxy(), se:cdp: ws://localhost:53262/devtoo..., se:cdpVersion: 142.0.7444.162, setWindowRect: true, strictFileInteractability: false, timeouts: {implicit: 0, pageLoad: 300000, script: 30000}, unhandledPromptBehavior: dismiss and notify, webauthn:extension:credBlob: true, webauthn:extension:largeBlob: true, webauthn:extension:minPinLength: true, webauthn:extension:prf: true, webauthn:virtualAuthenticators: true}
Element: [[ChromeDriver: chrome on windows (be5e15bbc1e4dc138ef21399a9079904)] -> xpath: (//input[@id='resume'])[2]]
Session ID: be5e15bbc1e4dc138ef21399a9079904]]>
            </message>
            <full-stacktrace>
              <![CDATA[org.openqa.selenium.WebDriverException: unknown error: path is not absolute: SampleDocs/upload.docx
  (Session info: chrome=142.0.7444.162)
Build info: version: '4.10.0', revision: 'c14d967899'
System info: os.name: 'Windows 11', os.arch: 'amd64', os.version: '10.0', java.version: '17.0.7'
Driver info: org.openqa.selenium.chrome.ChromeDriver
Command: [be5e15bbc1e4dc138ef21399a9079904, sendKeysToElement {id=f.C61636B300BC46354149B299833897C9.d.8694432A4C02349E2A9AA837CBF2F5BF.e.210, value=[Ljava.lang.CharSequence;@27fe059d}]
Capabilities {acceptInsecureCerts: false, browserName: chrome, browserVersion: 142.0.7444.162, chrome: {chromedriverVersion: 142.0.7444.175 (302067f14a4..., userDataDir: C:\Users\LYXELA~1\AppData\L...}, fedcm:accounts: true, goog:chromeOptions: {debuggerAddress: localhost:53262}, goog:processID: 24496, networkConnectionEnabled: false, pageLoadStrategy: normal, platformName: windows, proxy: Proxy(), se:cdp: ws://localhost:53262/devtoo..., se:cdpVersion: 142.0.7444.162, setWindowRect: true, strictFileInteractability: false, timeouts: {implicit: 0, pageLoad: 300000, script: 30000}, unhandledPromptBehavior: dismiss and notify, webauthn:extension:credBlob: true, webauthn:extension:largeBlob: true, webauthn:extension:minPinLength: true, webauthn:extension:prf: true, webauthn:virtualAuthenticators: true}
Element: [[ChromeDriver: chrome on windows (be5e15bbc1e4dc138ef21399a9079904)] -> xpath: (//input[@id='resume'])[2]]
Session ID: be5e15bbc1e4dc138ef21399a9079904
at java.base/jdk.internal.reflect.NativeConstructorAccessorImpl.newInstance0(Native Method)
at java.base/jdk.internal.reflect.NativeConstructorAccessorImpl.newInstance(NativeConstructorAccessorImpl.java:77)
at java.base/jdk.internal.reflect.DelegatingConstructorAccessorImpl.newInstance(DelegatingConstructorAccessorImpl.java:45)
at java.base/java.lang.reflect.Constructor.newInstanceWithCaller(Constructor.java:499)
at java.base/java.lang.reflect.Constructor.newInstance(Constructor.java:480)
at org.openqa.selenium.remote.codec.w3c.W3CHttpResponseCodec.createException(W3CHttpResponseCodec.java:199)
at org.openqa.selenium.remote.codec.w3c.W3CHttpResponseCodec.decode(W3CHttpResponseCodec.java:132)
at org.openqa.selenium.remote.codec.w3c.W3CHttpResponseCodec.decode(W3CHttpResponseCodec.java:51)
at org.openqa.selenium.remote.HttpCommandExecutor.execute(HttpCommandExecutor.java:191)
at org.openqa.selenium.remote.service.DriverCommandExecutor.invokeExecute(DriverCommandExecutor.java:196)
at org.openqa.selenium.remote.service.DriverCommandExecutor.execute(DriverCommandExecutor.java:171)
at org.openqa.selenium.remote.RemoteWebDriver.execute(RemoteWebDriver.java:531)
at org.openqa.selenium.remote.RemoteWebElement.execute(RemoteWebElement.java:242)
at org.openqa.selenium.remote.RemoteWebElement.sendKeys(RemoteWebElement.java:111)
at Medanta_Form.CareerJob.CareerJobPage_CandidateApplication_EducationalQualificationForm(CareerJob.java:79)
at java.base/jdk.internal.reflect.NativeMethodAccessorImpl.invoke0(Native Method)
at java.base/jdk.internal.reflect.NativeMethodAccessorImpl.invoke(NativeMethodAccessorImpl.java:77)
at java.base/jdk.internal.reflect.DelegatingMethodAccessorImpl.invoke(DelegatingMethodAccessorImpl.java:43)
at java.base/java.lang.reflect.Method.invoke(Method.java:568)
at org.testng.internal.invokers.MethodInvocationHelper.invokeMethod(MethodInvocationHelper.java:139)
at org.testng.internal.invokers.TestInvoker.invokeMethod(TestInvoker.java:677)
at org.testng.internal.invokers.TestInvoker.invokeTestMethod(TestInvoker.java:221)
at org.testng.internal.invokers.MethodRunner.runInSequence(MethodRunner.java:50)
at org.testng.internal.invokers.TestInvoker$MethodInvocationAgent.invoke(TestInvoker.java:969)
at org.testng.internal.invokers.TestInvoker.invokeTestMethods(TestInvoker.java:194)
at org.testng.internal.invokers.TestMethodWorker.invokeTestMethods(TestMethodWorker.java:148)
at org.testng.internal.invokers.TestMethodWorker.run(TestMethodWorker.java:128)
at java.base/java.util.ArrayList.forEach(ArrayList.java:1511)
at org.testng.TestRunner.privateRun(TestRunner.java:829)
at org.testng.TestRunner.run(TestRunner.java:602)
at org.testng.SuiteRunner.runTest(SuiteRunner.java:437)
at org.testng.SuiteRunner.runSequentially(SuiteRunner.java:431)
at org.testng.SuiteRunner.privateRun(SuiteRunner.java:391)
at org.testng.SuiteRunner.run(SuiteRunner.java:330)
at org.testng.SuiteRunnerWorker.runSuite(SuiteRunnerWorker.java:52)
at org.testng.SuiteRunnerWorker.run(SuiteRunnerWorker.java:95)
at org.testng.TestNG.runSuitesSequentially(TestNG.java:1256)
at org.testng.TestNG.runSuitesLocally(TestNG.java:1176)
at org.testng.TestNG.runSuites(TestNG.java:1099)
at org.testng.TestNG.run(TestNG.java:1067)
at org.testng.remote.AbstractRemoteTestNG.run(AbstractRemoteTestNG.java:115)
at org.testng.remote.RemoteTestNG.initAndRun(RemoteTestNG.java:251)
at org.testng.remote.RemoteTestNG.main(RemoteTestNG.java:77)
]]>
            </full-stacktrace>
          </exception> <!-- org.openqa.selenium.WebDriverException -->
          <reporter-output>
          </reporter-output>
        </test-method> <!-- CareerJobPage_CandidateApplication_EducationalQualificationForm -->
      </class> <!-- Medanta_Form.CareerJob -->
    </test> <!-- Default test -->
  </suite> <!-- Default suite -->
</testng-results>
