<?xml version="1.0" encoding="UTF-8"?>
<testng-results ignored="0" total="1" passed="1" failed="0" skipped="0">
  <reporter-output>
  </reporter-output>
  <suite started-at="2026-01-14T16:22:18 IST" name="Default suite" finished-at="2026-01-14T16:22:39 IST" duration-ms="21302">
    <groups>
    </groups>
    <test started-at="2026-01-14T16:22:18 IST" name="Default test" finished-at="2026-01-14T16:22:39 IST" duration-ms="21302">
      <class name="Medanta_Form.AilmentDP">
        <test-method is-config="true" signature="writeExecutionDateOnce()[pri:0, instance:Medanta_Form.AilmentDP@17f9d882]" started-at="2026-01-14T16:22:17 IST" name="writeExecutionDateOnce" finished-at="2026-01-14T16:22:18 IST" duration-ms="1086" status="PASS">
          <reporter-output>
          </reporter-output>
        </test-method> <!-- writeExecutionDateOnce -->
        <test-method is-config="true" signature="OpenBrowser()[pri:0, instance:Medanta_Form.AilmentDP@17f9d882]" started-at="2026-01-14T16:22:18 IST" name="OpenBrowser" finished-at="2026-01-14T16:22:21 IST" duration-ms="3126" status="PASS">
          <reporter-output>
          </reporter-output>
        </test-method> <!-- OpenBrowser -->
        <test-method signature="AilmentDetailPage_RequestCallBackForm()[pri:1, instance:Medanta_Form.AilmentDP@17f9d882]" started-at="2026-01-14T16:22:21 IST" name="AilmentDetailPage_RequestCallBackForm" finished-at="2026-01-14T16:22:38 IST" duration-ms="17682" status="PASS">
          <reporter-output>
          </reporter-output>
        </test-method> <!-- AilmentDetailPage_RequestCallBackForm -->
        <test-method is-config="true" signature="TearDown()[pri:0, instance:Medanta_Form.AilmentDP@17f9d882]" started-at="2026-01-14T16:22:38 IST" name="TearDown" finished-at="2026-01-14T16:22:39 IST" duration-ms="438" status="PASS">
          <reporter-output>
          </reporter-output>
        </test-method> <!-- TearDown -->
      </class> <!-- Medanta_Form.AilmentDP -->
    </test> <!-- Default test -->
  </suite> <!-- Default suite -->
</testng-results>
