<?xml version="1.0" encoding="UTF-8"?>
<testng-results ignored="0" total="29" passed="27" failed="2" skipped="0">
  <reporter-output>
  </reporter-output>
  <suite started-at="2025-12-28T12:29:31 IST" name="Suite" finished-at="2025-12-28T12:39:54 IST" duration-ms="622627">
    <groups>
    </groups>
    <test started-at="2025-12-28T12:29:31 IST" name="AilmentDP" finished-at="2025-12-28T12:29:55 IST" duration-ms="24200">
      <class name="Medanta_Form.AilmentDP">
        <test-method is-config="true" signature="Openbrowser()[pri:0, instance:Medanta_Form.AilmentDP@6bbe85a8]" started-at="2025-12-28T12:29:31 IST" name="Openbrowser" finished-at="2025-12-28T12:29:38 IST" duration-ms="6541" status="PASS">
          <reporter-output>
          </reporter-output>
        </test-method> <!-- Openbrowser -->
        <test-method signature="AilmentDetailPage_RequestCallBackForm()[pri:1, instance:Medanta_Form.AilmentDP@6bbe85a8]" started-at="2025-12-28T12:29:38 IST" name="AilmentDetailPage_RequestCallBackForm" finished-at="2025-12-28T12:29:55 IST" duration-ms="16981" status="PASS">
          <reporter-output>
          </reporter-output>
        </test-method> <!-- AilmentDetailPage_RequestCallBackForm -->
        <test-method is-config="true" signature="TearDown()[pri:0, instance:Medanta_Form.AilmentDP@6bbe85a8]" started-at="2025-12-28T12:29:55 IST" name="TearDown" finished-at="2025-12-28T12:29:55 IST" duration-ms="607" status="PASS">
          <reporter-output>
          </reporter-output>
        </test-method> <!-- TearDown -->
      </class> <!-- Medanta_Form.AilmentDP -->
    </test> <!-- AilmentDP -->
    <test started-at="2025-12-28T12:29:55 IST" name="AirAmbulancePage" finished-at="2025-12-28T12:30:33 IST" duration-ms="37989">
      <class name="Medanta_Form.AirAmbulancePage">
        <test-method is-config="true" signature="Openbrowser()[pri:0, instance:Medanta_Form.AirAmbulancePage@31ea9581]" started-at="2025-12-28T12:29:55 IST" name="Openbrowser" finished-at="2025-12-28T12:29:58 IST" duration-ms="2759" status="PASS">
          <reporter-output>
          </reporter-output>
        </test-method> <!-- Openbrowser -->
        <test-method signature="AirAmbulance_RequestACallbackForm()[pri:1, instance:Medanta_Form.AirAmbulancePage@31ea9581]" started-at="2025-12-28T12:29:58 IST" name="AirAmbulance_RequestACallbackForm" finished-at="2025-12-28T12:30:33 IST" duration-ms="34796" status="FAIL">
          <exception class="java.lang.AssertionError">
            <message>
              <![CDATA[Air Ambulance validation failed: Name= | Mobile=9876543210 | Email=dipesh@yopmail.com | Errors => Name Error: The name field is required. | ]]>
            </message>
            <full-stacktrace>
              <![CDATA[java.lang.AssertionError: Air Ambulance validation failed: Name= | Mobile=9876543210 | Email=dipesh@yopmail.com | Errors => Name Error: The name field is required. | 
at org.testng.Assert.fail(Assert.java:110)
at Medanta_Form.AirAmbulancePage.AirAmbulance_RequestACallbackForm(AirAmbulancePage.java:93)
at java.base/jdk.internal.reflect.NativeMethodAccessorImpl.invoke0(Native Method)
at java.base/jdk.internal.reflect.NativeMethodAccessorImpl.invoke(NativeMethodAccessorImpl.java:77)
at java.base/jdk.internal.reflect.DelegatingMethodAccessorImpl.invoke(DelegatingMethodAccessorImpl.java:43)
at java.base/java.lang.reflect.Method.invoke(Method.java:568)
at org.testng.internal.invokers.MethodInvocationHelper.invokeMethod(MethodInvocationHelper.java:139)
at org.testng.internal.invokers.TestInvoker.invokeMethod(TestInvoker.java:677)
at org.testng.internal.invokers.TestInvoker.invokeTestMethod(TestInvoker.java:221)
at org.testng.internal.invokers.MethodRunner.runInSequence(MethodRunner.java:50)
at org.testng.internal.invokers.TestInvoker$MethodInvocationAgent.invoke(TestInvoker.java:969)
at org.testng.internal.invokers.TestInvoker.invokeTestMethods(TestInvoker.java:194)
at org.testng.internal.invokers.TestMethodWorker.invokeTestMethods(TestMethodWorker.java:148)
at org.testng.internal.invokers.TestMethodWorker.run(TestMethodWorker.java:128)
at java.base/java.util.ArrayList.forEach(ArrayList.java:1511)
at org.testng.TestRunner.privateRun(TestRunner.java:829)
at org.testng.TestRunner.run(TestRunner.java:602)
at org.testng.SuiteRunner.runTest(SuiteRunner.java:437)
at org.testng.SuiteRunner.runSequentially(SuiteRunner.java:431)
at org.testng.SuiteRunner.privateRun(SuiteRunner.java:391)
at org.testng.SuiteRunner.run(SuiteRunner.java:330)
at org.testng.SuiteRunnerWorker.runSuite(SuiteRunnerWorker.java:52)
at org.testng.SuiteRunnerWorker.run(SuiteRunnerWorker.java:95)
at org.testng.TestNG.runSuitesSequentially(TestNG.java:1256)
at org.testng.TestNG.runSuitesLocally(TestNG.java:1176)
at org.testng.TestNG.runSuites(TestNG.java:1099)
at org.testng.TestNG.run(TestNG.java:1067)
at org.testng.remote.AbstractRemoteTestNG.run(AbstractRemoteTestNG.java:115)
at org.testng.remote.RemoteTestNG.initAndRun(RemoteTestNG.java:251)
at org.testng.remote.RemoteTestNG.main(RemoteTestNG.java:77)
]]>
            </full-stacktrace>
          </exception> <!-- java.lang.AssertionError -->
          <reporter-output>
          </reporter-output>
        </test-method> <!-- AirAmbulance_RequestACallbackForm -->
        <test-method is-config="true" signature="TearDown()[pri:0, instance:Medanta_Form.AirAmbulancePage@31ea9581]" started-at="2025-12-28T12:30:33 IST" name="TearDown" finished-at="2025-12-28T12:30:33 IST" duration-ms="426" status="PASS">
          <reporter-output>
          </reporter-output>
        </test-method> <!-- TearDown -->
      </class> <!-- Medanta_Form.AirAmbulancePage -->
    </test> <!-- AirAmbulancePage -->
    <test started-at="2025-12-28T12:30:33 IST" name="BecomeAPartner" finished-at="2025-12-28T12:30:57 IST" duration-ms="24234">
      <class name="Medanta_Form.BecomeAPartner">
        <test-method is-config="true" signature="Openbrowser()[pri:0, instance:Medanta_Form.BecomeAPartner@221a3fa4]" started-at="2025-12-28T12:30:33 IST" name="Openbrowser" finished-at="2025-12-28T12:30:36 IST" duration-ms="2885" status="PASS">
          <reporter-output>
          </reporter-output>
        </test-method> <!-- Openbrowser -->
        <test-method signature="BecomeAPartnerPage_BusinessModelForm()[pri:1, instance:Medanta_Form.BecomeAPartner@221a3fa4]" started-at="2025-12-28T12:30:36 IST" name="BecomeAPartnerPage_BusinessModelForm" finished-at="2025-12-28T12:30:57 IST" duration-ms="20870" status="PASS">
          <reporter-output>
          </reporter-output>
        </test-method> <!-- BecomeAPartnerPage_BusinessModelForm -->
        <test-method is-config="true" signature="TearDown()[pri:0, instance:Medanta_Form.BecomeAPartner@221a3fa4]" started-at="2025-12-28T12:30:57 IST" name="TearDown" finished-at="2025-12-28T12:30:57 IST" duration-ms="468" status="PASS">
          <reporter-output>
          </reporter-output>
        </test-method> <!-- TearDown -->
      </class> <!-- Medanta_Form.BecomeAPartner -->
    </test> <!-- BecomeAPartner -->
    <test started-at="2025-12-28T12:30:57 IST" name="BlogDP" finished-at="2025-12-28T12:31:20 IST" duration-ms="22170">
      <class name="Medanta_Form.BlogDP">
        <test-method is-config="true" signature="Openbrowser()[pri:0, instance:Medanta_Form.BlogDP@5ddeb7cb]" started-at="2025-12-28T12:30:57 IST" name="Openbrowser" finished-at="2025-12-28T12:31:01 IST" duration-ms="3262" status="PASS">
          <reporter-output>
          </reporter-output>
        </test-method> <!-- Openbrowser -->
        <test-method signature="BlogDetailPage_QueryForm()[pri:1, instance:Medanta_Form.BlogDP@5ddeb7cb]" started-at="2025-12-28T12:31:01 IST" name="BlogDetailPage_QueryForm" finished-at="2025-12-28T12:31:19 IST" duration-ms="18562" status="PASS">
          <reporter-output>
          </reporter-output>
        </test-method> <!-- BlogDetailPage_QueryForm -->
        <test-method is-config="true" signature="TearDown()[pri:0, instance:Medanta_Form.BlogDP@5ddeb7cb]" started-at="2025-12-28T12:31:19 IST" name="TearDown" finished-at="2025-12-28T12:31:20 IST" duration-ms="343" status="PASS">
          <reporter-output>
          </reporter-output>
        </test-method> <!-- TearDown -->
      </class> <!-- Medanta_Form.BlogDP -->
    </test> <!-- BlogDP -->
    <test started-at="2025-12-28T12:31:20 IST" name="ContactUs_Enquiry" finished-at="2025-12-28T12:31:38 IST" duration-ms="17976">
      <class name="Medanta_Form.ContactUs_Enquiry">
        <test-method is-config="true" signature="Openbrowser()[pri:0, instance:Medanta_Form.ContactUs_Enquiry@247310d0]" started-at="2025-12-28T12:31:20 IST" name="Openbrowser" finished-at="2025-12-28T12:31:22 IST" duration-ms="2245" status="PASS">
          <reporter-output>
          </reporter-output>
        </test-method> <!-- Openbrowser -->
        <test-method signature="ContactUsPage_EnquiryForm()[pri:1, instance:Medanta_Form.ContactUs_Enquiry@247310d0]" started-at="2025-12-28T12:31:22 IST" name="ContactUsPage_EnquiryForm" finished-at="2025-12-28T12:31:37 IST" duration-ms="15326" status="PASS">
          <reporter-output>
          </reporter-output>
        </test-method> <!-- ContactUsPage_EnquiryForm -->
        <test-method is-config="true" signature="TearDown()[pri:0, instance:Medanta_Form.ContactUs_Enquiry@247310d0]" started-at="2025-12-28T12:31:37 IST" name="TearDown" finished-at="2025-12-28T12:31:38 IST" duration-ms="399" status="PASS">
          <reporter-output>
          </reporter-output>
        </test-method> <!-- TearDown -->
      </class> <!-- Medanta_Form.ContactUs_Enquiry -->
    </test> <!-- ContactUs_Enquiry -->
    <test started-at="2025-12-28T12:31:38 IST" name="ContactUs_Feedback" finished-at="2025-12-28T12:31:56 IST" duration-ms="18431">
      <class name="Medanta_Form.ContactUs_Feedback">
        <test-method is-config="true" signature="Openbrowser()[pri:0, instance:Medanta_Form.ContactUs_Feedback@2b30a42c]" started-at="2025-12-28T12:31:38 IST" name="Openbrowser" finished-at="2025-12-28T12:31:40 IST" duration-ms="2421" status="PASS">
          <reporter-output>
          </reporter-output>
        </test-method> <!-- Openbrowser -->
        <test-method signature="ContactUsPage_FeedbackForm()[pri:1, instance:Medanta_Form.ContactUs_Feedback@2b30a42c]" started-at="2025-12-28T12:31:40 IST" name="ContactUsPage_FeedbackForm" finished-at="2025-12-28T12:31:56 IST" duration-ms="15635" status="PASS">
          <reporter-output>
          </reporter-output>
        </test-method> <!-- ContactUsPage_FeedbackForm -->
        <test-method is-config="true" signature="TearDown()[pri:0, instance:Medanta_Form.ContactUs_Feedback@2b30a42c]" started-at="2025-12-28T12:31:56 IST" name="TearDown" finished-at="2025-12-28T12:31:56 IST" duration-ms="369" status="PASS">
          <reporter-output>
          </reporter-output>
        </test-method> <!-- TearDown -->
      </class> <!-- Medanta_Form.ContactUs_Feedback -->
    </test> <!-- ContactUs_Feedback -->
    <test started-at="2025-12-28T12:31:56 IST" name="ContactUs_Others" finished-at="2025-12-28T12:32:14 IST" duration-ms="18429">
      <class name="Medanta_Form.ContactUs_Others">
        <test-method is-config="true" signature="Openbrowser()[pri:0, instance:Medanta_Form.ContactUs_Others@19932c16]" started-at="2025-12-28T12:31:56 IST" name="Openbrowser" finished-at="2025-12-28T12:31:58 IST" duration-ms="2424" status="PASS">
          <reporter-output>
          </reporter-output>
        </test-method> <!-- Openbrowser -->
        <test-method signature="ContactUsPage_OthersForm()[pri:1, instance:Medanta_Form.ContactUs_Others@19932c16]" started-at="2025-12-28T12:31:58 IST" name="ContactUsPage_OthersForm" finished-at="2025-12-28T12:32:14 IST" duration-ms="15302" status="PASS">
          <reporter-output>
          </reporter-output>
        </test-method> <!-- ContactUsPage_OthersForm -->
        <test-method is-config="true" signature="TearDown()[pri:0, instance:Medanta_Form.ContactUs_Others@19932c16]" started-at="2025-12-28T12:32:14 IST" name="TearDown" finished-at="2025-12-28T12:32:14 IST" duration-ms="699" status="PASS">
          <reporter-output>
          </reporter-output>
        </test-method> <!-- TearDown -->
      </class> <!-- Medanta_Form.ContactUs_Others -->
    </test> <!-- ContactUs_Others -->
    <test started-at="2025-12-28T12:32:14 IST" name="CPR" finished-at="2025-12-28T12:32:58 IST" duration-ms="43803">
      <class name="Medanta_Form.CPR">
        <test-method is-config="true" signature="Openbrowser()[pri:0, instance:Medanta_Form.CPR@6f10d5b6]" started-at="2025-12-28T12:32:14 IST" name="Openbrowser" finished-at="2025-12-28T12:32:18 IST" duration-ms="3577" status="PASS">
          <reporter-output>
          </reporter-output>
        </test-method> <!-- Openbrowser -->
        <test-method signature="CPRPage_EnrollnowForm()[pri:0, instance:Medanta_Form.CPR@6f10d5b6]" started-at="2025-12-28T12:32:18 IST" name="CPRPage_EnrollnowForm" finished-at="2025-12-28T12:32:58 IST" duration-ms="39862" status="FAIL">
          <exception class="java.lang.AssertionError">
            <message>
              <![CDATA[CPR Enroll form validation failed: Name=Test | Mobile=98210 | Email=wakemedantatest@gmail.com | Location=Gurugram | Errors => Mobile Error: Please enter 10 digit mobile number | ]]>
            </message>
            <full-stacktrace>
              <![CDATA[java.lang.AssertionError: CPR Enroll form validation failed: Name=Test | Mobile=98210 | Email=wakemedantatest@gmail.com | Location=Gurugram | Errors => Mobile Error: Please enter 10 digit mobile number | 
at org.testng.Assert.fail(Assert.java:110)
at Medanta_Form.CPR.CPRPage_EnrollnowForm(CPR.java:117)
at java.base/jdk.internal.reflect.NativeMethodAccessorImpl.invoke0(Native Method)
at java.base/jdk.internal.reflect.NativeMethodAccessorImpl.invoke(NativeMethodAccessorImpl.java:77)
at java.base/jdk.internal.reflect.DelegatingMethodAccessorImpl.invoke(DelegatingMethodAccessorImpl.java:43)
at java.base/java.lang.reflect.Method.invoke(Method.java:568)
at org.testng.internal.invokers.MethodInvocationHelper.invokeMethod(MethodInvocationHelper.java:139)
at org.testng.internal.invokers.TestInvoker.invokeMethod(TestInvoker.java:677)
at org.testng.internal.invokers.TestInvoker.invokeTestMethod(TestInvoker.java:221)
at org.testng.internal.invokers.MethodRunner.runInSequence(MethodRunner.java:50)
at org.testng.internal.invokers.TestInvoker$MethodInvocationAgent.invoke(TestInvoker.java:969)
at org.testng.internal.invokers.TestInvoker.invokeTestMethods(TestInvoker.java:194)
at org.testng.internal.invokers.TestMethodWorker.invokeTestMethods(TestMethodWorker.java:148)
at org.testng.internal.invokers.TestMethodWorker.run(TestMethodWorker.java:128)
at java.base/java.util.ArrayList.forEach(ArrayList.java:1511)
at org.testng.TestRunner.privateRun(TestRunner.java:829)
at org.testng.TestRunner.run(TestRunner.java:602)
at org.testng.SuiteRunner.runTest(SuiteRunner.java:437)
at org.testng.SuiteRunner.runSequentially(SuiteRunner.java:431)
at org.testng.SuiteRunner.privateRun(SuiteRunner.java:391)
at org.testng.SuiteRunner.run(SuiteRunner.java:330)
at org.testng.SuiteRunnerWorker.runSuite(SuiteRunnerWorker.java:52)
at org.testng.SuiteRunnerWorker.run(SuiteRunnerWorker.java:95)
at org.testng.TestNG.runSuitesSequentially(TestNG.java:1256)
at org.testng.TestNG.runSuitesLocally(TestNG.java:1176)
at org.testng.TestNG.runSuites(TestNG.java:1099)
at org.testng.TestNG.run(TestNG.java:1067)
at org.testng.remote.AbstractRemoteTestNG.run(AbstractRemoteTestNG.java:115)
at org.testng.remote.RemoteTestNG.initAndRun(RemoteTestNG.java:251)
at org.testng.remote.RemoteTestNG.main(RemoteTestNG.java:77)
]]>
            </full-stacktrace>
          </exception> <!-- java.lang.AssertionError -->
          <reporter-output>
          </reporter-output>
        </test-method> <!-- CPRPage_EnrollnowForm -->
        <test-method is-config="true" signature="TearDown()[pri:0, instance:Medanta_Form.CPR@6f10d5b6]" started-at="2025-12-28T12:32:58 IST" name="TearDown" finished-at="2025-12-28T12:32:58 IST" duration-ms="357" status="PASS">
          <reporter-output>
          </reporter-output>
        </test-method> <!-- TearDown -->
      </class> <!-- Medanta_Form.CPR -->
    </test> <!-- CPR -->
    <test started-at="2025-12-28T12:32:58 IST" name="CulturalEDP" finished-at="2025-12-28T12:33:18 IST" duration-ms="19721">
      <class name="Medanta_Form.CulturalEDP">
        <test-method is-config="true" signature="Openbrowser()[pri:0, instance:Medanta_Form.CulturalEDP@533bda92]" started-at="2025-12-28T12:32:58 IST" name="Openbrowser" finished-at="2025-12-28T12:33:01 IST" duration-ms="2628" status="PASS">
          <reporter-output>
          </reporter-output>
        </test-method> <!-- Openbrowser -->
        <test-method signature="CulturalEventDetailPage_QueryForm()[pri:0, instance:Medanta_Form.CulturalEDP@533bda92]" started-at="2025-12-28T12:33:01 IST" name="CulturalEventDetailPage_QueryForm" finished-at="2025-12-28T12:33:18 IST" duration-ms="16748" status="PASS">
          <reporter-output>
          </reporter-output>
        </test-method> <!-- CulturalEventDetailPage_QueryForm -->
        <test-method is-config="true" signature="TearDown()[pri:0, instance:Medanta_Form.CulturalEDP@533bda92]" started-at="2025-12-28T12:33:18 IST" name="TearDown" finished-at="2025-12-28T12:33:18 IST" duration-ms="342" status="PASS">
          <reporter-output>
          </reporter-output>
        </test-method> <!-- TearDown -->
      </class> <!-- Medanta_Form.CulturalEDP -->
    </test> <!-- CulturalEDP -->
    <test started-at="2025-12-28T12:33:18 IST" name="ElderCare_EnquiryForm" finished-at="2025-12-28T12:33:41 IST" duration-ms="22810">
      <class name="Medanta_Form.ElderCare_EnquiryForm">
        <test-method is-config="true" signature="Openbrowser()[pri:0, instance:Medanta_Form.ElderCare_EnquiryForm@4c163e3]" started-at="2025-12-28T12:33:18 IST" name="Openbrowser" finished-at="2025-12-28T12:33:20 IST" duration-ms="2267" status="PASS">
          <reporter-output>
          </reporter-output>
        </test-method> <!-- Openbrowser -->
        <test-method signature="ElderCareProgramPage_EnquiryForm()[pri:1, instance:Medanta_Form.ElderCare_EnquiryForm@4c163e3]" started-at="2025-12-28T12:33:20 IST" name="ElderCareProgramPage_EnquiryForm" finished-at="2025-12-28T12:33:40 IST" duration-ms="20182" status="PASS">
          <reporter-output>
          </reporter-output>
        </test-method> <!-- ElderCareProgramPage_EnquiryForm -->
        <test-method is-config="true" signature="TearDown()[pri:0, instance:Medanta_Form.ElderCare_EnquiryForm@4c163e3]" started-at="2025-12-28T12:33:40 IST" name="TearDown" finished-at="2025-12-28T12:33:41 IST" duration-ms="358" status="PASS">
          <reporter-output>
          </reporter-output>
        </test-method> <!-- TearDown -->
      </class> <!-- Medanta_Form.ElderCare_EnquiryForm -->
    </test> <!-- ElderCare_EnquiryForm -->
    <test started-at="2025-12-28T12:33:41 IST" name="ElderCare_RequestACallbackForm" finished-at="2025-12-28T12:34:00 IST" duration-ms="18981">
      <class name="Medanta_Form.ElderCare_RequestACallbackForm">
        <test-method is-config="true" signature="Openbrowser()[pri:0, instance:Medanta_Form.ElderCare_RequestACallbackForm@66982506]" started-at="2025-12-28T12:33:41 IST" name="Openbrowser" finished-at="2025-12-28T12:33:44 IST" duration-ms="2747" status="PASS">
          <reporter-output>
          </reporter-output>
        </test-method> <!-- Openbrowser -->
        <test-method signature="ElderCareProgramPage_RequestACallbackForm()[pri:1, instance:Medanta_Form.ElderCare_RequestACallbackForm@66982506]" started-at="2025-12-28T12:33:44 IST" name="ElderCareProgramPage_RequestACallbackForm" finished-at="2025-12-28T12:34:00 IST" duration-ms="15962" status="PASS">
          <reporter-output>
          </reporter-output>
        </test-method> <!-- ElderCareProgramPage_RequestACallbackForm -->
        <test-method is-config="true" signature="TearDown()[pri:0, instance:Medanta_Form.ElderCare_RequestACallbackForm@66982506]" started-at="2025-12-28T12:34:00 IST" name="TearDown" finished-at="2025-12-28T12:34:00 IST" duration-ms="269" status="PASS">
          <reporter-output>
          </reporter-output>
        </test-method> <!-- TearDown -->
      </class> <!-- Medanta_Form.ElderCare_RequestACallbackForm -->
    </test> <!-- ElderCare_RequestACallbackForm -->
    <test started-at="2025-12-28T12:34:00 IST" name="Headerform" finished-at="2025-12-28T12:34:17 IST" duration-ms="17358">
      <class name="Medanta_Form.Headerform">
        <test-method is-config="true" signature="Openbrowser()[pri:0, instance:Medanta_Form.Headerform@4f32a3ad]" started-at="2025-12-28T12:34:00 IST" name="Openbrowser" finished-at="2025-12-28T12:34:02 IST" duration-ms="2327" status="PASS">
          <reporter-output>
          </reporter-output>
        </test-method> <!-- Openbrowser -->
        <test-method signature="Header_RequestACallBackForm()[pri:0, instance:Medanta_Form.Headerform@4f32a3ad]" started-at="2025-12-28T12:34:02 IST" name="Header_RequestACallBackForm" finished-at="2025-12-28T12:34:17 IST" duration-ms="14734" status="PASS">
          <reporter-output>
          </reporter-output>
        </test-method> <!-- Header_RequestACallBackForm -->
        <test-method is-config="true" signature="TearDown()[pri:0, instance:Medanta_Form.Headerform@4f32a3ad]" started-at="2025-12-28T12:34:17 IST" name="TearDown" finished-at="2025-12-28T12:34:17 IST" duration-ms="294" status="PASS">
          <reporter-output>
          </reporter-output>
        </test-method> <!-- TearDown -->
      </class> <!-- Medanta_Form.Headerform -->
    </test> <!-- Headerform -->
    <test started-at="2025-12-28T12:34:17 IST" name="HealthCheckup" finished-at="2025-12-28T12:34:45 IST" duration-ms="27350">
      <class name="Medanta_Form.HealthCheckup">
        <test-method is-config="true" signature="Openbrowser()[pri:0, instance:Medanta_Form.HealthCheckup@4007f65e]" started-at="2025-12-28T12:34:17 IST" name="Openbrowser" finished-at="2025-12-28T12:34:19 IST" duration-ms="2270" status="PASS">
          <reporter-output>
          </reporter-output>
        </test-method> <!-- Openbrowser -->
        <test-method signature="HealthCheckup_RequestACallbackForm()[pri:1, instance:Medanta_Form.HealthCheckup@4007f65e]" started-at="2025-12-28T12:34:19 IST" name="HealthCheckup_RequestACallbackForm" finished-at="2025-12-28T12:34:44 IST" duration-ms="24718" status="PASS">
          <reporter-output>
          </reporter-output>
        </test-method> <!-- HealthCheckup_RequestACallbackForm -->
        <test-method is-config="true" signature="TearDown()[pri:0, instance:Medanta_Form.HealthCheckup@4007f65e]" started-at="2025-12-28T12:34:44 IST" name="TearDown" finished-at="2025-12-28T12:34:45 IST" duration-ms="356" status="PASS">
          <reporter-output>
          </reporter-output>
        </test-method> <!-- TearDown -->
      </class> <!-- Medanta_Form.HealthCheckup -->
    </test> <!-- HealthCheckup -->
    <test started-at="2025-12-28T12:34:45 IST" name="HomeCare_ElderCare" finished-at="2025-12-28T12:35:04 IST" duration-ms="19114">
      <class name="Medanta_Form.HomeCare_ElderCare">
        <test-method is-config="true" signature="Openbrowser()[pri:0, instance:Medanta_Form.HomeCare_ElderCare@6cb107fd]" started-at="2025-12-28T12:34:45 IST" name="Openbrowser" finished-at="2025-12-28T12:34:47 IST" duration-ms="2748" status="PASS">
          <reporter-output>
          </reporter-output>
        </test-method> <!-- Openbrowser -->
        <test-method signature="HomeCare_ElderCareProgram_QueryForm()[pri:1, instance:Medanta_Form.HomeCare_ElderCare@6cb107fd]" started-at="2025-12-28T12:34:47 IST" name="HomeCare_ElderCareProgram_QueryForm" finished-at="2025-12-28T12:35:03 IST" duration-ms="16022" status="PASS">
          <reporter-output>
          </reporter-output>
        </test-method> <!-- HomeCare_ElderCareProgram_QueryForm -->
        <test-method is-config="true" signature="TearDown()[pri:0, instance:Medanta_Form.HomeCare_ElderCare@6cb107fd]" started-at="2025-12-28T12:35:03 IST" name="TearDown" finished-at="2025-12-28T12:35:04 IST" duration-ms="339" status="PASS">
          <reporter-output>
          </reporter-output>
        </test-method> <!-- TearDown -->
      </class> <!-- Medanta_Form.HomeCare_ElderCare -->
    </test> <!-- HomeCare_ElderCare -->
    <test started-at="2025-12-28T12:35:04 IST" name="HomeCare_EnquiryForm" finished-at="2025-12-28T12:35:22 IST" duration-ms="18587">
      <class name="Medanta_Form.HomeCare_EnquiryForm">
        <test-method is-config="true" signature="Openbrowser()[pri:0, instance:Medanta_Form.HomeCare_EnquiryForm@7bd7d6d6]" started-at="2025-12-28T12:35:04 IST" name="Openbrowser" finished-at="2025-12-28T12:35:06 IST" duration-ms="2645" status="PASS">
          <reporter-output>
          </reporter-output>
        </test-method> <!-- Openbrowser -->
        <test-method signature="HomeCarePage_EnquiryForm()[pri:1, instance:Medanta_Form.HomeCare_EnquiryForm@7bd7d6d6]" started-at="2025-12-28T12:35:06 IST" name="HomeCarePage_EnquiryForm" finished-at="2025-12-28T12:35:22 IST" duration-ms="15563" status="PASS">
          <reporter-output>
          </reporter-output>
        </test-method> <!-- HomeCarePage_EnquiryForm -->
        <test-method is-config="true" signature="TearDown()[pri:0, instance:Medanta_Form.HomeCare_EnquiryForm@7bd7d6d6]" started-at="2025-12-28T12:35:22 IST" name="TearDown" finished-at="2025-12-28T12:35:22 IST" duration-ms="377" status="PASS">
          <reporter-output>
          </reporter-output>
        </test-method> <!-- TearDown -->
      </class> <!-- Medanta_Form.HomeCare_EnquiryForm -->
    </test> <!-- HomeCare_EnquiryForm -->
    <test started-at="2025-12-28T12:35:22 IST" name="HomeCare_RequestACallbackForm" finished-at="2025-12-28T12:35:40 IST" duration-ms="17365">
      <class name="Medanta_Form.HomeCare_RequestACallbackForm">
        <test-method is-config="true" signature="Openbrowser()[pri:0, instance:Medanta_Form.HomeCare_RequestACallbackForm@5745ca0e]" started-at="2025-12-28T12:35:22 IST" name="Openbrowser" finished-at="2025-12-28T12:35:24 IST" duration-ms="2187" status="PASS">
          <reporter-output>
          </reporter-output>
        </test-method> <!-- Openbrowser -->
        <test-method signature="HomeCarePage_RequestACallbackForm()[pri:1, instance:Medanta_Form.HomeCare_RequestACallbackForm@5745ca0e]" started-at="2025-12-28T12:35:24 IST" name="HomeCarePage_RequestACallbackForm" finished-at="2025-12-28T12:35:39 IST" duration-ms="14791" status="PASS">
          <reporter-output>
          </reporter-output>
        </test-method> <!-- HomeCarePage_RequestACallbackForm -->
        <test-method is-config="true" signature="TearDown()[pri:0, instance:Medanta_Form.HomeCare_RequestACallbackForm@5745ca0e]" started-at="2025-12-28T12:35:39 IST" name="TearDown" finished-at="2025-12-28T12:35:40 IST" duration-ms="384" status="PASS">
          <reporter-output>
          </reporter-output>
        </test-method> <!-- TearDown -->
      </class> <!-- Medanta_Form.HomeCare_RequestACallbackForm -->
    </test> <!-- HomeCare_RequestACallbackForm -->
    <test started-at="2025-12-28T12:35:40 IST" name="HomeCare_StrokeRehabilitation" finished-at="2025-12-28T12:35:59 IST" duration-ms="19652">
      <class name="Medanta_Form.HomeCare_StrokeRehabilitation">
        <test-method is-config="true" signature="Openbrowser()[pri:0, instance:Medanta_Form.HomeCare_StrokeRehabilitation@338fc1d8]" started-at="2025-12-28T12:35:40 IST" name="Openbrowser" finished-at="2025-12-28T12:35:43 IST" duration-ms="3122" status="PASS">
          <reporter-output>
          </reporter-output>
        </test-method> <!-- Openbrowser -->
        <test-method signature="HomeCare_StrokeRehabilitation_QueryForm()[pri:1, instance:Medanta_Form.HomeCare_StrokeRehabilitation@338fc1d8]" started-at="2025-12-28T12:35:43 IST" name="HomeCare_StrokeRehabilitation_QueryForm" finished-at="2025-12-28T12:35:59 IST" duration-ms="16213" status="PASS">
          <reporter-output>
          </reporter-output>
        </test-method> <!-- HomeCare_StrokeRehabilitation_QueryForm -->
        <test-method is-config="true" signature="TearDown()[pri:0, instance:Medanta_Form.HomeCare_StrokeRehabilitation@338fc1d8]" started-at="2025-12-28T12:35:59 IST" name="TearDown" finished-at="2025-12-28T12:35:59 IST" duration-ms="314" status="PASS">
          <reporter-output>
          </reporter-output>
        </test-method> <!-- TearDown -->
      </class> <!-- Medanta_Form.HomeCare_StrokeRehabilitation -->
    </test> <!-- HomeCare_StrokeRehabilitation -->
    <test started-at="2025-12-28T12:35:59 IST" name="InternationalP" finished-at="2025-12-28T12:36:18 IST" duration-ms="18708">
      <class name="Medanta_Form.InternationalP">
        <test-method is-config="true" signature="Openbrowser()[pri:0, instance:Medanta_Form.InternationalP@194fad1]" started-at="2025-12-28T12:35:59 IST" name="Openbrowser" finished-at="2025-12-28T12:36:03 IST" duration-ms="3346" status="PASS">
          <reporter-output>
          </reporter-output>
        </test-method> <!-- Openbrowser -->
        <test-method signature="InternationalPatientsPage_QueryForm()[pri:1, instance:Medanta_Form.InternationalP@194fad1]" started-at="2025-12-28T12:36:03 IST" name="InternationalPatientsPage_QueryForm" finished-at="2025-12-28T12:36:18 IST" duration-ms="15001" status="PASS">
          <reporter-output>
          </reporter-output>
        </test-method> <!-- InternationalPatientsPage_QueryForm -->
        <test-method is-config="true" signature="TearDown()[pri:0, instance:Medanta_Form.InternationalP@194fad1]" started-at="2025-12-28T12:36:18 IST" name="TearDown" finished-at="2025-12-28T12:36:18 IST" duration-ms="356" status="PASS">
          <reporter-output>
          </reporter-output>
        </test-method> <!-- TearDown -->
      </class> <!-- Medanta_Form.InternationalP -->
    </test> <!-- InternationalP -->
    <test started-at="2025-12-28T12:36:18 IST" name="landingHealth" finished-at="2025-12-28T12:36:34 IST" duration-ms="15645">
      <class name="Medanta_Form.landingHealth">
        <test-method is-config="true" signature="Openbrowser()[pri:0, instance:Medanta_Form.landingHealth@790da477]" started-at="2025-12-28T12:36:18 IST" name="Openbrowser" finished-at="2025-12-28T12:36:21 IST" duration-ms="2820" status="PASS">
          <reporter-output>
          </reporter-output>
        </test-method> <!-- Openbrowser -->
        <test-method signature="LandingHealth_Page_QueryForm()[pri:1, instance:Medanta_Form.landingHealth@790da477]" started-at="2025-12-28T12:36:21 IST" name="LandingHealth_Page_QueryForm" finished-at="2025-12-28T12:36:33 IST" duration-ms="12533" status="PASS">
          <reporter-output>
          </reporter-output>
        </test-method> <!-- LandingHealth_Page_QueryForm -->
        <test-method is-config="true" signature="TearDown()[pri:0, instance:Medanta_Form.landingHealth@790da477]" started-at="2025-12-28T12:36:33 IST" name="TearDown" finished-at="2025-12-28T12:36:34 IST" duration-ms="290" status="PASS">
          <reporter-output>
          </reporter-output>
        </test-method> <!-- TearDown -->
      </class> <!-- Medanta_Form.landingHealth -->
    </test> <!-- landingHealth -->
    <test started-at="2025-12-28T12:36:34 IST" name="MedantaLabs" finished-at="2025-12-28T12:36:52 IST" duration-ms="18419">
      <class name="Medanta_Form.MedantaLabs">
        <test-method is-config="true" signature="Openbrowser()[pri:0, instance:Medanta_Form.MedantaLabs@d554c5f]" started-at="2025-12-28T12:36:34 IST" name="Openbrowser" finished-at="2025-12-28T12:36:36 IST" duration-ms="1991" status="PASS">
          <reporter-output>
          </reporter-output>
        </test-method> <!-- Openbrowser -->
        <test-method signature="MedantaLabsPage_RequestACallbackForm()[pri:1, instance:Medanta_Form.MedantaLabs@d554c5f]" started-at="2025-12-28T12:36:36 IST" name="MedantaLabsPage_RequestACallbackForm" finished-at="2025-12-28T12:36:52 IST" duration-ms="16122" status="PASS">
          <reporter-output>
          </reporter-output>
        </test-method> <!-- MedantaLabsPage_RequestACallbackForm -->
        <test-method is-config="true" signature="TearDown()[pri:0, instance:Medanta_Form.MedantaLabs@d554c5f]" started-at="2025-12-28T12:36:52 IST" name="TearDown" finished-at="2025-12-28T12:36:52 IST" duration-ms="303" status="PASS">
          <reporter-output>
          </reporter-output>
        </test-method> <!-- TearDown -->
      </class> <!-- Medanta_Form.MedantaLabs -->
    </test> <!-- MedantaLabs -->
    <test started-at="2025-12-28T12:36:52 IST" name="MedantaPharmacy_RequestACallbackForm" finished-at="2025-12-28T12:37:12 IST" duration-ms="19531">
      <class name="Medanta_Form.MedantaPharmacy_RequestACallbackForm">
        <test-method is-config="true" signature="Openbrowser()[pri:0, instance:Medanta_Form.MedantaPharmacy_RequestACallbackForm@6a8658ff]" started-at="2025-12-28T12:36:52 IST" name="Openbrowser" finished-at="2025-12-28T12:36:54 IST" duration-ms="2289" status="PASS">
          <reporter-output>
          </reporter-output>
        </test-method> <!-- Openbrowser -->
        <test-method signature="MedantaPharmacyPage_RequestACallbackForm()[pri:1, instance:Medanta_Form.MedantaPharmacy_RequestACallbackForm@6a8658ff]" started-at="2025-12-28T12:36:54 IST" name="MedantaPharmacyPage_RequestACallbackForm" finished-at="2025-12-28T12:37:11 IST" duration-ms="16966" status="PASS">
          <reporter-output>
          </reporter-output>
        </test-method> <!-- MedantaPharmacyPage_RequestACallbackForm -->
        <test-method is-config="true" signature="TearDown()[pri:0, instance:Medanta_Form.MedantaPharmacy_RequestACallbackForm@6a8658ff]" started-at="2025-12-28T12:37:11 IST" name="TearDown" finished-at="2025-12-28T12:37:12 IST" duration-ms="273" status="PASS">
          <reporter-output>
          </reporter-output>
        </test-method> <!-- TearDown -->
      </class> <!-- Medanta_Form.MedantaPharmacy_RequestACallbackForm -->
    </test> <!-- MedantaPharmacy_RequestACallbackForm -->
    <test started-at="2025-12-28T12:37:12 IST" name="MedantaPharmacy_UploadForm" finished-at="2025-12-28T12:37:32 IST" duration-ms="20490">
      <class name="Medanta_Form.MedantaPharmacy_UploadForm">
        <test-method is-config="true" signature="Openbrowser()[pri:0, instance:Medanta_Form.MedantaPharmacy_UploadForm@4d14b6c2]" started-at="2025-12-28T12:37:12 IST" name="Openbrowser" finished-at="2025-12-28T12:37:14 IST" duration-ms="2268" status="PASS">
          <reporter-output>
          </reporter-output>
        </test-method> <!-- Openbrowser -->
        <test-method signature="MedantaPharmacyPage_UploadForm()[pri:1, instance:Medanta_Form.MedantaPharmacy_UploadForm@4d14b6c2]" started-at="2025-12-28T12:37:14 IST" name="MedantaPharmacyPage_UploadForm" finished-at="2025-12-28T12:37:32 IST" duration-ms="17869" status="PASS">
          <reporter-output>
          </reporter-output>
        </test-method> <!-- MedantaPharmacyPage_UploadForm -->
        <test-method is-config="true" signature="TearDown()[pri:0, instance:Medanta_Form.MedantaPharmacy_UploadForm@4d14b6c2]" started-at="2025-12-28T12:37:32 IST" name="TearDown" finished-at="2025-12-28T12:37:32 IST" duration-ms="349" status="PASS">
          <reporter-output>
          </reporter-output>
        </test-method> <!-- TearDown -->
      </class> <!-- Medanta_Form.MedantaPharmacy_UploadForm -->
    </test> <!-- MedantaPharmacy_UploadForm -->
    <test started-at="2025-12-28T12:37:32 IST" name="planYT" finished-at="2025-12-28T12:37:48 IST" duration-ms="15647">
      <class name="Medanta_Form.planYT">
        <test-method is-config="true" signature="Openbrowser()[pri:0, instance:Medanta_Form.planYT@50378a4]" started-at="2025-12-28T12:37:32 IST" name="Openbrowser" finished-at="2025-12-28T12:37:34 IST" duration-ms="1975" status="PASS">
          <reporter-output>
          </reporter-output>
        </test-method> <!-- Openbrowser -->
        <test-method signature="PlanYourTripPage_QueryForm()[pri:1, instance:Medanta_Form.planYT@50378a4]" started-at="2025-12-28T12:37:34 IST" name="PlanYourTripPage_QueryForm" finished-at="2025-12-28T12:37:47 IST" duration-ms="13322" status="PASS">
          <reporter-output>
          </reporter-output>
        </test-method> <!-- PlanYourTripPage_QueryForm -->
        <test-method is-config="true" signature="TearDown()[pri:0, instance:Medanta_Form.planYT@50378a4]" started-at="2025-12-28T12:37:47 IST" name="TearDown" finished-at="2025-12-28T12:37:48 IST" duration-ms="347" status="PASS">
          <reporter-output>
          </reporter-output>
        </test-method> <!-- TearDown -->
      </class> <!-- Medanta_Form.planYT -->
    </test> <!-- planYT -->
    <test started-at="2025-12-28T12:37:48 IST" name="RequestAnEstimate" finished-at="2025-12-28T12:38:09 IST" duration-ms="21655">
      <class name="Medanta_Form.RequestAnEstimate">
        <test-method is-config="true" signature="Openbrowser()[pri:0, instance:Medanta_Form.RequestAnEstimate@97e93f1]" started-at="2025-12-28T12:37:48 IST" name="Openbrowser" finished-at="2025-12-28T12:37:51 IST" duration-ms="3037" status="PASS">
          <reporter-output>
          </reporter-output>
        </test-method> <!-- Openbrowser -->
        <test-method signature="RequestAnEstimatePage_PriceEstimateForm()[pri:1, instance:Medanta_Form.RequestAnEstimate@97e93f1]" started-at="2025-12-28T12:37:51 IST" name="RequestAnEstimatePage_PriceEstimateForm" finished-at="2025-12-28T12:38:09 IST" duration-ms="18326" status="PASS">
          <reporter-output>
          </reporter-output>
        </test-method> <!-- RequestAnEstimatePage_PriceEstimateForm -->
        <test-method is-config="true" signature="TearDown()[pri:0, instance:Medanta_Form.RequestAnEstimate@97e93f1]" started-at="2025-12-28T12:38:09 IST" name="TearDown" finished-at="2025-12-28T12:38:09 IST" duration-ms="287" status="PASS">
          <reporter-output>
          </reporter-output>
        </test-method> <!-- TearDown -->
      </class> <!-- Medanta_Form.RequestAnEstimate -->
    </test> <!-- RequestAnEstimate -->
    <test started-at="2025-12-28T12:38:09 IST" name="SecondOpiniun" finished-at="2025-12-28T12:38:33 IST" duration-ms="23368">
      <class name="Medanta_Form.SecondOpiniun">
        <test-method is-config="true" signature="Openbrowser()[pri:0, instance:Medanta_Form.SecondOpiniun@782859e]" started-at="2025-12-28T12:38:09 IST" name="Openbrowser" finished-at="2025-12-28T12:38:12 IST" duration-ms="2116" status="PASS">
          <reporter-output>
          </reporter-output>
        </test-method> <!-- Openbrowser -->
        <test-method signature="SecondOpinionPage_RequestACallbackForm()[pri:1, instance:Medanta_Form.SecondOpiniun@782859e]" started-at="2025-12-28T12:38:12 IST" name="SecondOpinionPage_RequestACallbackForm" finished-at="2025-12-28T12:38:32 IST" duration-ms="20921" status="PASS">
          <reporter-output>
          </reporter-output>
        </test-method> <!-- SecondOpinionPage_RequestACallbackForm -->
        <test-method is-config="true" signature="TearDown()[pri:0, instance:Medanta_Form.SecondOpiniun@782859e]" started-at="2025-12-28T12:38:32 IST" name="TearDown" finished-at="2025-12-28T12:38:33 IST" duration-ms="327" status="PASS">
          <reporter-output>
          </reporter-output>
        </test-method> <!-- TearDown -->
      </class> <!-- Medanta_Form.SecondOpiniun -->
    </test> <!-- SecondOpiniun -->
    <test started-at="2025-12-28T12:38:33 IST" name="TechnologyDP" finished-at="2025-12-28T12:38:53 IST" duration-ms="20324">
      <class name="Medanta_Form.TechnologyDP">
        <test-method is-config="true" signature="Openbrowser()[pri:0, instance:Medanta_Form.TechnologyDP@210ab13f]" started-at="2025-12-28T12:38:33 IST" name="Openbrowser" finished-at="2025-12-28T12:38:36 IST" duration-ms="3082" status="PASS">
          <reporter-output>
          </reporter-output>
        </test-method> <!-- Openbrowser -->
        <test-method signature="TechnologyDetailPage_QueryForm()[pri:1, instance:Medanta_Form.TechnologyDP@210ab13f]" started-at="2025-12-28T12:38:36 IST" name="TechnologyDetailPage_QueryForm" finished-at="2025-12-28T12:38:53 IST" duration-ms="16890" status="PASS">
          <reporter-output>
          </reporter-output>
        </test-method> <!-- TechnologyDetailPage_QueryForm -->
        <test-method is-config="true" signature="TearDown()[pri:0, instance:Medanta_Form.TechnologyDP@210ab13f]" started-at="2025-12-28T12:38:53 IST" name="TearDown" finished-at="2025-12-28T12:38:53 IST" duration-ms="348" status="PASS">
          <reporter-output>
          </reporter-output>
        </test-method> <!-- TearDown -->
      </class> <!-- Medanta_Form.TechnologyDP -->
    </test> <!-- TechnologyDP -->
    <test started-at="2025-12-28T12:38:53 IST" name="Telemedicine" finished-at="2025-12-28T12:39:12 IST" duration-ms="19000">
      <class name="Medanta_Form.Telemedicine">
        <test-method is-config="true" signature="Openbrowser()[pri:0, instance:Medanta_Form.Telemedicine@446a1e84]" started-at="2025-12-28T12:38:53 IST" name="Openbrowser" finished-at="2025-12-28T12:38:56 IST" duration-ms="3292" status="PASS">
          <reporter-output>
          </reporter-output>
        </test-method> <!-- Openbrowser -->
        <test-method signature="Telemedicine_RequestACallbackForm()[pri:1, instance:Medanta_Form.Telemedicine@446a1e84]" started-at="2025-12-28T12:38:56 IST" name="Telemedicine_RequestACallbackForm" finished-at="2025-12-28T12:39:12 IST" duration-ms="15433" status="PASS">
          <reporter-output>
          </reporter-output>
        </test-method> <!-- Telemedicine_RequestACallbackForm -->
        <test-method is-config="true" signature="TearDown()[pri:0, instance:Medanta_Form.Telemedicine@446a1e84]" started-at="2025-12-28T12:39:12 IST" name="TearDown" finished-at="2025-12-28T12:39:12 IST" duration-ms="272" status="PASS">
          <reporter-output>
          </reporter-output>
        </test-method> <!-- TearDown -->
      </class> <!-- Medanta_Form.Telemedicine -->
    </test> <!-- Telemedicine -->
    <test started-at="2025-12-28T12:39:12 IST" name="TreatmentD" finished-at="2025-12-28T12:39:32 IST" duration-ms="20244">
      <class name="Medanta_Form.TreatmentD">
        <test-method is-config="true" signature="Openbrowser()[pri:0, instance:Medanta_Form.TreatmentD@387a8303]" started-at="2025-12-28T12:39:12 IST" name="Openbrowser" finished-at="2025-12-28T12:39:16 IST" duration-ms="3910" status="PASS">
          <reporter-output>
          </reporter-output>
        </test-method> <!-- Openbrowser -->
        <test-method signature="TreatmentDetailPage_RequestACallBackForm()[pri:1, instance:Medanta_Form.TreatmentD@387a8303]" started-at="2025-12-28T12:39:16 IST" name="TreatmentDetailPage_RequestACallBackForm" finished-at="2025-12-28T12:39:32 IST" duration-ms="16011" status="PASS">
          <reporter-output>
          </reporter-output>
        </test-method> <!-- TreatmentDetailPage_RequestACallBackForm -->
        <test-method is-config="true" signature="TearDown()[pri:0, instance:Medanta_Form.TreatmentD@387a8303]" started-at="2025-12-28T12:39:32 IST" name="TearDown" finished-at="2025-12-28T12:39:32 IST" duration-ms="319" status="PASS">
          <reporter-output>
          </reporter-output>
        </test-method> <!-- TearDown -->
      </class> <!-- Medanta_Form.TreatmentD -->
    </test> <!-- TreatmentD -->
    <test started-at="2025-12-28T12:39:32 IST" name="updateEICU" finished-at="2025-12-28T12:39:54 IST" duration-ms="21132">
      <class name="Medanta_Form.updateEICU">
        <test-method is-config="true" signature="Openbrowser()[pri:0, instance:Medanta_Form.updateEICU@5c86a017]" started-at="2025-12-28T12:39:32 IST" name="Openbrowser" finished-at="2025-12-28T12:39:34 IST" duration-ms="2006" status="PASS">
          <reporter-output>
          </reporter-output>
        </test-method> <!-- Openbrowser -->
        <test-method signature="EICUPage_RequestACallbackForm()[pri:1, instance:Medanta_Form.updateEICU@5c86a017]" started-at="2025-12-28T12:39:34 IST" name="EICUPage_RequestACallbackForm" finished-at="2025-12-28T12:39:53 IST" duration-ms="18775" status="PASS">
          <reporter-output>
          </reporter-output>
        </test-method> <!-- EICUPage_RequestACallbackForm -->
        <test-method is-config="true" signature="TearDown()[pri:0, instance:Medanta_Form.updateEICU@5c86a017]" started-at="2025-12-28T12:39:53 IST" name="TearDown" finished-at="2025-12-28T12:39:54 IST" duration-ms="348" status="PASS">
          <reporter-output>
          </reporter-output>
        </test-method> <!-- TearDown -->
      </class> <!-- Medanta_Form.updateEICU -->
    </test> <!-- updateEICU -->
  </suite> <!-- Suite -->
</testng-results>
