<?xml version="1.0" encoding="UTF-8"?>
<testng-results ignored="0" total="1" passed="0" failed="1" skipped="0">
  <reporter-output>
  </reporter-output>
  <suite started-at="2026-02-25T15:14:37 IST" name="Default suite" finished-at="2026-02-25T15:15:05 IST" duration-ms="28751">
    <groups>
    </groups>
    <test started-at="2026-02-25T15:14:37 IST" name="Default test" finished-at="2026-02-25T15:15:05 IST" duration-ms="28751">
      <class name="Medanta_Form.BecomeAPartner">
        <test-method is-config="true" signature="writeExecutionDateOnce()[pri:0, instance:Medanta_Form.BecomeAPartner@2b40ff9c]" started-at="2026-02-25T15:14:36 IST" name="writeExecutionDateOnce" finished-at="2026-02-25T15:14:37 IST" duration-ms="1067" status="PASS">
          <reporter-output>
          </reporter-output>
        </test-method> <!-- writeExecutionDateOnce -->
        <test-method is-config="true" signature="openBrowser()[pri:0, instance:Medanta_Form.BecomeAPartner@2b40ff9c]" started-at="2026-02-25T15:14:37 IST" name="openBrowser" finished-at="2026-02-25T15:14:39 IST" duration-ms="2498" status="PASS">
          <reporter-output>
          </reporter-output>
        </test-method> <!-- openBrowser -->
        <test-method signature="BecomeAPartnerPage_BusinessModelForm()[pri:1, instance:Medanta_Form.BecomeAPartner@2b40ff9c]" started-at="2026-02-25T15:14:39 IST" name="BecomeAPartnerPage_BusinessModelForm" finished-at="2026-02-25T15:15:03 IST" duration-ms="23991" status="FAIL">
          <exception class="java.lang.AssertionError">
            <message>
              <![CDATA[BecomeAPartner form failed -> ❌ SERVER_FAIL (POST SUBMIT) | https://www.medanta.org/medanta-labs/become-a-partner | Become a Partner with Medanta Labs - Collaboration Opportunities | Medanta]]>
            </message>
            <full-stacktrace>
              <![CDATA[java.lang.AssertionError: BecomeAPartner form failed -> ❌ SERVER_FAIL (POST SUBMIT) | https://www.medanta.org/medanta-labs/become-a-partner | Become a Partner with Medanta Labs - Collaboration Opportunities | Medanta
at org.testng.Assert.fail(Assert.java:110)
at Medanta_Form.BecomeAPartner.BecomeAPartnerPage_BusinessModelForm(BecomeAPartner.java:166)
at java.base/jdk.internal.reflect.NativeMethodAccessorImpl.invoke0(Native Method)
at java.base/jdk.internal.reflect.NativeMethodAccessorImpl.invoke(NativeMethodAccessorImpl.java:77)
at java.base/jdk.internal.reflect.DelegatingMethodAccessorImpl.invoke(DelegatingMethodAccessorImpl.java:43)
at java.base/java.lang.reflect.Method.invoke(Method.java:568)
at org.testng.internal.invokers.MethodInvocationHelper.invokeMethod(MethodInvocationHelper.java:139)
at org.testng.internal.invokers.TestInvoker.invokeMethod(TestInvoker.java:677)
at org.testng.internal.invokers.TestInvoker.invokeTestMethod(TestInvoker.java:221)
at org.testng.internal.invokers.MethodRunner.runInSequence(MethodRunner.java:50)
at org.testng.internal.invokers.TestInvoker$MethodInvocationAgent.invoke(TestInvoker.java:969)
at org.testng.internal.invokers.TestInvoker.invokeTestMethods(TestInvoker.java:194)
at org.testng.internal.invokers.TestMethodWorker.invokeTestMethods(TestMethodWorker.java:148)
at org.testng.internal.invokers.TestMethodWorker.run(TestMethodWorker.java:128)
at java.base/java.util.ArrayList.forEach(ArrayList.java:1511)
at org.testng.TestRunner.privateRun(TestRunner.java:829)
at org.testng.TestRunner.run(TestRunner.java:602)
at org.testng.SuiteRunner.runTest(SuiteRunner.java:437)
at org.testng.SuiteRunner.runSequentially(SuiteRunner.java:431)
at org.testng.SuiteRunner.privateRun(SuiteRunner.java:391)
at org.testng.SuiteRunner.run(SuiteRunner.java:330)
at org.testng.SuiteRunnerWorker.runSuite(SuiteRunnerWorker.java:52)
at org.testng.SuiteRunnerWorker.run(SuiteRunnerWorker.java:95)
at org.testng.TestNG.runSuitesSequentially(TestNG.java:1256)
at org.testng.TestNG.runSuitesLocally(TestNG.java:1176)
at org.testng.TestNG.runSuites(TestNG.java:1099)
at org.testng.TestNG.run(TestNG.java:1067)
at org.testng.remote.AbstractRemoteTestNG.run(AbstractRemoteTestNG.java:115)
at org.testng.remote.RemoteTestNG.initAndRun(RemoteTestNG.java:293)
at org.testng.remote.RemoteTestNG.main(RemoteTestNG.java:91)
]]>
            </full-stacktrace>
          </exception> <!-- java.lang.AssertionError -->
          <reporter-output>
          </reporter-output>
        </test-method> <!-- BecomeAPartnerPage_BusinessModelForm -->
        <test-method is-config="true" signature="tearDown()[pri:0, instance:Medanta_Form.BecomeAPartner@2b40ff9c]" started-at="2026-02-25T15:15:03 IST" name="tearDown" finished-at="2026-02-25T15:15:05 IST" duration-ms="2116" status="PASS">
          <reporter-output>
          </reporter-output>
        </test-method> <!-- tearDown -->
      </class> <!-- Medanta_Form.BecomeAPartner -->
    </test> <!-- Default test -->
  </suite> <!-- Default suite -->
</testng-results>
