<?xml version="1.0" encoding="UTF-8"?>
<testng-results ignored="0" total="1" passed="0" failed="1" skipped="0">
  <reporter-output>
  </reporter-output>
  <suite started-at="2026-02-22T18:17:50 IST" name="Default suite" finished-at="2026-02-22T18:18:33 IST" duration-ms="43089">
    <groups>
    </groups>
    <test started-at="2026-02-22T18:17:50 IST" name="Default test" finished-at="2026-02-22T18:18:33 IST" duration-ms="43089">
      <class name="Medanta_Form.SecondOpiniun">
        <test-method is-config="true" signature="writeExecutionDateOnce()[pri:0, instance:Medanta_Form.SecondOpiniun@451001e5]" started-at="2026-02-22T18:17:49 IST" name="writeExecutionDateOnce" finished-at="2026-02-22T18:17:50 IST" duration-ms="998" status="PASS">
          <reporter-output>
          </reporter-output>
        </test-method> <!-- writeExecutionDateOnce -->
        <test-method is-config="true" signature="openBrowser()[pri:0, instance:Medanta_Form.SecondOpiniun@451001e5]" started-at="2026-02-22T18:17:50 IST" name="openBrowser" finished-at="2026-02-22T18:17:53 IST" duration-ms="2520" status="PASS">
          <reporter-output>
          </reporter-output>
        </test-method> <!-- openBrowser -->
        <test-method signature="SecondOpinionPage_RequestACallbackForm()[pri:1, instance:Medanta_Form.SecondOpiniun@451001e5]" started-at="2026-02-22T18:17:53 IST" name="SecondOpinionPage_RequestACallbackForm" finished-at="2026-02-22T18:18:33 IST" duration-ms="39768" status="FAIL">
          <exception class="java.lang.AssertionError">
            <message>
              <![CDATA[Second Opinion form failed -> ❌ SERVER_FAIL | https://www.medanta.org/second-opinion | Get a Second Opinion from Leading Medical Experts | Medanta]]>
            </message>
            <full-stacktrace>
              <![CDATA[java.lang.AssertionError: Second Opinion form failed -> ❌ SERVER_FAIL | https://www.medanta.org/second-opinion | Get a Second Opinion from Leading Medical Experts | Medanta
at org.testng.Assert.fail(Assert.java:110)
at Medanta_Form.SecondOpiniun.SecondOpinionPage_RequestACallbackForm(SecondOpiniun.java:146)
at java.base/jdk.internal.reflect.NativeMethodAccessorImpl.invoke0(Native Method)
at java.base/jdk.internal.reflect.NativeMethodAccessorImpl.invoke(NativeMethodAccessorImpl.java:77)
at java.base/jdk.internal.reflect.DelegatingMethodAccessorImpl.invoke(DelegatingMethodAccessorImpl.java:43)
at java.base/java.lang.reflect.Method.invoke(Method.java:568)
at org.testng.internal.invokers.MethodInvocationHelper.invokeMethod(MethodInvocationHelper.java:139)
at org.testng.internal.invokers.TestInvoker.invokeMethod(TestInvoker.java:677)
at org.testng.internal.invokers.TestInvoker.invokeTestMethod(TestInvoker.java:221)
at org.testng.internal.invokers.MethodRunner.runInSequence(MethodRunner.java:50)
at org.testng.internal.invokers.TestInvoker$MethodInvocationAgent.invoke(TestInvoker.java:969)
at org.testng.internal.invokers.TestInvoker.invokeTestMethods(TestInvoker.java:194)
at org.testng.internal.invokers.TestMethodWorker.invokeTestMethods(TestMethodWorker.java:148)
at org.testng.internal.invokers.TestMethodWorker.run(TestMethodWorker.java:128)
at java.base/java.util.ArrayList.forEach(ArrayList.java:1511)
at org.testng.TestRunner.privateRun(TestRunner.java:829)
at org.testng.TestRunner.run(TestRunner.java:602)
at org.testng.SuiteRunner.runTest(SuiteRunner.java:437)
at org.testng.SuiteRunner.runSequentially(SuiteRunner.java:431)
at org.testng.SuiteRunner.privateRun(SuiteRunner.java:391)
at org.testng.SuiteRunner.run(SuiteRunner.java:330)
at org.testng.SuiteRunnerWorker.runSuite(SuiteRunnerWorker.java:52)
at org.testng.SuiteRunnerWorker.run(SuiteRunnerWorker.java:95)
at org.testng.TestNG.runSuitesSequentially(TestNG.java:1256)
at org.testng.TestNG.runSuitesLocally(TestNG.java:1176)
at org.testng.TestNG.runSuites(TestNG.java:1099)
at org.testng.TestNG.run(TestNG.java:1067)
at org.testng.remote.AbstractRemoteTestNG.run(AbstractRemoteTestNG.java:115)
at org.testng.remote.RemoteTestNG.initAndRun(RemoteTestNG.java:293)
at org.testng.remote.RemoteTestNG.main(RemoteTestNG.java:91)
]]>
            </full-stacktrace>
          </exception> <!-- java.lang.AssertionError -->
          <reporter-output>
          </reporter-output>
        </test-method> <!-- SecondOpinionPage_RequestACallbackForm -->
        <test-method is-config="true" signature="tearDown()[pri:0, instance:Medanta_Form.SecondOpiniun@451001e5]" started-at="2026-02-22T18:18:33 IST" name="tearDown" finished-at="2026-02-22T18:18:33 IST" duration-ms="725" status="PASS">
          <reporter-output>
          </reporter-output>
        </test-method> <!-- tearDown -->
      </class> <!-- Medanta_Form.SecondOpiniun -->
    </test> <!-- Default test -->
  </suite> <!-- Default suite -->
</testng-results>
