<?xml version="1.0" encoding="UTF-8"?>
<testng-results ignored="0" total="1" passed="1" failed="0" skipped="0">
  <reporter-output>
  </reporter-output>
  <suite started-at="2026-01-14T16:33:44 IST" name="Default suite" finished-at="2026-01-14T16:34:02 IST" duration-ms="18711">
    <groups>
    </groups>
    <test started-at="2026-01-14T16:33:44 IST" name="Default test" finished-at="2026-01-14T16:34:02 IST" duration-ms="18711">
      <class name="Medanta_Form.AirAmbulancePage">
        <test-method is-config="true" signature="writeExecutionDateOnce()[pri:0, instance:Medanta_Form.AirAmbulancePage@72035809]" started-at="2026-01-14T16:33:43 IST" name="writeExecutionDateOnce" finished-at="2026-01-14T16:33:44 IST" duration-ms="1015" status="PASS">
          <reporter-output>
          </reporter-output>
        </test-method> <!-- writeExecutionDateOnce -->
        <test-method is-config="true" signature="openBrowser()[pri:0, instance:Medanta_Form.AirAmbulancePage@72035809]" started-at="2026-01-14T16:33:44 IST" name="openBrowser" finished-at="2026-01-14T16:33:46 IST" duration-ms="2665" status="PASS">
          <reporter-output>
          </reporter-output>
        </test-method> <!-- openBrowser -->
        <test-method signature="AirAmbulance_RequestACallbackForm()[pri:1, instance:Medanta_Form.AirAmbulancePage@72035809]" started-at="2026-01-14T16:33:46 IST" name="AirAmbulance_RequestACallbackForm" finished-at="2026-01-14T16:34:02 IST" duration-ms="15453" status="PASS">
          <reporter-output>
          </reporter-output>
        </test-method> <!-- AirAmbulance_RequestACallbackForm -->
        <test-method is-config="true" signature="tearDown()[pri:0, instance:Medanta_Form.AirAmbulancePage@72035809]" started-at="2026-01-14T16:34:02 IST" name="tearDown" finished-at="2026-01-14T16:34:02 IST" duration-ms="533" status="PASS">
          <reporter-output>
          </reporter-output>
        </test-method> <!-- tearDown -->
      </class> <!-- Medanta_Form.AirAmbulancePage -->
    </test> <!-- Default test -->
  </suite> <!-- Default suite -->
</testng-results>
