<?xml version="1.0" encoding="UTF-8"?>
<testng-results ignored="0" total="1" passed="1" failed="0" skipped="0">
  <reporter-output>
  </reporter-output>
  <suite started-at="2026-02-25T21:25:43 IST" name="Default suite" finished-at="2026-02-25T21:25:58 IST" duration-ms="15249">
    <groups>
    </groups>
    <test started-at="2026-02-25T21:25:43 IST" name="Default test" finished-at="2026-02-25T21:25:58 IST" duration-ms="15249">
      <class name="Medanta_Form.BlogDP">
        <test-method is-config="true" signature="writeExecutionDateOnce()[pri:0, instance:Medanta_Form.BlogDP@221a3fa4]" started-at="2026-02-25T21:25:42 IST" name="writeExecutionDateOnce" finished-at="2026-02-25T21:25:43 IST" duration-ms="951" status="PASS">
          <reporter-output>
          </reporter-output>
        </test-method> <!-- writeExecutionDateOnce -->
        <test-method is-config="true" signature="openBrowser()[pri:0, instance:Medanta_Form.BlogDP@221a3fa4]" started-at="2026-02-25T21:25:43 IST" name="openBrowser" finished-at="2026-02-25T21:25:45 IST" duration-ms="2158" status="PASS">
          <reporter-output>
          </reporter-output>
        </test-method> <!-- openBrowser -->
        <test-method signature="BlogDetailPage_QueryForm()[pri:1, instance:Medanta_Form.BlogDP@221a3fa4]" started-at="2026-02-25T21:25:45 IST" name="BlogDetailPage_QueryForm" finished-at="2026-02-25T21:25:58 IST" duration-ms="12595" status="PASS">
          <reporter-output>
          </reporter-output>
        </test-method> <!-- BlogDetailPage_QueryForm -->
        <test-method is-config="true" signature="tearDown()[pri:0, instance:Medanta_Form.BlogDP@221a3fa4]" started-at="2026-02-25T21:25:58 IST" name="tearDown" finished-at="2026-02-25T21:25:58 IST" duration-ms="436" status="PASS">
          <reporter-output>
          </reporter-output>
        </test-method> <!-- tearDown -->
      </class> <!-- Medanta_Form.BlogDP -->
    </test> <!-- Default test -->
  </suite> <!-- Default suite -->
</testng-results>
