<?xml version="1.0" encoding="UTF-8"?>
<testng-results ignored="0" total="1" passed="1" failed="0" skipped="0">
  <reporter-output>
  </reporter-output>
  <suite started-at="2026-01-07T14:23:54 IST" name="Default suite" finished-at="2026-01-07T14:24:20 IST" duration-ms="25378">
    <groups>
    </groups>
    <test started-at="2026-01-07T14:23:54 IST" name="Default test" finished-at="2026-01-07T14:24:20 IST" duration-ms="25378">
      <class name="Medanta_Form.ContactUs_Others">
        <test-method is-config="true" signature="OpenBrowser()[pri:0, instance:Medanta_Form.ContactUs_Others@33065d67]" started-at="2026-01-07T14:23:54 IST" name="OpenBrowser" finished-at="2026-01-07T14:23:59 IST" duration-ms="4787" status="PASS">
          <reporter-output>
          </reporter-output>
        </test-method> <!-- OpenBrowser -->
        <test-method signature="ContactUsPage_OthersForm()[pri:1, instance:Medanta_Form.ContactUs_Others@33065d67]" started-at="2026-01-07T14:23:59 IST" name="ContactUsPage_OthersForm" finished-at="2026-01-07T14:24:19 IST" duration-ms="19878" status="PASS">
          <reporter-output>
          </reporter-output>
        </test-method> <!-- ContactUsPage_OthersForm -->
        <test-method is-config="true" signature="TearDown()[pri:0, instance:Medanta_Form.ContactUs_Others@33065d67]" started-at="2026-01-07T14:24:19 IST" name="TearDown" finished-at="2026-01-07T14:24:20 IST" duration-ms="625" status="PASS">
          <reporter-output>
          </reporter-output>
        </test-method> <!-- TearDown -->
      </class> <!-- Medanta_Form.ContactUs_Others -->
    </test> <!-- Default test -->
  </suite> <!-- Default suite -->
</testng-results>
