<?xml version="1.0" encoding="UTF-8"?>
<testng-results ignored="0" total="1" passed="1" failed="0" skipped="0">
  <reporter-output>
  </reporter-output>
  <suite started-at="2026-01-20T15:20:22 IST" name="Default suite" finished-at="2026-01-20T15:20:45 IST" duration-ms="22867">
    <groups>
    </groups>
    <test started-at="2026-01-20T15:20:22 IST" name="Default test" finished-at="2026-01-20T15:20:45 IST" duration-ms="22867">
      <class name="Medanta_Form.AilmentDP">
        <test-method is-config="true" signature="writeExecutionDateOnce()[pri:0, instance:Medanta_Form.AilmentDP@72035809]" started-at="2026-01-20T15:20:21 IST" name="writeExecutionDateOnce" finished-at="2026-01-20T15:20:22 IST" duration-ms="1091" status="PASS">
          <reporter-output>
          </reporter-output>
        </test-method> <!-- writeExecutionDateOnce -->
        <test-method is-config="true" signature="openBrowser()[pri:0, instance:Medanta_Form.AilmentDP@72035809]" started-at="2026-01-20T15:20:22 IST" name="openBrowser" finished-at="2026-01-20T15:20:27 IST" duration-ms="4740" status="PASS">
          <reporter-output>
          </reporter-output>
        </test-method> <!-- openBrowser -->
        <test-method signature="AilmentDetailPage_RequestCallBackForm()[pri:1, instance:Medanta_Form.AilmentDP@72035809]" started-at="2026-01-20T15:20:27 IST" name="AilmentDetailPage_RequestCallBackForm" finished-at="2026-01-20T15:20:45 IST" duration-ms="17683" status="PASS">
          <reporter-output>
          </reporter-output>
        </test-method> <!-- AilmentDetailPage_RequestCallBackForm -->
        <test-method is-config="true" signature="tearDown()[pri:0, instance:Medanta_Form.AilmentDP@72035809]" started-at="2026-01-20T15:20:45 IST" name="tearDown" finished-at="2026-01-20T15:20:45 IST" duration-ms="387" status="PASS">
          <reporter-output>
          </reporter-output>
        </test-method> <!-- tearDown -->
      </class> <!-- Medanta_Form.AilmentDP -->
    </test> <!-- Default test -->
  </suite> <!-- Default suite -->
</testng-results>
