<?xml version="1.0" encoding="UTF-8"?>
<testng-results ignored="0" total="3" passed="3" failed="0" skipped="0">
  <reporter-output>
  </reporter-output>
  <suite started-at="2025-06-18T17:01:31 IST" name="Default suite" finished-at="2025-06-18T17:02:24 IST" duration-ms="52910">
    <groups>
    </groups>
    <test started-at="2025-06-18T17:01:31 IST" name="Default test" finished-at="2025-06-18T17:02:24 IST" duration-ms="52910">
      <class name="Medanta_Form.ElderCare">
        <test-method is-config="true" signature="Openbrowser()[pri:0, instance:Medanta_Form.ElderCare@53045c6c]" started-at="2025-06-18T17:01:31 IST" name="Openbrowser" finished-at="2025-06-18T17:01:39 IST" duration-ms="8230" status="PASS">
          <reporter-output>
          </reporter-output>
        </test-method> <!-- Openbrowser -->
        <test-method signature="TC_01()[pri:0, instance:Medanta_Form.ElderCare@53045c6c]" started-at="2025-06-18T17:01:39 IST" name="TC_01" finished-at="2025-06-18T17:01:48 IST" duration-ms="8560" status="PASS">
          <reporter-output>
          </reporter-output>
        </test-method> <!-- TC_01 -->
        <test-method signature="TC_02()[pri:0, instance:Medanta_Form.ElderCare@53045c6c]" started-at="2025-06-18T17:01:48 IST" name="TC_02" finished-at="2025-06-18T17:02:06 IST" duration-ms="18602" status="PASS">
          <reporter-output>
          </reporter-output>
        </test-method> <!-- TC_02 -->
        <test-method signature="TC_03()[pri:0, instance:Medanta_Form.ElderCare@53045c6c]" started-at="2025-06-18T17:02:06 IST" name="TC_03" finished-at="2025-06-18T17:02:23 IST" duration-ms="16621" status="PASS">
          <reporter-output>
          </reporter-output>
        </test-method> <!-- TC_03 -->
        <test-method is-config="true" signature="TearDown()[pri:0, instance:Medanta_Form.ElderCare@53045c6c]" started-at="2025-06-18T17:02:23 IST" name="TearDown" finished-at="2025-06-18T17:02:24 IST" duration-ms="825" status="PASS">
          <reporter-output>
          </reporter-output>
        </test-method> <!-- TearDown -->
      </class> <!-- Medanta_Form.ElderCare -->
    </test> <!-- Default test -->
  </suite> <!-- Default suite -->
</testng-results>
