<?xml version="1.0" encoding="UTF-8"?>
<testng-results ignored="0" total="1" passed="1" failed="0" skipped="0">
  <reporter-output>
  </reporter-output>
  <suite started-at="2026-02-13T21:38:49 IST" name="Default suite" finished-at="2026-02-13T21:39:16 IST" duration-ms="27780">
    <groups>
    </groups>
    <test started-at="2026-02-13T21:38:49 IST" name="Default test" finished-at="2026-02-13T21:39:16 IST" duration-ms="27780">
      <class name="Medanta_Form.CulturalEDP">
        <test-method is-config="true" signature="writeExecutionDateOnce()[pri:0, instance:Medanta_Form.CulturalEDP@33bc72d1]" started-at="2026-02-13T21:38:48 IST" name="writeExecutionDateOnce" finished-at="2026-02-13T21:38:49 IST" duration-ms="1024" status="PASS">
          <reporter-output>
          </reporter-output>
        </test-method> <!-- writeExecutionDateOnce -->
        <test-method is-config="true" signature="openBrowser()[pri:0, instance:Medanta_Form.CulturalEDP@33bc72d1]" started-at="2026-02-13T21:38:49 IST" name="openBrowser" finished-at="2026-02-13T21:38:52 IST" duration-ms="2916" status="PASS">
          <reporter-output>
          </reporter-output>
        </test-method> <!-- openBrowser -->
        <test-method signature="CulturalEventDetailPage_QueryForm()[pri:1, instance:Medanta_Form.CulturalEDP@33bc72d1]" started-at="2026-02-13T21:38:52 IST" name="CulturalEventDetailPage_QueryForm" finished-at="2026-02-13T21:39:16 IST" duration-ms="24262" status="PASS">
          <reporter-output>
          </reporter-output>
        </test-method> <!-- CulturalEventDetailPage_QueryForm -->
        <test-method is-config="true" signature="tearDown()[pri:0, instance:Medanta_Form.CulturalEDP@33bc72d1]" started-at="2026-02-13T21:39:16 IST" name="tearDown" finished-at="2026-02-13T21:39:16 IST" duration-ms="536" status="PASS">
          <reporter-output>
          </reporter-output>
        </test-method> <!-- tearDown -->
      </class> <!-- Medanta_Form.CulturalEDP -->
    </test> <!-- Default test -->
  </suite> <!-- Default suite -->
</testng-results>
