<?xml version="1.0" encoding="UTF-8"?>
<testng-results ignored="0" total="1" passed="1" failed="0" skipped="0">
  <reporter-output>
  </reporter-output>
  <suite started-at="2025-11-21T13:12:28 IST" name="Default suite" finished-at="2025-11-21T13:12:49 IST" duration-ms="20845">
    <groups>
    </groups>
    <test started-at="2025-11-21T13:12:28 IST" name="Default test" finished-at="2025-11-21T13:12:49 IST" duration-ms="20845">
      <class name="Medanta_Form.AilmentDP">
        <test-method is-config="true" signature="Openbrowser()[pri:0, instance:Medanta_Form.AilmentDP@6bbe85a8]" started-at="2025-11-21T13:12:28 IST" name="Openbrowser" finished-at="2025-11-21T13:12:38 IST" duration-ms="9671" status="PASS">
          <reporter-output>
          </reporter-output>
        </test-method> <!-- Openbrowser -->
        <test-method signature="AilmentDetailPage_RequestCallBackForm()[pri:1, instance:Medanta_Form.AilmentDP@6bbe85a8]" started-at="2025-11-21T13:12:38 IST" name="AilmentDetailPage_RequestCallBackForm" finished-at="2025-11-21T13:12:47 IST" duration-ms="9148" status="PASS">
          <reporter-output>
          </reporter-output>
        </test-method> <!-- AilmentDetailPage_RequestCallBackForm -->
        <test-method is-config="true" signature="TearDown()[pri:0, instance:Medanta_Form.AilmentDP@6bbe85a8]" started-at="2025-11-21T13:12:47 IST" name="TearDown" finished-at="2025-11-21T13:12:49 IST" duration-ms="1965" status="PASS">
          <reporter-output>
          </reporter-output>
        </test-method> <!-- TearDown -->
      </class> <!-- Medanta_Form.AilmentDP -->
    </test> <!-- Default test -->
  </suite> <!-- Default suite -->
</testng-results>
