<?xml version="1.0" encoding="UTF-8"?>
<testng-results ignored="0" total="29" passed="29" failed="0" skipped="0">
  <reporter-output>
  </reporter-output>
  <suite started-at="2025-12-02T10:30:03 IST" name="Suite" finished-at="2025-12-02T10:36:09 IST" duration-ms="365124">
    <groups>
    </groups>
    <test started-at="2025-12-02T10:30:03 IST" name="AilmentDP" finished-at="2025-12-02T10:30:28 IST" duration-ms="24566">
      <class name="Medanta_Form.AilmentDP">
        <test-method is-config="true" signature="Openbrowser()[pri:0, instance:Medanta_Form.AilmentDP@6bbe85a8]" started-at="2025-12-02T10:30:03 IST" name="Openbrowser" finished-at="2025-12-02T10:30:16 IST" duration-ms="12324" status="PASS">
          <reporter-output>
          </reporter-output>
        </test-method> <!-- Openbrowser -->
        <test-method signature="AilmentDetailPage_RequestCallBackForm()[pri:1, instance:Medanta_Form.AilmentDP@6bbe85a8]" started-at="2025-12-02T10:30:16 IST" name="AilmentDetailPage_RequestCallBackForm" finished-at="2025-12-02T10:30:27 IST" duration-ms="10816" status="PASS">
          <reporter-output>
          </reporter-output>
        </test-method> <!-- AilmentDetailPage_RequestCallBackForm -->
        <test-method is-config="true" signature="TearDown()[pri:0, instance:Medanta_Form.AilmentDP@6bbe85a8]" started-at="2025-12-02T10:30:27 IST" name="TearDown" finished-at="2025-12-02T10:30:28 IST" duration-ms="1288" status="PASS">
          <reporter-output>
          </reporter-output>
        </test-method> <!-- TearDown -->
      </class> <!-- Medanta_Form.AilmentDP -->
    </test> <!-- AilmentDP -->
    <test started-at="2025-12-02T10:30:28 IST" name="BecomeAPartner" finished-at="2025-12-02T10:30:42 IST" duration-ms="14409">
      <class name="Medanta_Form.BecomeAPartner">
        <test-method is-config="true" signature="Openbrowser()[pri:0, instance:Medanta_Form.BecomeAPartner@6440112d]" started-at="2025-12-02T10:30:28 IST" name="Openbrowser" finished-at="2025-12-02T10:30:33 IST" duration-ms="4481" status="PASS">
          <reporter-output>
          </reporter-output>
        </test-method> <!-- Openbrowser -->
        <test-method signature="BecomeAPartnerPage_BusinessModelForm()[pri:1, instance:Medanta_Form.BecomeAPartner@6440112d]" started-at="2025-12-02T10:30:33 IST" name="BecomeAPartnerPage_BusinessModelForm" finished-at="2025-12-02T10:30:42 IST" duration-ms="9415" status="PASS">
          <reporter-output>
          </reporter-output>
        </test-method> <!-- BecomeAPartnerPage_BusinessModelForm -->
        <test-method is-config="true" signature="TearDown()[pri:0, instance:Medanta_Form.BecomeAPartner@6440112d]" started-at="2025-12-02T10:30:42 IST" name="TearDown" finished-at="2025-12-02T10:30:42 IST" duration-ms="506" status="PASS">
          <reporter-output>
          </reporter-output>
        </test-method> <!-- TearDown -->
      </class> <!-- Medanta_Form.BecomeAPartner -->
    </test> <!-- BecomeAPartner -->
    <test started-at="2025-12-02T10:30:42 IST" name="BlogDP" finished-at="2025-12-02T10:30:54 IST" duration-ms="11995">
      <class name="Medanta_Form.BlogDP">
        <test-method is-config="true" signature="Openbrowser()[pri:0, instance:Medanta_Form.BlogDP@7d9d0818]" started-at="2025-12-02T10:30:42 IST" name="Openbrowser" finished-at="2025-12-02T10:30:47 IST" duration-ms="4100" status="PASS">
          <reporter-output>
          </reporter-output>
        </test-method> <!-- Openbrowser -->
        <test-method signature="BlogDetailPage_QueryForm()[pri:1, instance:Medanta_Form.BlogDP@7d9d0818]" started-at="2025-12-02T10:30:47 IST" name="BlogDetailPage_QueryForm" finished-at="2025-12-02T10:30:54 IST" duration-ms="7436" status="PASS">
          <reporter-output>
          </reporter-output>
        </test-method> <!-- BlogDetailPage_QueryForm -->
        <test-method is-config="true" signature="TearDown()[pri:0, instance:Medanta_Form.BlogDP@7d9d0818]" started-at="2025-12-02T10:30:54 IST" name="TearDown" finished-at="2025-12-02T10:30:54 IST" duration-ms="443" status="PASS">
          <reporter-output>
          </reporter-output>
        </test-method> <!-- TearDown -->
      </class> <!-- Medanta_Form.BlogDP -->
    </test> <!-- BlogDP -->
    <test started-at="2025-12-02T10:30:54 IST" name="ContactUs" finished-at="2025-12-02T10:31:42 IST" duration-ms="47647">
      <class name="Medanta_Form.ContactUs">
        <test-method is-config="true" signature="Openbrowser()[pri:0, instance:Medanta_Form.ContactUs@496bc455]" started-at="2025-12-02T10:30:54 IST" name="Openbrowser" finished-at="2025-12-02T10:30:59 IST" duration-ms="4358" status="PASS">
          <reporter-output>
          </reporter-output>
        </test-method> <!-- Openbrowser -->
        <test-method signature="ContactUsPage_EnquiryForm()[pri:1, instance:Medanta_Form.ContactUs@496bc455]" started-at="2025-12-02T10:30:59 IST" name="ContactUsPage_EnquiryForm" finished-at="2025-12-02T10:31:16 IST" duration-ms="17437" status="PASS">
          <reporter-output>
          </reporter-output>
        </test-method> <!-- ContactUsPage_EnquiryForm -->
        <test-method signature="ContactUsPage_FeedbackForm()[pri:2, instance:Medanta_Form.ContactUs@496bc455]" started-at="2025-12-02T10:31:16 IST" name="ContactUsPage_FeedbackForm" finished-at="2025-12-02T10:31:26 IST" duration-ms="9853" status="PASS">
          <reporter-output>
          </reporter-output>
        </test-method> <!-- ContactUsPage_FeedbackForm -->
        <test-method signature="ContactUsPage_OthersForm()[pri:3, instance:Medanta_Form.ContactUs@496bc455]" started-at="2025-12-02T10:31:26 IST" name="ContactUsPage_OthersForm" finished-at="2025-12-02T10:31:41 IST" duration-ms="15366" status="PASS">
          <reporter-output>
          </reporter-output>
        </test-method> <!-- ContactUsPage_OthersForm -->
        <test-method is-config="true" signature="TearDown()[pri:0, instance:Medanta_Form.ContactUs@496bc455]" started-at="2025-12-02T10:31:41 IST" name="TearDown" finished-at="2025-12-02T10:31:42 IST" duration-ms="623" status="PASS">
          <reporter-output>
          </reporter-output>
        </test-method> <!-- TearDown -->
      </class> <!-- Medanta_Form.ContactUs -->
    </test> <!-- ContactUs -->
    <test started-at="2025-12-02T10:31:42 IST" name="CPR" finished-at="2025-12-02T10:32:07 IST" duration-ms="24661">
      <class name="Medanta_Form.CPR">
        <test-method is-config="true" signature="Openbrowser()[pri:0, instance:Medanta_Form.CPR@43df23d3]" started-at="2025-12-02T10:31:42 IST" name="Openbrowser" finished-at="2025-12-02T10:31:50 IST" duration-ms="8302" status="PASS">
          <reporter-output>
          </reporter-output>
        </test-method> <!-- Openbrowser -->
        <test-method signature="CPRPage_EnrollnowForm()[pri:0, instance:Medanta_Form.CPR@43df23d3]" started-at="2025-12-02T10:31:50 IST" name="CPRPage_EnrollnowForm" finished-at="2025-12-02T10:32:06 IST" duration-ms="15854" status="PASS">
          <reporter-output>
          </reporter-output>
        </test-method> <!-- CPRPage_EnrollnowForm -->
        <test-method is-config="true" signature="TearDown()[pri:0, instance:Medanta_Form.CPR@43df23d3]" started-at="2025-12-02T10:32:06 IST" name="TearDown" finished-at="2025-12-02T10:32:07 IST" duration-ms="499" status="PASS">
          <reporter-output>
          </reporter-output>
        </test-method> <!-- TearDown -->
      </class> <!-- Medanta_Form.CPR -->
    </test> <!-- CPR -->
    <test started-at="2025-12-02T10:32:07 IST" name="CulturalEDP" finished-at="2025-12-02T10:32:19 IST" duration-ms="11869">
      <class name="Medanta_Form.CulturalEDP">
        <test-method is-config="true" signature="Openbrowser()[pri:0, instance:Medanta_Form.CulturalEDP@1972e513]" started-at="2025-12-02T10:32:07 IST" name="Openbrowser" finished-at="2025-12-02T10:32:11 IST" duration-ms="4526" status="PASS">
          <reporter-output>
          </reporter-output>
        </test-method> <!-- Openbrowser -->
        <test-method signature="CulturalEventDetailPage_QueryForm()[pri:0, instance:Medanta_Form.CulturalEDP@1972e513]" started-at="2025-12-02T10:32:11 IST" name="CulturalEventDetailPage_QueryForm" finished-at="2025-12-02T10:32:18 IST" duration-ms="6793" status="PASS">
          <reporter-output>
          </reporter-output>
        </test-method> <!-- CulturalEventDetailPage_QueryForm -->
        <test-method is-config="true" signature="TearDown()[pri:0, instance:Medanta_Form.CulturalEDP@1972e513]" started-at="2025-12-02T10:32:18 IST" name="TearDown" finished-at="2025-12-02T10:32:19 IST" duration-ms="539" status="PASS">
          <reporter-output>
          </reporter-output>
        </test-method> <!-- TearDown -->
      </class> <!-- Medanta_Form.CulturalEDP -->
    </test> <!-- CulturalEDP -->
    <test started-at="2025-12-02T10:32:19 IST" name="ElderCare" finished-at="2025-12-02T10:32:41 IST" duration-ms="22836">
      <class name="Medanta_Form.ElderCare">
        <test-method is-config="true" signature="Openbrowser()[pri:0, instance:Medanta_Form.ElderCare@2a693f59]" started-at="2025-12-02T10:32:19 IST" name="Openbrowser" finished-at="2025-12-02T10:32:23 IST" duration-ms="4307" status="PASS">
          <reporter-output>
          </reporter-output>
        </test-method> <!-- Openbrowser -->
        <test-method signature="ElderCareProgramPage_RequestACallbackForm()[pri:1, instance:Medanta_Form.ElderCare@2a693f59]" started-at="2025-12-02T10:32:23 IST" name="ElderCareProgramPage_RequestACallbackForm" finished-at="2025-12-02T10:32:32 IST" duration-ms="8934" status="PASS">
          <reporter-output>
          </reporter-output>
        </test-method> <!-- ElderCareProgramPage_RequestACallbackForm -->
        <test-method signature="ElderCareProgramPage_EnquiryForm()[pri:2, instance:Medanta_Form.ElderCare@2a693f59]" started-at="2025-12-02T10:32:32 IST" name="ElderCareProgramPage_EnquiryForm" finished-at="2025-12-02T10:32:39 IST" duration-ms="7475" status="PASS">
          <reporter-output>
          </reporter-output>
        </test-method> <!-- ElderCareProgramPage_EnquiryForm -->
        <test-method is-config="true" signature="TearDown()[pri:0, instance:Medanta_Form.ElderCare@2a693f59]" started-at="2025-12-02T10:32:39 IST" name="TearDown" finished-at="2025-12-02T10:32:41 IST" duration-ms="2112" status="PASS">
          <reporter-output>
          </reporter-output>
        </test-method> <!-- TearDown -->
      </class> <!-- Medanta_Form.ElderCare -->
    </test> <!-- ElderCare -->
    <test started-at="2025-12-02T10:32:42 IST" name="Headerform" finished-at="2025-12-02T10:32:55 IST" duration-ms="13425">
      <class name="Medanta_Form.Headerform">
        <test-method is-config="true" signature="Openbrowser()[pri:0, instance:Medanta_Form.Headerform@28dcca0c]" started-at="2025-12-02T10:32:42 IST" name="Openbrowser" finished-at="2025-12-02T10:32:45 IST" duration-ms="3101" status="PASS">
          <reporter-output>
          </reporter-output>
        </test-method> <!-- Openbrowser -->
        <test-method signature="Header_RequestACallBackForm()[pri:0, instance:Medanta_Form.Headerform@28dcca0c]" started-at="2025-12-02T10:32:45 IST" name="Header_RequestACallBackForm" finished-at="2025-12-02T10:32:54 IST" duration-ms="9730" status="PASS">
          <reporter-output>
          </reporter-output>
        </test-method> <!-- Header_RequestACallBackForm -->
        <test-method is-config="true" signature="TearDown()[pri:0, instance:Medanta_Form.Headerform@28dcca0c]" started-at="2025-12-02T10:32:54 IST" name="TearDown" finished-at="2025-12-02T10:32:55 IST" duration-ms="581" status="PASS">
          <reporter-output>
          </reporter-output>
        </test-method> <!-- TearDown -->
      </class> <!-- Medanta_Form.Headerform -->
    </test> <!-- Headerform -->
    <test started-at="2025-12-02T10:32:55 IST" name="HomeCare" finished-at="2025-12-02T10:33:25 IST" duration-ms="30514">
      <class name="Medanta_Form.HomeCare">
        <test-method is-config="true" signature="Openbrowser()[pri:0, instance:Medanta_Form.HomeCare@66982506]" started-at="2025-12-02T10:32:55 IST" name="Openbrowser" finished-at="2025-12-02T10:33:00 IST" duration-ms="4619" status="PASS">
          <reporter-output>
          </reporter-output>
        </test-method> <!-- Openbrowser -->
        <test-method signature="HomeCarePage_RequestACallbackForm()[pri:1, instance:Medanta_Form.HomeCare@66982506]" started-at="2025-12-02T10:33:00 IST" name="HomeCarePage_RequestACallbackForm" finished-at="2025-12-02T10:33:05 IST" duration-ms="5748" status="PASS">
          <reporter-output>
          </reporter-output>
        </test-method> <!-- HomeCarePage_RequestACallbackForm -->
        <test-method signature="HomeCarePage_EnquiryForm()[pri:2, instance:Medanta_Form.HomeCare@66982506]" started-at="2025-12-02T10:33:05 IST" name="HomeCarePage_EnquiryForm" finished-at="2025-12-02T10:33:07 IST" duration-ms="1613" status="PASS">
          <reporter-output>
          </reporter-output>
        </test-method> <!-- HomeCarePage_EnquiryForm -->
        <test-method signature="HomeCarePage_StrokeRehabilitationProgramPage_QueryForm()[pri:3, instance:Medanta_Form.HomeCare@66982506]" started-at="2025-12-02T10:33:07 IST" name="HomeCarePage_StrokeRehabilitationProgramPage_QueryForm" finished-at="2025-12-02T10:33:14 IST" duration-ms="6563" status="PASS">
          <reporter-output>
          </reporter-output>
        </test-method> <!-- HomeCarePage_StrokeRehabilitationProgramPage_QueryForm -->
        <test-method signature="HomeCarePage_ElderCareProgramPage_QueryForm()[pri:4, instance:Medanta_Form.HomeCare@66982506]" started-at="2025-12-02T10:33:14 IST" name="HomeCarePage_ElderCareProgramPage_QueryForm" finished-at="2025-12-02T10:33:24 IST" duration-ms="10589" status="PASS">
          <reporter-output>
          </reporter-output>
        </test-method> <!-- HomeCarePage_ElderCareProgramPage_QueryForm -->
        <test-method is-config="true" signature="TearDown()[pri:0, instance:Medanta_Form.HomeCare@66982506]" started-at="2025-12-02T10:33:24 IST" name="TearDown" finished-at="2025-12-02T10:33:25 IST" duration-ms="1366" status="PASS">
          <reporter-output>
          </reporter-output>
        </test-method> <!-- TearDown -->
      </class> <!-- Medanta_Form.HomeCare -->
    </test> <!-- HomeCare -->
    <test started-at="2025-12-02T10:33:25 IST" name="InternationalP" finished-at="2025-12-02T10:33:40 IST" duration-ms="14440">
      <class name="Medanta_Form.InternationalP">
        <test-method is-config="true" signature="Openbrowser()[pri:0, instance:Medanta_Form.InternationalP@4f32a3ad]" started-at="2025-12-02T10:33:25 IST" name="Openbrowser" finished-at="2025-12-02T10:33:30 IST" duration-ms="4226" status="PASS">
          <reporter-output>
          </reporter-output>
        </test-method> <!-- Openbrowser -->
        <test-method signature="InternationalPatientsPage_QueryForm()[pri:1, instance:Medanta_Form.InternationalP@4f32a3ad]" started-at="2025-12-02T10:33:30 IST" name="InternationalPatientsPage_QueryForm" finished-at="2025-12-02T10:33:39 IST" duration-ms="9629" status="PASS">
          <reporter-output>
          </reporter-output>
        </test-method> <!-- InternationalPatientsPage_QueryForm -->
        <test-method is-config="true" signature="TearDown()[pri:0, instance:Medanta_Form.InternationalP@4f32a3ad]" started-at="2025-12-02T10:33:39 IST" name="TearDown" finished-at="2025-12-02T10:33:40 IST" duration-ms="575" status="PASS">
          <reporter-output>
          </reporter-output>
        </test-method> <!-- TearDown -->
      </class> <!-- Medanta_Form.InternationalP -->
    </test> <!-- InternationalP -->
    <test started-at="2025-12-02T10:33:40 IST" name="landingHealth" finished-at="2025-12-02T10:33:50 IST" duration-ms="9814">
      <class name="Medanta_Form.landingHealth">
        <test-method is-config="true" signature="Openbrowser()[pri:0, instance:Medanta_Form.landingHealth@4007f65e]" started-at="2025-12-02T10:33:40 IST" name="Openbrowser" finished-at="2025-12-02T10:33:44 IST" duration-ms="3732" status="PASS">
          <reporter-output>
          </reporter-output>
        </test-method> <!-- Openbrowser -->
        <test-method signature="LandingHealth_Page_QueryForm()[pri:1, instance:Medanta_Form.landingHealth@4007f65e]" started-at="2025-12-02T10:33:44 IST" name="LandingHealth_Page_QueryForm" finished-at="2025-12-02T10:33:49 IST" duration-ms="5497" status="PASS">
          <reporter-output>
          </reporter-output>
        </test-method> <!-- LandingHealth_Page_QueryForm -->
        <test-method is-config="true" signature="TearDown()[pri:0, instance:Medanta_Form.landingHealth@4007f65e]" started-at="2025-12-02T10:33:49 IST" name="TearDown" finished-at="2025-12-02T10:33:50 IST" duration-ms="580" status="PASS">
          <reporter-output>
          </reporter-output>
        </test-method> <!-- TearDown -->
      </class> <!-- Medanta_Form.landingHealth -->
    </test> <!-- landingHealth -->
    <test started-at="2025-12-02T10:33:50 IST" name="MedantaLabs" finished-at="2025-12-02T10:34:02 IST" duration-ms="12055">
      <class name="Medanta_Form.MedantaLabs">
        <test-method is-config="true" signature="Openbrowser()[pri:0, instance:Medanta_Form.MedantaLabs@6cb107fd]" started-at="2025-12-02T10:33:50 IST" name="Openbrowser" finished-at="2025-12-02T10:33:53 IST" duration-ms="2846" status="PASS">
          <reporter-output>
          </reporter-output>
        </test-method> <!-- Openbrowser -->
        <test-method signature="MedantaLabsPage_RequestACallbackForm()[pri:1, instance:Medanta_Form.MedantaLabs@6cb107fd]" started-at="2025-12-02T10:33:53 IST" name="MedantaLabsPage_RequestACallbackForm" finished-at="2025-12-02T10:34:01 IST" duration-ms="8863" status="PASS">
          <reporter-output>
          </reporter-output>
        </test-method> <!-- MedantaLabsPage_RequestACallbackForm -->
        <test-method is-config="true" signature="TearDown()[pri:0, instance:Medanta_Form.MedantaLabs@6cb107fd]" started-at="2025-12-02T10:34:01 IST" name="TearDown" finished-at="2025-12-02T10:34:02 IST" duration-ms="344" status="PASS">
          <reporter-output>
          </reporter-output>
        </test-method> <!-- TearDown -->
      </class> <!-- Medanta_Form.MedantaLabs -->
    </test> <!-- MedantaLabs -->
    <test started-at="2025-12-02T10:34:02 IST" name="MedantaPharmacy" finished-at="2025-12-02T10:34:17 IST" duration-ms="15113">
      <class name="Medanta_Form.MedantaPharmacy">
        <test-method is-config="true" signature="Openbrowser()[pri:0, instance:Medanta_Form.MedantaPharmacy@43f02ef2]" started-at="2025-12-02T10:34:02 IST" name="Openbrowser" finished-at="2025-12-02T10:34:06 IST" duration-ms="3707" status="PASS">
          <reporter-output>
          </reporter-output>
        </test-method> <!-- Openbrowser -->
        <test-method signature="MedantaPharmacyPage_RequestACallbackForm()[pri:0, instance:Medanta_Form.MedantaPharmacy@43f02ef2]" started-at="2025-12-02T10:34:06 IST" name="MedantaPharmacyPage_RequestACallbackForm" finished-at="2025-12-02T10:34:15 IST" duration-ms="9506" status="PASS">
          <reporter-output>
          </reporter-output>
        </test-method> <!-- MedantaPharmacyPage_RequestACallbackForm -->
        <test-method signature="TC_02()[pri:0, instance:Medanta_Form.MedantaPharmacy@43f02ef2]" started-at="2025-12-02T10:34:15 IST" name="TC_02" finished-at="2025-12-02T10:34:16 IST" duration-ms="1338" status="PASS">
          <reporter-output>
          </reporter-output>
        </test-method> <!-- TC_02 -->
        <test-method is-config="true" signature="TearDown()[pri:0, instance:Medanta_Form.MedantaPharmacy@43f02ef2]" started-at="2025-12-02T10:34:16 IST" name="TearDown" finished-at="2025-12-02T10:34:17 IST" duration-ms="553" status="PASS">
          <reporter-output>
          </reporter-output>
        </test-method> <!-- TearDown -->
      </class> <!-- Medanta_Form.MedantaPharmacy -->
    </test> <!-- MedantaPharmacy -->
    <test started-at="2025-12-02T10:34:17 IST" name="planYT" finished-at="2025-12-02T10:34:29 IST" duration-ms="12302">
      <class name="Medanta_Form.planYT">
        <test-method is-config="true" signature="Openbrowser()[pri:0, instance:Medanta_Form.planYT@3ad83a66]" started-at="2025-12-02T10:34:17 IST" name="Openbrowser" finished-at="2025-12-02T10:34:21 IST" duration-ms="4312" status="PASS">
          <reporter-output>
          </reporter-output>
        </test-method> <!-- Openbrowser -->
        <test-method signature="PlanYourTripPage_QueryForm()[pri:1, instance:Medanta_Form.planYT@3ad83a66]" started-at="2025-12-02T10:34:21 IST" name="PlanYourTripPage_QueryForm" finished-at="2025-12-02T10:34:29 IST" duration-ms="7519" status="PASS">
          <reporter-output>
          </reporter-output>
        </test-method> <!-- PlanYourTripPage_QueryForm -->
        <test-method is-config="true" signature="TearDown()[pri:0, instance:Medanta_Form.planYT@3ad83a66]" started-at="2025-12-02T10:34:29 IST" name="TearDown" finished-at="2025-12-02T10:34:29 IST" duration-ms="467" status="PASS">
          <reporter-output>
          </reporter-output>
        </test-method> <!-- TearDown -->
      </class> <!-- Medanta_Form.planYT -->
    </test> <!-- planYT -->
    <test started-at="2025-12-02T10:34:29 IST" name="RequestACallback" finished-at="2025-12-02T10:34:52 IST" duration-ms="22859">
      <class name="Medanta_Form.RequestACallback">
        <test-method is-config="true" signature="Openbrowser()[pri:0, instance:Medanta_Form.RequestACallback@55cb6996]" started-at="2025-12-02T10:34:29 IST" name="Openbrowser" finished-at="2025-12-02T10:34:33 IST" duration-ms="3598" status="PASS">
          <reporter-output>
          </reporter-output>
        </test-method> <!-- Openbrowser -->
        <test-method signature="TelemedicinePage_RequestACallbackForm()[pri:1, instance:Medanta_Form.RequestACallback@55cb6996]" started-at="2025-12-02T10:34:33 IST" name="TelemedicinePage_RequestACallbackForm" finished-at="2025-12-02T10:34:38 IST" duration-ms="5170" status="PASS">
          <reporter-output>
          </reporter-output>
        </test-method> <!-- TelemedicinePage_RequestACallbackForm -->
        <test-method signature="Air_Ambulance()[pri:2, instance:Medanta_Form.RequestACallback@55cb6996]" started-at="2025-12-02T10:34:38 IST" name="Air_Ambulance" finished-at="2025-12-02T10:34:44 IST" duration-ms="6043" status="PASS">
          <reporter-output>
          </reporter-output>
        </test-method> <!-- Air_Ambulance -->
        <test-method signature="Health_Checkup()[pri:3, instance:Medanta_Form.RequestACallback@55cb6996]" started-at="2025-12-02T10:34:44 IST" name="Health_Checkup" finished-at="2025-12-02T10:34:51 IST" duration-ms="7344" status="PASS">
          <reporter-output>
          </reporter-output>
        </test-method> <!-- Health_Checkup -->
        <test-method is-config="true" signature="TearDown()[pri:0, instance:Medanta_Form.RequestACallback@55cb6996]" started-at="2025-12-02T10:34:51 IST" name="TearDown" finished-at="2025-12-02T10:34:52 IST" duration-ms="696" status="PASS">
          <reporter-output>
          </reporter-output>
        </test-method> <!-- TearDown -->
      </class> <!-- Medanta_Form.RequestACallback -->
    </test> <!-- RequestACallback -->
    <test started-at="2025-12-02T10:34:52 IST" name="RequestAnEstimate" finished-at="2025-12-02T10:35:10 IST" duration-ms="18171">
      <class name="Medanta_Form.RequestAnEstimate">
        <test-method is-config="true" signature="Openbrowser()[pri:0, instance:Medanta_Form.RequestAnEstimate@65f8f5ae]" started-at="2025-12-02T10:34:52 IST" name="Openbrowser" finished-at="2025-12-02T10:34:56 IST" duration-ms="3596" status="PASS">
          <reporter-output>
          </reporter-output>
        </test-method> <!-- Openbrowser -->
        <test-method signature="RequestAnEstimatePage_PriceEstimateForm()[pri:1, instance:Medanta_Form.RequestAnEstimate@65f8f5ae]" started-at="2025-12-02T10:34:56 IST" name="RequestAnEstimatePage_PriceEstimateForm" finished-at="2025-12-02T10:35:09 IST" duration-ms="13509" status="PASS">
          <reporter-output>
          </reporter-output>
        </test-method> <!-- RequestAnEstimatePage_PriceEstimateForm -->
        <test-method is-config="true" signature="TearDown()[pri:0, instance:Medanta_Form.RequestAnEstimate@65f8f5ae]" started-at="2025-12-02T10:35:09 IST" name="TearDown" finished-at="2025-12-02T10:35:10 IST" duration-ms="1062" status="PASS">
          <reporter-output>
          </reporter-output>
        </test-method> <!-- TearDown -->
      </class> <!-- Medanta_Form.RequestAnEstimate -->
    </test> <!-- RequestAnEstimate -->
    <test started-at="2025-12-02T10:35:10 IST" name="SecondOpiniun" finished-at="2025-12-02T10:35:24 IST" duration-ms="13735">
      <class name="Medanta_Form.SecondOpiniun">
        <test-method is-config="true" signature="Openbrowser()[pri:0, instance:Medanta_Form.SecondOpiniun@5fb759d6]" started-at="2025-12-02T10:35:10 IST" name="Openbrowser" finished-at="2025-12-02T10:35:15 IST" duration-ms="4362" status="PASS">
          <reporter-output>
          </reporter-output>
        </test-method> <!-- Openbrowser -->
        <test-method signature="SecondOpiniunPage_RequestACallbackFrom()[pri:0, instance:Medanta_Form.SecondOpiniun@5fb759d6]" started-at="2025-12-02T10:35:15 IST" name="SecondOpiniunPage_RequestACallbackFrom" finished-at="2025-12-02T10:35:23 IST" duration-ms="8839" status="PASS">
          <reporter-output>
          </reporter-output>
        </test-method> <!-- SecondOpiniunPage_RequestACallbackFrom -->
        <test-method is-config="true" signature="TearDown()[pri:0, instance:Medanta_Form.SecondOpiniun@5fb759d6]" started-at="2025-12-02T10:35:23 IST" name="TearDown" finished-at="2025-12-02T10:35:24 IST" duration-ms="528" status="PASS">
          <reporter-output>
          </reporter-output>
        </test-method> <!-- TearDown -->
      </class> <!-- Medanta_Form.SecondOpiniun -->
    </test> <!-- SecondOpiniun -->
    <test started-at="2025-12-02T10:35:24 IST" name="TechnologyDP" finished-at="2025-12-02T10:35:37 IST" duration-ms="12750">
      <class name="Medanta_Form.TechnologyDP">
        <test-method is-config="true" signature="Openbrowser()[pri:0, instance:Medanta_Form.TechnologyDP@33ecda92]" started-at="2025-12-02T10:35:24 IST" name="Openbrowser" finished-at="2025-12-02T10:35:28 IST" duration-ms="4177" status="PASS">
          <reporter-output>
          </reporter-output>
        </test-method> <!-- Openbrowser -->
        <test-method signature="TechnologyDetailPage_QueryForm()[pri:0, instance:Medanta_Form.TechnologyDP@33ecda92]" started-at="2025-12-02T10:35:28 IST" name="TechnologyDetailPage_QueryForm" finished-at="2025-12-02T10:35:36 IST" duration-ms="8000" status="PASS">
          <reporter-output>
          </reporter-output>
        </test-method> <!-- TechnologyDetailPage_QueryForm -->
        <test-method is-config="true" signature="TearDown()[pri:0, instance:Medanta_Form.TechnologyDP@33ecda92]" started-at="2025-12-02T10:35:36 IST" name="TearDown" finished-at="2025-12-02T10:35:37 IST" duration-ms="569" status="PASS">
          <reporter-output>
          </reporter-output>
        </test-method> <!-- TearDown -->
      </class> <!-- Medanta_Form.TechnologyDP -->
    </test> <!-- TechnologyDP -->
    <test started-at="2025-12-02T10:35:37 IST" name="TreatmentD" finished-at="2025-12-02T10:35:49 IST" duration-ms="12506">
      <class name="Medanta_Form.TreatmentD">
        <test-method is-config="true" signature="Openbrowser()[pri:0, instance:Medanta_Form.TreatmentD@55de24cc]" started-at="2025-12-02T10:35:37 IST" name="Openbrowser" finished-at="2025-12-02T10:35:41 IST" duration-ms="4177" status="PASS">
          <reporter-output>
          </reporter-output>
        </test-method> <!-- Openbrowser -->
        <test-method signature="TreatmentDetailPage_RequestACallBackForm()[pri:1, instance:Medanta_Form.TreatmentD@55de24cc]" started-at="2025-12-02T10:35:41 IST" name="TreatmentDetailPage_RequestACallBackForm" finished-at="2025-12-02T10:35:49 IST" duration-ms="7644" status="PASS">
          <reporter-output>
          </reporter-output>
        </test-method> <!-- TreatmentDetailPage_RequestACallBackForm -->
        <test-method is-config="true" signature="TearDown()[pri:0, instance:Medanta_Form.TreatmentD@55de24cc]" started-at="2025-12-02T10:35:49 IST" name="TearDown" finished-at="2025-12-02T10:35:49 IST" duration-ms="681" status="PASS">
          <reporter-output>
          </reporter-output>
        </test-method> <!-- TearDown -->
      </class> <!-- Medanta_Form.TreatmentD -->
    </test> <!-- TreatmentD -->
    <test started-at="2025-12-02T10:35:49 IST" name="updateEICU" finished-at="2025-12-02T10:36:09 IST" duration-ms="19266">
      <class name="Medanta_Form.updateEICU">
        <test-method is-config="true" signature="Openbrowser()[pri:0, instance:Medanta_Form.updateEICU@25df00a0]" started-at="2025-12-02T10:35:49 IST" name="Openbrowser" finished-at="2025-12-02T10:35:52 IST" duration-ms="2909" status="PASS">
          <reporter-output>
          </reporter-output>
        </test-method> <!-- Openbrowser -->
        <test-method signature="EICUPage_RequestACallbackForm()[pri:1, instance:Medanta_Form.updateEICU@25df00a0]" started-at="2025-12-02T10:35:52 IST" name="EICUPage_RequestACallbackForm" finished-at="2025-12-02T10:36:08 IST" duration-ms="15722" status="PASS">
          <reporter-output>
          </reporter-output>
        </test-method> <!-- EICUPage_RequestACallbackForm -->
        <test-method is-config="true" signature="TearDown()[pri:0, instance:Medanta_Form.updateEICU@25df00a0]" started-at="2025-12-02T10:36:08 IST" name="TearDown" finished-at="2025-12-02T10:36:09 IST" duration-ms="632" status="PASS">
          <reporter-output>
          </reporter-output>
        </test-method> <!-- TearDown -->
      </class> <!-- Medanta_Form.updateEICU -->
    </test> <!-- updateEICU -->
  </suite> <!-- Suite -->
</testng-results>
