<?xml version="1.0" encoding="UTF-8"?>
<testng-results ignored="0" total="29" passed="28" failed="1" skipped="0">
  <reporter-output>
  </reporter-output>
  <suite started-at="2025-12-26T13:17:47 IST" name="Suite" finished-at="2025-12-26T13:25:22 IST" duration-ms="454753">
    <groups>
    </groups>
    <test started-at="2025-12-26T13:17:47 IST" name="AilmentDP" finished-at="2025-12-26T13:18:08 IST" duration-ms="20852">
      <class name="Medanta_Form.AilmentDP">
        <test-method is-config="true" signature="Openbrowser()[pri:0, instance:Medanta_Form.AilmentDP@6bbe85a8]" started-at="2025-12-26T13:17:47 IST" name="Openbrowser" finished-at="2025-12-26T13:17:54 IST" duration-ms="7209" status="PASS">
          <reporter-output>
          </reporter-output>
        </test-method> <!-- Openbrowser -->
        <test-method signature="AilmentDetailPage_RequestCallBackForm()[pri:1, instance:Medanta_Form.AilmentDP@6bbe85a8]" started-at="2025-12-26T13:17:54 IST" name="AilmentDetailPage_RequestCallBackForm" finished-at="2025-12-26T13:18:07 IST" duration-ms="12906" status="PASS">
          <reporter-output>
          </reporter-output>
        </test-method> <!-- AilmentDetailPage_RequestCallBackForm -->
        <test-method is-config="true" signature="TearDown()[pri:0, instance:Medanta_Form.AilmentDP@6bbe85a8]" started-at="2025-12-26T13:18:07 IST" name="TearDown" finished-at="2025-12-26T13:18:08 IST" duration-ms="676" status="PASS">
          <reporter-output>
          </reporter-output>
        </test-method> <!-- TearDown -->
      </class> <!-- Medanta_Form.AilmentDP -->
    </test> <!-- AilmentDP -->
    <test started-at="2025-12-26T13:18:08 IST" name="AirAmbulancePage" finished-at="2025-12-26T13:18:17 IST" duration-ms="8918">
      <class name="Medanta_Form.AirAmbulancePage">
        <test-method is-config="true" signature="Openbrowser()[pri:0, instance:Medanta_Form.AirAmbulancePage@31ea9581]" started-at="2025-12-26T13:18:08 IST" name="Openbrowser" finished-at="2025-12-26T13:18:12 IST" duration-ms="3734" status="PASS">
          <reporter-output>
          </reporter-output>
        </test-method> <!-- Openbrowser -->
        <test-method signature="AirAmbulance_RequestACallbackForm()[pri:1, instance:Medanta_Form.AirAmbulancePage@31ea9581]" started-at="2025-12-26T13:18:12 IST" name="AirAmbulance_RequestACallbackForm" finished-at="2025-12-26T13:18:16 IST" duration-ms="4720" status="PASS">
          <reporter-output>
          </reporter-output>
        </test-method> <!-- AirAmbulance_RequestACallbackForm -->
        <test-method is-config="true" signature="TearDown()[pri:0, instance:Medanta_Form.AirAmbulancePage@31ea9581]" started-at="2025-12-26T13:18:16 IST" name="TearDown" finished-at="2025-12-26T13:18:17 IST" duration-ms="459" status="PASS">
          <reporter-output>
          </reporter-output>
        </test-method> <!-- TearDown -->
      </class> <!-- Medanta_Form.AirAmbulancePage -->
    </test> <!-- AirAmbulancePage -->
    <test started-at="2025-12-26T13:18:17 IST" name="BecomeAPartner" finished-at="2025-12-26T13:18:29 IST" duration-ms="11655">
      <class name="Medanta_Form.BecomeAPartner">
        <test-method is-config="true" signature="Openbrowser()[pri:0, instance:Medanta_Form.BecomeAPartner@221a3fa4]" started-at="2025-12-26T13:18:17 IST" name="Openbrowser" finished-at="2025-12-26T13:18:20 IST" duration-ms="2875" status="PASS">
          <reporter-output>
          </reporter-output>
        </test-method> <!-- Openbrowser -->
        <test-method signature="BecomeAPartnerPage_BusinessModelForm()[pri:1, instance:Medanta_Form.BecomeAPartner@221a3fa4]" started-at="2025-12-26T13:18:20 IST" name="BecomeAPartnerPage_BusinessModelForm" finished-at="2025-12-26T13:18:28 IST" duration-ms="8325" status="PASS">
          <reporter-output>
          </reporter-output>
        </test-method> <!-- BecomeAPartnerPage_BusinessModelForm -->
        <test-method is-config="true" signature="TearDown()[pri:0, instance:Medanta_Form.BecomeAPartner@221a3fa4]" started-at="2025-12-26T13:18:28 IST" name="TearDown" finished-at="2025-12-26T13:18:29 IST" duration-ms="448" status="PASS">
          <reporter-output>
          </reporter-output>
        </test-method> <!-- TearDown -->
      </class> <!-- Medanta_Form.BecomeAPartner -->
    </test> <!-- BecomeAPartner -->
    <test started-at="2025-12-26T13:18:29 IST" name="BlogDP" finished-at="2025-12-26T13:18:42 IST" duration-ms="13753">
      <class name="Medanta_Form.BlogDP">
        <test-method is-config="true" signature="Openbrowser()[pri:0, instance:Medanta_Form.BlogDP@5ddeb7cb]" started-at="2025-12-26T13:18:29 IST" name="Openbrowser" finished-at="2025-12-26T13:18:31 IST" duration-ms="2574" status="PASS">
          <reporter-output>
          </reporter-output>
        </test-method> <!-- Openbrowser -->
        <test-method signature="BlogDetailPage_QueryForm()[pri:1, instance:Medanta_Form.BlogDP@5ddeb7cb]" started-at="2025-12-26T13:18:31 IST" name="BlogDetailPage_QueryForm" finished-at="2025-12-26T13:18:42 IST" duration-ms="10812" status="PASS">
          <reporter-output>
          </reporter-output>
        </test-method> <!-- BlogDetailPage_QueryForm -->
        <test-method is-config="true" signature="TearDown()[pri:0, instance:Medanta_Form.BlogDP@5ddeb7cb]" started-at="2025-12-26T13:18:42 IST" name="TearDown" finished-at="2025-12-26T13:18:42 IST" duration-ms="361" status="PASS">
          <reporter-output>
          </reporter-output>
        </test-method> <!-- TearDown -->
      </class> <!-- Medanta_Form.BlogDP -->
    </test> <!-- BlogDP -->
    <test started-at="2025-12-26T13:18:42 IST" name="ContactUs_Enquiry" finished-at="2025-12-26T13:18:56 IST" duration-ms="13731">
      <class name="Medanta_Form.ContactUs_Enquiry">
        <test-method is-config="true" signature="Openbrowser()[pri:0, instance:Medanta_Form.ContactUs_Enquiry@247310d0]" started-at="2025-12-26T13:18:42 IST" name="Openbrowser" finished-at="2025-12-26T13:18:45 IST" duration-ms="2874" status="PASS">
          <reporter-output>
          </reporter-output>
        </test-method> <!-- Openbrowser -->
        <test-method signature="ContactUsPage_EnquiryForm()[pri:1, instance:Medanta_Form.ContactUs_Enquiry@247310d0]" started-at="2025-12-26T13:18:45 IST" name="ContactUsPage_EnquiryForm" finished-at="2025-12-26T13:18:56 IST" duration-ms="10510" status="PASS">
          <reporter-output>
          </reporter-output>
        </test-method> <!-- ContactUsPage_EnquiryForm -->
        <test-method is-config="true" signature="TearDown()[pri:0, instance:Medanta_Form.ContactUs_Enquiry@247310d0]" started-at="2025-12-26T13:18:56 IST" name="TearDown" finished-at="2025-12-26T13:18:56 IST" duration-ms="343" status="PASS">
          <reporter-output>
          </reporter-output>
        </test-method> <!-- TearDown -->
      </class> <!-- Medanta_Form.ContactUs_Enquiry -->
    </test> <!-- ContactUs_Enquiry -->
    <test started-at="2025-12-26T13:18:56 IST" name="ContactUs_Feedback" finished-at="2025-12-26T13:19:07 IST" duration-ms="10527">
      <class name="Medanta_Form.ContactUs_Feedback">
        <test-method is-config="true" signature="Openbrowser()[pri:0, instance:Medanta_Form.ContactUs_Feedback@2b30a42c]" started-at="2025-12-26T13:18:56 IST" name="Openbrowser" finished-at="2025-12-26T13:18:59 IST" duration-ms="3263" status="PASS">
          <reporter-output>
          </reporter-output>
        </test-method> <!-- Openbrowser -->
        <test-method signature="ContactUsPage_FeedbackForm()[pri:1, instance:Medanta_Form.ContactUs_Feedback@2b30a42c]" started-at="2025-12-26T13:18:59 IST" name="ContactUsPage_FeedbackForm" finished-at="2025-12-26T13:19:06 IST" duration-ms="6860" status="PASS">
          <reporter-output>
          </reporter-output>
        </test-method> <!-- ContactUsPage_FeedbackForm -->
        <test-method is-config="true" signature="TearDown()[pri:0, instance:Medanta_Form.ContactUs_Feedback@2b30a42c]" started-at="2025-12-26T13:19:06 IST" name="TearDown" finished-at="2025-12-26T13:19:07 IST" duration-ms="400" status="PASS">
          <reporter-output>
          </reporter-output>
        </test-method> <!-- TearDown -->
      </class> <!-- Medanta_Form.ContactUs_Feedback -->
    </test> <!-- ContactUs_Feedback -->
    <test started-at="2025-12-26T13:19:07 IST" name="ContactUs_Others" finished-at="2025-12-26T13:19:25 IST" duration-ms="18054">
      <class name="Medanta_Form.ContactUs_Others">
        <test-method is-config="true" signature="Openbrowser()[pri:0, instance:Medanta_Form.ContactUs_Others@19932c16]" started-at="2025-12-26T13:19:07 IST" name="Openbrowser" finished-at="2025-12-26T13:19:10 IST" duration-ms="3126" status="PASS">
          <reporter-output>
          </reporter-output>
        </test-method> <!-- Openbrowser -->
        <test-method signature="ContactUsPage_OthersForm()[pri:1, instance:Medanta_Form.ContactUs_Others@19932c16]" started-at="2025-12-26T13:19:10 IST" name="ContactUsPage_OthersForm" finished-at="2025-12-26T13:19:24 IST" duration-ms="14586" status="PASS">
          <reporter-output>
          </reporter-output>
        </test-method> <!-- ContactUsPage_OthersForm -->
        <test-method is-config="true" signature="TearDown()[pri:0, instance:Medanta_Form.ContactUs_Others@19932c16]" started-at="2025-12-26T13:19:24 IST" name="TearDown" finished-at="2025-12-26T13:19:25 IST" duration-ms="338" status="PASS">
          <reporter-output>
          </reporter-output>
        </test-method> <!-- TearDown -->
      </class> <!-- Medanta_Form.ContactUs_Others -->
    </test> <!-- ContactUs_Others -->
    <test started-at="2025-12-26T13:19:25 IST" name="CPR" finished-at="2025-12-26T13:20:01 IST" duration-ms="35802">
      <class name="Medanta_Form.CPR">
        <test-method is-config="true" signature="Openbrowser()[pri:0, instance:Medanta_Form.CPR@6f10d5b6]" started-at="2025-12-26T13:19:25 IST" name="Openbrowser" finished-at="2025-12-26T13:19:27 IST" duration-ms="2704" status="PASS">
          <reporter-output>
          </reporter-output>
        </test-method> <!-- Openbrowser -->
        <test-method signature="CPRPage_EnrollnowForm()[pri:0, instance:Medanta_Form.CPR@6f10d5b6]" started-at="2025-12-26T13:19:27 IST" name="CPRPage_EnrollnowForm" finished-at="2025-12-26T13:20:00 IST" duration-ms="32688" status="FAIL">
          <exception class="java.lang.AssertionError">
            <message>
              <![CDATA[CPR Enroll form validation failed: Name=Test | Mobile=98210 | Email=wakemedantatest@gmail.com | Location=Gurugram | Errors => Mobile Error: Please enter 10 digit mobile number | ]]>
            </message>
            <full-stacktrace>
              <![CDATA[java.lang.AssertionError: CPR Enroll form validation failed: Name=Test | Mobile=98210 | Email=wakemedantatest@gmail.com | Location=Gurugram | Errors => Mobile Error: Please enter 10 digit mobile number | 
at org.testng.Assert.fail(Assert.java:110)
at Medanta_Form.CPR.CPRPage_EnrollnowForm(CPR.java:117)
at java.base/jdk.internal.reflect.NativeMethodAccessorImpl.invoke0(Native Method)
at java.base/jdk.internal.reflect.NativeMethodAccessorImpl.invoke(NativeMethodAccessorImpl.java:77)
at java.base/jdk.internal.reflect.DelegatingMethodAccessorImpl.invoke(DelegatingMethodAccessorImpl.java:43)
at java.base/java.lang.reflect.Method.invoke(Method.java:568)
at org.testng.internal.invokers.MethodInvocationHelper.invokeMethod(MethodInvocationHelper.java:139)
at org.testng.internal.invokers.TestInvoker.invokeMethod(TestInvoker.java:677)
at org.testng.internal.invokers.TestInvoker.invokeTestMethod(TestInvoker.java:221)
at org.testng.internal.invokers.MethodRunner.runInSequence(MethodRunner.java:50)
at org.testng.internal.invokers.TestInvoker$MethodInvocationAgent.invoke(TestInvoker.java:969)
at org.testng.internal.invokers.TestInvoker.invokeTestMethods(TestInvoker.java:194)
at org.testng.internal.invokers.TestMethodWorker.invokeTestMethods(TestMethodWorker.java:148)
at org.testng.internal.invokers.TestMethodWorker.run(TestMethodWorker.java:128)
at java.base/java.util.ArrayList.forEach(ArrayList.java:1511)
at org.testng.TestRunner.privateRun(TestRunner.java:829)
at org.testng.TestRunner.run(TestRunner.java:602)
at org.testng.SuiteRunner.runTest(SuiteRunner.java:437)
at org.testng.SuiteRunner.runSequentially(SuiteRunner.java:431)
at org.testng.SuiteRunner.privateRun(SuiteRunner.java:391)
at org.testng.SuiteRunner.run(SuiteRunner.java:330)
at org.testng.SuiteRunnerWorker.runSuite(SuiteRunnerWorker.java:52)
at org.testng.SuiteRunnerWorker.run(SuiteRunnerWorker.java:95)
at org.testng.TestNG.runSuitesSequentially(TestNG.java:1256)
at org.testng.TestNG.runSuitesLocally(TestNG.java:1176)
at org.testng.TestNG.runSuites(TestNG.java:1099)
at org.testng.TestNG.run(TestNG.java:1067)
at org.testng.remote.AbstractRemoteTestNG.run(AbstractRemoteTestNG.java:115)
at org.testng.remote.RemoteTestNG.initAndRun(RemoteTestNG.java:251)
at org.testng.remote.RemoteTestNG.main(RemoteTestNG.java:77)
]]>
            </full-stacktrace>
          </exception> <!-- java.lang.AssertionError -->
          <reporter-output>
          </reporter-output>
        </test-method> <!-- CPRPage_EnrollnowForm -->
        <test-method is-config="true" signature="TearDown()[pri:0, instance:Medanta_Form.CPR@6f10d5b6]" started-at="2025-12-26T13:20:00 IST" name="TearDown" finished-at="2025-12-26T13:20:01 IST" duration-ms="402" status="PASS">
          <reporter-output>
          </reporter-output>
        </test-method> <!-- TearDown -->
      </class> <!-- Medanta_Form.CPR -->
    </test> <!-- CPR -->
    <test started-at="2025-12-26T13:20:01 IST" name="CulturalEDP" finished-at="2025-12-26T13:20:12 IST" duration-ms="11095">
      <class name="Medanta_Form.CulturalEDP">
        <test-method is-config="true" signature="Openbrowser()[pri:0, instance:Medanta_Form.CulturalEDP@533bda92]" started-at="2025-12-26T13:20:01 IST" name="Openbrowser" finished-at="2025-12-26T13:20:03 IST" duration-ms="2714" status="PASS">
          <reporter-output>
          </reporter-output>
        </test-method> <!-- Openbrowser -->
        <test-method signature="CulturalEventDetailPage_QueryForm()[pri:0, instance:Medanta_Form.CulturalEDP@533bda92]" started-at="2025-12-26T13:20:03 IST" name="CulturalEventDetailPage_QueryForm" finished-at="2025-12-26T13:20:11 IST" duration-ms="7977" status="PASS">
          <reporter-output>
          </reporter-output>
        </test-method> <!-- CulturalEventDetailPage_QueryForm -->
        <test-method is-config="true" signature="TearDown()[pri:0, instance:Medanta_Form.CulturalEDP@533bda92]" started-at="2025-12-26T13:20:11 IST" name="TearDown" finished-at="2025-12-26T13:20:12 IST" duration-ms="399" status="PASS">
          <reporter-output>
          </reporter-output>
        </test-method> <!-- TearDown -->
      </class> <!-- Medanta_Form.CulturalEDP -->
    </test> <!-- CulturalEDP -->
    <test started-at="2025-12-26T13:20:12 IST" name="ElderCare_EnquiryForm" finished-at="2025-12-26T13:20:26 IST" duration-ms="14492">
      <class name="Medanta_Form.ElderCare_EnquiryForm">
        <test-method is-config="true" signature="Openbrowser()[pri:0, instance:Medanta_Form.ElderCare_EnquiryForm@4c163e3]" started-at="2025-12-26T13:20:12 IST" name="Openbrowser" finished-at="2025-12-26T13:20:14 IST" duration-ms="2290" status="PASS">
          <reporter-output>
          </reporter-output>
        </test-method> <!-- Openbrowser -->
        <test-method signature="ElderCareProgramPage_EnquiryForm()[pri:1, instance:Medanta_Form.ElderCare_EnquiryForm@4c163e3]" started-at="2025-12-26T13:20:14 IST" name="ElderCareProgramPage_EnquiryForm" finished-at="2025-12-26T13:20:26 IST" duration-ms="11856" status="PASS">
          <reporter-output>
          </reporter-output>
        </test-method> <!-- ElderCareProgramPage_EnquiryForm -->
        <test-method is-config="true" signature="TearDown()[pri:0, instance:Medanta_Form.ElderCare_EnquiryForm@4c163e3]" started-at="2025-12-26T13:20:26 IST" name="TearDown" finished-at="2025-12-26T13:20:26 IST" duration-ms="342" status="PASS">
          <reporter-output>
          </reporter-output>
        </test-method> <!-- TearDown -->
      </class> <!-- Medanta_Form.ElderCare_EnquiryForm -->
    </test> <!-- ElderCare_EnquiryForm -->
    <test started-at="2025-12-26T13:20:26 IST" name="ElderCare_RequestACallbackForm" finished-at="2025-12-26T13:20:45 IST" duration-ms="18763">
      <class name="Medanta_Form.ElderCare_RequestACallbackForm">
        <test-method is-config="true" signature="Openbrowser()[pri:0, instance:Medanta_Form.ElderCare_RequestACallbackForm@66982506]" started-at="2025-12-26T13:20:26 IST" name="Openbrowser" finished-at="2025-12-26T13:20:39 IST" duration-ms="12509" status="PASS">
          <reporter-output>
          </reporter-output>
        </test-method> <!-- Openbrowser -->
        <test-method signature="ElderCareProgramPage_RequestACallbackForm()[pri:1, instance:Medanta_Form.ElderCare_RequestACallbackForm@66982506]" started-at="2025-12-26T13:20:39 IST" name="ElderCareProgramPage_RequestACallbackForm" finished-at="2025-12-26T13:20:45 IST" duration-ms="5879" status="PASS">
          <reporter-output>
          </reporter-output>
        </test-method> <!-- ElderCareProgramPage_RequestACallbackForm -->
        <test-method is-config="true" signature="TearDown()[pri:0, instance:Medanta_Form.ElderCare_RequestACallbackForm@66982506]" started-at="2025-12-26T13:20:45 IST" name="TearDown" finished-at="2025-12-26T13:20:45 IST" duration-ms="371" status="PASS">
          <reporter-output>
          </reporter-output>
        </test-method> <!-- TearDown -->
      </class> <!-- Medanta_Form.ElderCare_RequestACallbackForm -->
    </test> <!-- ElderCare_RequestACallbackForm -->
    <test started-at="2025-12-26T13:20:45 IST" name="Headerform" finished-at="2025-12-26T13:20:54 IST" duration-ms="8673">
      <class name="Medanta_Form.Headerform">
        <test-method is-config="true" signature="Openbrowser()[pri:0, instance:Medanta_Form.Headerform@4f32a3ad]" started-at="2025-12-26T13:20:45 IST" name="Openbrowser" finished-at="2025-12-26T13:20:48 IST" duration-ms="2787" status="PASS">
          <reporter-output>
          </reporter-output>
        </test-method> <!-- Openbrowser -->
        <test-method signature="Header_RequestACallBackForm()[pri:0, instance:Medanta_Form.Headerform@4f32a3ad]" started-at="2025-12-26T13:20:48 IST" name="Header_RequestACallBackForm" finished-at="2025-12-26T13:20:53 IST" duration-ms="5519" status="PASS">
          <reporter-output>
          </reporter-output>
        </test-method> <!-- Header_RequestACallBackForm -->
        <test-method is-config="true" signature="TearDown()[pri:0, instance:Medanta_Form.Headerform@4f32a3ad]" started-at="2025-12-26T13:20:53 IST" name="TearDown" finished-at="2025-12-26T13:20:54 IST" duration-ms="362" status="PASS">
          <reporter-output>
          </reporter-output>
        </test-method> <!-- TearDown -->
      </class> <!-- Medanta_Form.Headerform -->
    </test> <!-- Headerform -->
    <test started-at="2025-12-26T13:20:54 IST" name="HealthCheckup" finished-at="2025-12-26T13:21:13 IST" duration-ms="19526">
      <class name="Medanta_Form.HealthCheckup">
        <test-method is-config="true" signature="Openbrowser()[pri:0, instance:Medanta_Form.HealthCheckup@4007f65e]" started-at="2025-12-26T13:20:54 IST" name="Openbrowser" finished-at="2025-12-26T13:20:56 IST" duration-ms="2512" status="PASS">
          <reporter-output>
          </reporter-output>
        </test-method> <!-- Openbrowser -->
        <test-method signature="HealthCheckup_RequestACallbackForm()[pri:1, instance:Medanta_Form.HealthCheckup@4007f65e]" started-at="2025-12-26T13:20:56 IST" name="HealthCheckup_RequestACallbackForm" finished-at="2025-12-26T13:21:13 IST" duration-ms="16650" status="PASS">
          <reporter-output>
          </reporter-output>
        </test-method> <!-- HealthCheckup_RequestACallbackForm -->
        <test-method is-config="true" signature="TearDown()[pri:0, instance:Medanta_Form.HealthCheckup@4007f65e]" started-at="2025-12-26T13:21:13 IST" name="TearDown" finished-at="2025-12-26T13:21:13 IST" duration-ms="359" status="PASS">
          <reporter-output>
          </reporter-output>
        </test-method> <!-- TearDown -->
      </class> <!-- Medanta_Form.HealthCheckup -->
    </test> <!-- HealthCheckup -->
    <test started-at="2025-12-26T13:21:13 IST" name="HomeCare_ElderCare" finished-at="2025-12-26T13:21:27 IST" duration-ms="13889">
      <class name="Medanta_Form.HomeCare_ElderCare">
        <test-method is-config="true" signature="Openbrowser()[pri:0, instance:Medanta_Form.HomeCare_ElderCare@6cb107fd]" started-at="2025-12-26T13:21:13 IST" name="Openbrowser" finished-at="2025-12-26T13:21:17 IST" duration-ms="3778" status="PASS">
          <reporter-output>
          </reporter-output>
        </test-method> <!-- Openbrowser -->
        <test-method signature="HomeCare_ElderCareProgram_QueryForm()[pri:1, instance:Medanta_Form.HomeCare_ElderCare@6cb107fd]" started-at="2025-12-26T13:21:17 IST" name="HomeCare_ElderCareProgram_QueryForm" finished-at="2025-12-26T13:21:27 IST" duration-ms="9744" status="PASS">
          <reporter-output>
          </reporter-output>
        </test-method> <!-- HomeCare_ElderCareProgram_QueryForm -->
        <test-method is-config="true" signature="TearDown()[pri:0, instance:Medanta_Form.HomeCare_ElderCare@6cb107fd]" started-at="2025-12-26T13:21:27 IST" name="TearDown" finished-at="2025-12-26T13:21:27 IST" duration-ms="359" status="PASS">
          <reporter-output>
          </reporter-output>
        </test-method> <!-- TearDown -->
      </class> <!-- Medanta_Form.HomeCare_ElderCare -->
    </test> <!-- HomeCare_ElderCare -->
    <test started-at="2025-12-26T13:21:27 IST" name="HomeCare_EnquiryForm" finished-at="2025-12-26T13:21:36 IST" duration-ms="9291">
      <class name="Medanta_Form.HomeCare_EnquiryForm">
        <test-method is-config="true" signature="Openbrowser()[pri:0, instance:Medanta_Form.HomeCare_EnquiryForm@7bd7d6d6]" started-at="2025-12-26T13:21:27 IST" name="Openbrowser" finished-at="2025-12-26T13:21:30 IST" duration-ms="3122" status="PASS">
          <reporter-output>
          </reporter-output>
        </test-method> <!-- Openbrowser -->
        <test-method signature="HomeCarePage_EnquiryForm()[pri:1, instance:Medanta_Form.HomeCare_EnquiryForm@7bd7d6d6]" started-at="2025-12-26T13:21:30 IST" name="HomeCarePage_EnquiryForm" finished-at="2025-12-26T13:21:36 IST" duration-ms="5827" status="PASS">
          <reporter-output>
          </reporter-output>
        </test-method> <!-- HomeCarePage_EnquiryForm -->
        <test-method is-config="true" signature="TearDown()[pri:0, instance:Medanta_Form.HomeCare_EnquiryForm@7bd7d6d6]" started-at="2025-12-26T13:21:36 IST" name="TearDown" finished-at="2025-12-26T13:21:36 IST" duration-ms="338" status="PASS">
          <reporter-output>
          </reporter-output>
        </test-method> <!-- TearDown -->
      </class> <!-- Medanta_Form.HomeCare_EnquiryForm -->
    </test> <!-- HomeCare_EnquiryForm -->
    <test started-at="2025-12-26T13:21:36 IST" name="HomeCare_RequestACallbackForm" finished-at="2025-12-26T13:21:45 IST" duration-ms="8602">
      <class name="Medanta_Form.HomeCare_RequestACallbackForm">
        <test-method is-config="true" signature="Openbrowser()[pri:0, instance:Medanta_Form.HomeCare_RequestACallbackForm@5745ca0e]" started-at="2025-12-26T13:21:36 IST" name="Openbrowser" finished-at="2025-12-26T13:21:39 IST" duration-ms="2744" status="PASS">
          <reporter-output>
          </reporter-output>
        </test-method> <!-- Openbrowser -->
        <test-method signature="HomeCarePage_RequestACallbackForm()[pri:1, instance:Medanta_Form.HomeCare_RequestACallbackForm@5745ca0e]" started-at="2025-12-26T13:21:39 IST" name="HomeCarePage_RequestACallbackForm" finished-at="2025-12-26T13:21:45 IST" duration-ms="5540" status="PASS">
          <reporter-output>
          </reporter-output>
        </test-method> <!-- HomeCarePage_RequestACallbackForm -->
        <test-method is-config="true" signature="TearDown()[pri:0, instance:Medanta_Form.HomeCare_RequestACallbackForm@5745ca0e]" started-at="2025-12-26T13:21:45 IST" name="TearDown" finished-at="2025-12-26T13:21:45 IST" duration-ms="313" status="PASS">
          <reporter-output>
          </reporter-output>
        </test-method> <!-- TearDown -->
      </class> <!-- Medanta_Form.HomeCare_RequestACallbackForm -->
    </test> <!-- HomeCare_RequestACallbackForm -->
    <test started-at="2025-12-26T13:21:45 IST" name="HomeCare_StrokeRehabilitation" finished-at="2025-12-26T13:22:01 IST" duration-ms="16421">
      <class name="Medanta_Form.HomeCare_StrokeRehabilitation">
        <test-method is-config="true" signature="Openbrowser()[pri:0, instance:Medanta_Form.HomeCare_StrokeRehabilitation@338fc1d8]" started-at="2025-12-26T13:21:45 IST" name="Openbrowser" finished-at="2025-12-26T13:21:46 IST" duration-ms="1448" status="PASS">
          <reporter-output>
          </reporter-output>
        </test-method> <!-- Openbrowser -->
        <test-method signature="HomeCare_StrokeRehabilitation_QueryForm()[pri:1, instance:Medanta_Form.HomeCare_StrokeRehabilitation@338fc1d8]" started-at="2025-12-26T13:21:46 IST" name="HomeCare_StrokeRehabilitation_QueryForm" finished-at="2025-12-26T13:22:01 IST" duration-ms="14545" status="PASS">
          <reporter-output>
          </reporter-output>
        </test-method> <!-- HomeCare_StrokeRehabilitation_QueryForm -->
        <test-method is-config="true" signature="TearDown()[pri:0, instance:Medanta_Form.HomeCare_StrokeRehabilitation@338fc1d8]" started-at="2025-12-26T13:22:01 IST" name="TearDown" finished-at="2025-12-26T13:22:01 IST" duration-ms="423" status="PASS">
          <reporter-output>
          </reporter-output>
        </test-method> <!-- TearDown -->
      </class> <!-- Medanta_Form.HomeCare_StrokeRehabilitation -->
    </test> <!-- HomeCare_StrokeRehabilitation -->
    <test started-at="2025-12-26T13:22:01 IST" name="InternationalP" finished-at="2025-12-26T13:22:18 IST" duration-ms="16405">
      <class name="Medanta_Form.InternationalP">
        <test-method is-config="true" signature="Openbrowser()[pri:0, instance:Medanta_Form.InternationalP@194fad1]" started-at="2025-12-26T13:22:01 IST" name="Openbrowser" finished-at="2025-12-26T13:22:05 IST" duration-ms="3221" status="PASS">
          <reporter-output>
          </reporter-output>
        </test-method> <!-- Openbrowser -->
        <test-method signature="InternationalPatientsPage_QueryForm()[pri:1, instance:Medanta_Form.InternationalP@194fad1]" started-at="2025-12-26T13:22:05 IST" name="InternationalPatientsPage_QueryForm" finished-at="2025-12-26T13:22:17 IST" duration-ms="12833" status="PASS">
          <reporter-output>
          </reporter-output>
        </test-method> <!-- InternationalPatientsPage_QueryForm -->
        <test-method is-config="true" signature="TearDown()[pri:0, instance:Medanta_Form.InternationalP@194fad1]" started-at="2025-12-26T13:22:17 IST" name="TearDown" finished-at="2025-12-26T13:22:18 IST" duration-ms="347" status="PASS">
          <reporter-output>
          </reporter-output>
        </test-method> <!-- TearDown -->
      </class> <!-- Medanta_Form.InternationalP -->
    </test> <!-- InternationalP -->
    <test started-at="2025-12-26T13:22:18 IST" name="landingHealth" finished-at="2025-12-26T13:22:25 IST" duration-ms="7513">
      <class name="Medanta_Form.landingHealth">
        <test-method is-config="true" signature="Openbrowser()[pri:0, instance:Medanta_Form.landingHealth@790da477]" started-at="2025-12-26T13:22:18 IST" name="Openbrowser" finished-at="2025-12-26T13:22:20 IST" duration-ms="2524" status="PASS">
          <reporter-output>
          </reporter-output>
        </test-method> <!-- Openbrowser -->
        <test-method signature="LandingHealth_Page_QueryForm()[pri:1, instance:Medanta_Form.landingHealth@790da477]" started-at="2025-12-26T13:22:20 IST" name="LandingHealth_Page_QueryForm" finished-at="2025-12-26T13:22:25 IST" duration-ms="4580" status="PASS">
          <reporter-output>
          </reporter-output>
        </test-method> <!-- LandingHealth_Page_QueryForm -->
        <test-method is-config="true" signature="TearDown()[pri:0, instance:Medanta_Form.landingHealth@790da477]" started-at="2025-12-26T13:22:25 IST" name="TearDown" finished-at="2025-12-26T13:22:25 IST" duration-ms="404" status="PASS">
          <reporter-output>
          </reporter-output>
        </test-method> <!-- TearDown -->
      </class> <!-- Medanta_Form.landingHealth -->
    </test> <!-- landingHealth -->
    <test started-at="2025-12-26T13:22:25 IST" name="MedantaLabs" finished-at="2025-12-26T13:22:40 IST" duration-ms="14450">
      <class name="Medanta_Form.MedantaLabs">
        <test-method is-config="true" signature="Openbrowser()[pri:0, instance:Medanta_Form.MedantaLabs@d554c5f]" started-at="2025-12-26T13:22:25 IST" name="Openbrowser" finished-at="2025-12-26T13:22:28 IST" duration-ms="2846" status="PASS">
          <reporter-output>
          </reporter-output>
        </test-method> <!-- Openbrowser -->
        <test-method signature="MedantaLabsPage_RequestACallbackForm()[pri:1, instance:Medanta_Form.MedantaLabs@d554c5f]" started-at="2025-12-26T13:22:28 IST" name="MedantaLabsPage_RequestACallbackForm" finished-at="2025-12-26T13:22:39 IST" duration-ms="11194" status="PASS">
          <reporter-output>
          </reporter-output>
        </test-method> <!-- MedantaLabsPage_RequestACallbackForm -->
        <test-method is-config="true" signature="TearDown()[pri:0, instance:Medanta_Form.MedantaLabs@d554c5f]" started-at="2025-12-26T13:22:39 IST" name="TearDown" finished-at="2025-12-26T13:22:40 IST" duration-ms="405" status="PASS">
          <reporter-output>
          </reporter-output>
        </test-method> <!-- TearDown -->
      </class> <!-- Medanta_Form.MedantaLabs -->
    </test> <!-- MedantaLabs -->
    <test started-at="2025-12-26T13:22:40 IST" name="MedantaPharmacy_RequestACallbackForm" finished-at="2025-12-26T13:22:50 IST" duration-ms="10420">
      <class name="Medanta_Form.MedantaPharmacy_RequestACallbackForm">
        <test-method is-config="true" signature="Openbrowser()[pri:0, instance:Medanta_Form.MedantaPharmacy_RequestACallbackForm@6a8658ff]" started-at="2025-12-26T13:22:40 IST" name="Openbrowser" finished-at="2025-12-26T13:22:43 IST" duration-ms="2918" status="PASS">
          <reporter-output>
          </reporter-output>
        </test-method> <!-- Openbrowser -->
        <test-method signature="MedantaPharmacyPage_RequestACallbackForm()[pri:1, instance:Medanta_Form.MedantaPharmacy_RequestACallbackForm@6a8658ff]" started-at="2025-12-26T13:22:43 IST" name="MedantaPharmacyPage_RequestACallbackForm" finished-at="2025-12-26T13:22:50 IST" duration-ms="7187" status="PASS">
          <reporter-output>
          </reporter-output>
        </test-method> <!-- MedantaPharmacyPage_RequestACallbackForm -->
        <test-method is-config="true" signature="TearDown()[pri:0, instance:Medanta_Form.MedantaPharmacy_RequestACallbackForm@6a8658ff]" started-at="2025-12-26T13:22:50 IST" name="TearDown" finished-at="2025-12-26T13:22:50 IST" duration-ms="309" status="PASS">
          <reporter-output>
          </reporter-output>
        </test-method> <!-- TearDown -->
      </class> <!-- Medanta_Form.MedantaPharmacy_RequestACallbackForm -->
    </test> <!-- MedantaPharmacy_RequestACallbackForm -->
    <test started-at="2025-12-26T13:22:50 IST" name="MedantaPharmacy_UploadForm" finished-at="2025-12-26T13:23:03 IST" duration-ms="13053">
      <class name="Medanta_Form.MedantaPharmacy_UploadForm">
        <test-method is-config="true" signature="Openbrowser()[pri:0, instance:Medanta_Form.MedantaPharmacy_UploadForm@4d14b6c2]" started-at="2025-12-26T13:22:50 IST" name="Openbrowser" finished-at="2025-12-26T13:22:54 IST" duration-ms="3408" status="PASS">
          <reporter-output>
          </reporter-output>
        </test-method> <!-- Openbrowser -->
        <test-method signature="MedantaPharmacyPage_UploadForm()[pri:1, instance:Medanta_Form.MedantaPharmacy_UploadForm@4d14b6c2]" started-at="2025-12-26T13:22:54 IST" name="MedantaPharmacyPage_UploadForm" finished-at="2025-12-26T13:23:03 IST" duration-ms="9316" status="PASS">
          <reporter-output>
          </reporter-output>
        </test-method> <!-- MedantaPharmacyPage_UploadForm -->
        <test-method is-config="true" signature="TearDown()[pri:0, instance:Medanta_Form.MedantaPharmacy_UploadForm@4d14b6c2]" started-at="2025-12-26T13:23:03 IST" name="TearDown" finished-at="2025-12-26T13:23:03 IST" duration-ms="325" status="PASS">
          <reporter-output>
          </reporter-output>
        </test-method> <!-- TearDown -->
      </class> <!-- Medanta_Form.MedantaPharmacy_UploadForm -->
    </test> <!-- MedantaPharmacy_UploadForm -->
    <test started-at="2025-12-26T13:23:03 IST" name="planYT" finished-at="2025-12-26T13:23:14 IST" duration-ms="10788">
      <class name="Medanta_Form.planYT">
        <test-method is-config="true" signature="Openbrowser()[pri:0, instance:Medanta_Form.planYT@50378a4]" started-at="2025-12-26T13:23:03 IST" name="Openbrowser" finished-at="2025-12-26T13:23:07 IST" duration-ms="3302" status="PASS">
          <reporter-output>
          </reporter-output>
        </test-method> <!-- Openbrowser -->
        <test-method signature="PlanYourTripPage_QueryForm()[pri:1, instance:Medanta_Form.planYT@50378a4]" started-at="2025-12-26T13:23:07 IST" name="PlanYourTripPage_QueryForm" finished-at="2025-12-26T13:23:14 IST" duration-ms="7154" status="PASS">
          <reporter-output>
          </reporter-output>
        </test-method> <!-- PlanYourTripPage_QueryForm -->
        <test-method is-config="true" signature="TearDown()[pri:0, instance:Medanta_Form.planYT@50378a4]" started-at="2025-12-26T13:23:14 IST" name="TearDown" finished-at="2025-12-26T13:23:14 IST" duration-ms="328" status="PASS">
          <reporter-output>
          </reporter-output>
        </test-method> <!-- TearDown -->
      </class> <!-- Medanta_Form.planYT -->
    </test> <!-- planYT -->
    <test started-at="2025-12-26T13:23:14 IST" name="RequestAnEstimate" finished-at="2025-12-26T13:24:23 IST" duration-ms="69370">
      <class name="Medanta_Form.RequestAnEstimate">
        <test-method is-config="true" signature="Openbrowser()[pri:0, instance:Medanta_Form.RequestAnEstimate@97e93f1]" started-at="2025-12-26T13:23:14 IST" name="Openbrowser" finished-at="2025-12-26T13:24:10 IST" duration-ms="55675" status="PASS">
          <reporter-output>
          </reporter-output>
        </test-method> <!-- Openbrowser -->
        <test-method signature="RequestAnEstimatePage_PriceEstimateForm()[pri:1, instance:Medanta_Form.RequestAnEstimate@97e93f1]" started-at="2025-12-26T13:24:10 IST" name="RequestAnEstimatePage_PriceEstimateForm" finished-at="2025-12-26T13:24:23 IST" duration-ms="13352" status="PASS">
          <reporter-output>
          </reporter-output>
        </test-method> <!-- RequestAnEstimatePage_PriceEstimateForm -->
        <test-method is-config="true" signature="TearDown()[pri:0, instance:Medanta_Form.RequestAnEstimate@97e93f1]" started-at="2025-12-26T13:24:23 IST" name="TearDown" finished-at="2025-12-26T13:24:23 IST" duration-ms="339" status="PASS">
          <reporter-output>
          </reporter-output>
        </test-method> <!-- TearDown -->
      </class> <!-- Medanta_Form.RequestAnEstimate -->
    </test> <!-- RequestAnEstimate -->
    <test started-at="2025-12-26T13:24:23 IST" name="SecondOpiniun" finished-at="2025-12-26T13:24:35 IST" duration-ms="11454">
      <class name="Medanta_Form.SecondOpiniun">
        <test-method is-config="true" signature="Openbrowser()[pri:0, instance:Medanta_Form.SecondOpiniun@782859e]" started-at="2025-12-26T13:24:23 IST" name="Openbrowser" finished-at="2025-12-26T13:24:27 IST" duration-ms="3286" status="PASS">
          <reporter-output>
          </reporter-output>
        </test-method> <!-- Openbrowser -->
        <test-method signature="SecondOpinionPage_RequestACallbackForm()[pri:1, instance:Medanta_Form.SecondOpiniun@782859e]" started-at="2025-12-26T13:24:27 IST" name="SecondOpinionPage_RequestACallbackForm" finished-at="2025-12-26T13:24:35 IST" duration-ms="7885" status="PASS">
          <reporter-output>
          </reporter-output>
        </test-method> <!-- SecondOpinionPage_RequestACallbackForm -->
        <test-method is-config="true" signature="TearDown()[pri:0, instance:Medanta_Form.SecondOpiniun@782859e]" started-at="2025-12-26T13:24:35 IST" name="TearDown" finished-at="2025-12-26T13:24:35 IST" duration-ms="279" status="PASS">
          <reporter-output>
          </reporter-output>
        </test-method> <!-- TearDown -->
      </class> <!-- Medanta_Form.SecondOpiniun -->
    </test> <!-- SecondOpiniun -->
    <test started-at="2025-12-26T13:24:35 IST" name="TechnologyDP" finished-at="2025-12-26T13:24:46 IST" duration-ms="10761">
      <class name="Medanta_Form.TechnologyDP">
        <test-method is-config="true" signature="Openbrowser()[pri:0, instance:Medanta_Form.TechnologyDP@210ab13f]" started-at="2025-12-26T13:24:35 IST" name="Openbrowser" finished-at="2025-12-26T13:24:38 IST" duration-ms="3329" status="PASS">
          <reporter-output>
          </reporter-output>
        </test-method> <!-- Openbrowser -->
        <test-method signature="TechnologyDetailPage_QueryForm()[pri:1, instance:Medanta_Form.TechnologyDP@210ab13f]" started-at="2025-12-26T13:24:38 IST" name="TechnologyDetailPage_QueryForm" finished-at="2025-12-26T13:24:45 IST" duration-ms="7092" status="PASS">
          <reporter-output>
          </reporter-output>
        </test-method> <!-- TechnologyDetailPage_QueryForm -->
        <test-method is-config="true" signature="TearDown()[pri:0, instance:Medanta_Form.TechnologyDP@210ab13f]" started-at="2025-12-26T13:24:45 IST" name="TearDown" finished-at="2025-12-26T13:24:46 IST" duration-ms="337" status="PASS">
          <reporter-output>
          </reporter-output>
        </test-method> <!-- TearDown -->
      </class> <!-- Medanta_Form.TechnologyDP -->
    </test> <!-- TechnologyDP -->
    <test started-at="2025-12-26T13:24:46 IST" name="Telemedicine" finished-at="2025-12-26T13:24:57 IST" duration-ms="11130">
      <class name="Medanta_Form.Telemedicine">
        <test-method is-config="true" signature="Openbrowser()[pri:0, instance:Medanta_Form.Telemedicine@446a1e84]" started-at="2025-12-26T13:24:46 IST" name="Openbrowser" finished-at="2025-12-26T13:24:49 IST" duration-ms="3771" status="PASS">
          <reporter-output>
          </reporter-output>
        </test-method> <!-- Openbrowser -->
        <test-method signature="Telemedicine_RequestACallbackForm()[pri:1, instance:Medanta_Form.Telemedicine@446a1e84]" started-at="2025-12-26T13:24:49 IST" name="Telemedicine_RequestACallbackForm" finished-at="2025-12-26T13:24:56 IST" duration-ms="7054" status="PASS">
          <reporter-output>
          </reporter-output>
        </test-method> <!-- Telemedicine_RequestACallbackForm -->
        <test-method is-config="true" signature="TearDown()[pri:0, instance:Medanta_Form.Telemedicine@446a1e84]" started-at="2025-12-26T13:24:56 IST" name="TearDown" finished-at="2025-12-26T13:24:57 IST" duration-ms="301" status="PASS">
          <reporter-output>
          </reporter-output>
        </test-method> <!-- TearDown -->
      </class> <!-- Medanta_Form.Telemedicine -->
    </test> <!-- Telemedicine -->
    <test started-at="2025-12-26T13:24:57 IST" name="TreatmentD" finished-at="2025-12-26T13:25:06 IST" duration-ms="9605">
      <class name="Medanta_Form.TreatmentD">
        <test-method is-config="true" signature="Openbrowser()[pri:0, instance:Medanta_Form.TreatmentD@387a8303]" started-at="2025-12-26T13:24:57 IST" name="Openbrowser" finished-at="2025-12-26T13:24:59 IST" duration-ms="2665" status="PASS">
          <reporter-output>
          </reporter-output>
        </test-method> <!-- Openbrowser -->
        <test-method signature="TreatmentDetailPage_RequestACallBackForm()[pri:1, instance:Medanta_Form.TreatmentD@387a8303]" started-at="2025-12-26T13:24:59 IST" name="TreatmentDetailPage_RequestACallBackForm" finished-at="2025-12-26T13:25:06 IST" duration-ms="6588" status="PASS">
          <reporter-output>
          </reporter-output>
        </test-method> <!-- TreatmentDetailPage_RequestACallBackForm -->
        <test-method is-config="true" signature="TearDown()[pri:0, instance:Medanta_Form.TreatmentD@387a8303]" started-at="2025-12-26T13:25:06 IST" name="TearDown" finished-at="2025-12-26T13:25:06 IST" duration-ms="347" status="PASS">
          <reporter-output>
          </reporter-output>
        </test-method> <!-- TearDown -->
      </class> <!-- Medanta_Form.TreatmentD -->
    </test> <!-- TreatmentD -->
    <test started-at="2025-12-26T13:25:06 IST" name="updateEICU" finished-at="2025-12-26T13:25:22 IST" duration-ms="15485">
      <class name="Medanta_Form.updateEICU">
        <test-method is-config="true" signature="Openbrowser()[pri:0, instance:Medanta_Form.updateEICU@5c86a017]" started-at="2025-12-26T13:25:06 IST" name="Openbrowser" finished-at="2025-12-26T13:25:09 IST" duration-ms="2792" status="PASS">
          <reporter-output>
          </reporter-output>
        </test-method> <!-- Openbrowser -->
        <test-method signature="EICUPage_RequestACallbackForm()[pri:1, instance:Medanta_Form.updateEICU@5c86a017]" started-at="2025-12-26T13:25:09 IST" name="EICUPage_RequestACallbackForm" finished-at="2025-12-26T13:25:22 IST" duration-ms="12353" status="PASS">
          <reporter-output>
          </reporter-output>
        </test-method> <!-- EICUPage_RequestACallbackForm -->
        <test-method is-config="true" signature="TearDown()[pri:0, instance:Medanta_Form.updateEICU@5c86a017]" started-at="2025-12-26T13:25:22 IST" name="TearDown" finished-at="2025-12-26T13:25:22 IST" duration-ms="335" status="PASS">
          <reporter-output>
          </reporter-output>
        </test-method> <!-- TearDown -->
      </class> <!-- Medanta_Form.updateEICU -->
    </test> <!-- updateEICU -->
  </suite> <!-- Suite -->
</testng-results>
