<?xml version="1.0" encoding="UTF-8"?>
<testng-results ignored="0" total="1" passed="1" failed="0" skipped="0">
  <reporter-output>
  </reporter-output>
  <suite started-at="2026-01-13T11:44:47 IST" name="Default suite" finished-at="2026-01-13T11:45:23 IST" duration-ms="36231">
    <groups>
    </groups>
    <test started-at="2026-01-13T11:44:47 IST" name="Default test" finished-at="2026-01-13T11:45:23 IST" duration-ms="36231">
      <class name="Medanta_Form.HomeCare_ElderCare">
        <test-method is-config="true" signature="writeExecutionDateOnce()[pri:0, instance:Medanta_Form.HomeCare_ElderCare@17f9d882]" started-at="2026-01-13T11:44:46 IST" name="writeExecutionDateOnce" finished-at="2026-01-13T11:44:47 IST" duration-ms="1378" status="PASS">
          <reporter-output>
          </reporter-output>
        </test-method> <!-- writeExecutionDateOnce -->
        <test-method is-config="true" signature="OpenBrowser()[pri:0, instance:Medanta_Form.HomeCare_ElderCare@17f9d882]" started-at="2026-01-13T11:44:47 IST" name="OpenBrowser" finished-at="2026-01-13T11:44:52 IST" duration-ms="5405" status="PASS">
          <reporter-output>
          </reporter-output>
        </test-method> <!-- OpenBrowser -->
        <test-method signature="HomeCare_ElderCareProgram_QueryForm()[pri:1, instance:Medanta_Form.HomeCare_ElderCare@17f9d882]" started-at="2026-01-13T11:44:52 IST" name="HomeCare_ElderCareProgram_QueryForm" finished-at="2026-01-13T11:45:23 IST" duration-ms="30296" status="PASS">
          <reporter-output>
          </reporter-output>
        </test-method> <!-- HomeCare_ElderCareProgram_QueryForm -->
        <test-method is-config="true" signature="TearDown()[pri:0, instance:Medanta_Form.HomeCare_ElderCare@17f9d882]" started-at="2026-01-13T11:45:23 IST" name="TearDown" finished-at="2026-01-13T11:45:23 IST" duration-ms="401" status="PASS">
          <reporter-output>
          </reporter-output>
        </test-method> <!-- TearDown -->
      </class> <!-- Medanta_Form.HomeCare_ElderCare -->
    </test> <!-- Default test -->
  </suite> <!-- Default suite -->
</testng-results>
