<?xml version="1.0" encoding="UTF-8"?>
<!-- Generated by org.testng.reporters.JUnitReportReporter -->
<testsuite hostname="DESKTOP-LL1B83L" failures="0" tests="3" name="Medanta_Form.ElderCare" time="46.785" errors="0" timestamp="2025-11-21T12:46:22 IST" skipped="0">
  <testcase classname="Medanta_Form.ElderCare" name="ElderCareProgramPage_RequestACallbackForm" time="10.675"/>
  <system-out/>
  <testcase classname="Medanta_Form.ElderCare" name="ElderCareProgramPage_EnrollNowForm" time="20.192"/>
  <system-out/>
  <testcase classname="Medanta_Form.ElderCare" name="ElderCareProgramPage_EnquiryForm" time="15.918"/>
  <system-out/>
</testsuite> <!-- Medanta_Form.ElderCare -->
