<?xml version="1.0" encoding="UTF-8"?>
<!-- Generated by org.testng.reporters.JUnitReportReporter -->
<testsuite hostname="DESKTOP-LL1B83L" failures="0" tests="1" name="Medanta_Form.ElderCare_RequestACallbackForm" time="15.962" errors="0" timestamp="2025-12-28T12:39:54 IST" skipped="0">
  <testcase classname="Medanta_Form.ElderCare_RequestACallbackForm" name="ElderCareProgramPage_RequestACallbackForm" time="15.962"/>
  <system-out/>
</testsuite> <!-- Medanta_Form.ElderCare_RequestACallbackForm -->
