<?xml version="1.0" encoding="UTF-8"?>
<!-- Generated by org.testng.reporters.JUnitReportReporter -->
<testsuite hostname="DESKTOP-LL1B83L" failures="0" tests="3" name="Medanta_Form.ContactUs" time="57.547" errors="0" timestamp="2025-11-20T14:35:01 IST" skipped="0">
  <testcase classname="Medanta_Form.ContactUs" name="ContactUsPage_EnquiryForm" time="25.510"/>
  <system-out/>
  <testcase classname="Medanta_Form.ContactUs" name="ContactUsPage_FeedbackForm" time="11.668"/>
  <system-out/>
  <testcase classname="Medanta_Form.ContactUs" name="ContactUsPage_OthersForm" time="20.369"/>
  <system-out/>
</testsuite> <!-- Medanta_Form.ContactUs -->
