<?xml version="1.0" encoding="UTF-8"?>
<!-- Generated by org.testng.reporters.JUnitReportReporter -->
<testsuite hostname="DESKTOP-LL1B83L" failures="0" tests="3" name="Medanta_Form.ContactUs" time="42.656" errors="0" timestamp="2025-12-02T10:36:09 IST" skipped="0">
  <testcase classname="Medanta_Form.ContactUs" name="ContactUsPage_EnquiryForm" time="17.437"/>
  <system-out/>
  <testcase classname="Medanta_Form.ContactUs" name="ContactUsPage_FeedbackForm" time="9.853"/>
  <system-out/>
  <testcase classname="Medanta_Form.ContactUs" name="ContactUsPage_OthersForm" time="15.366"/>
  <system-out/>
</testsuite> <!-- Medanta_Form.ContactUs -->
