<?xml version="1.0" encoding="UTF-8"?>
<!-- Generated by org.testng.reporters.JUnitReportReporter -->
<testsuite hostname="DESKTOP-LL1B83L" failures="0" tests="2" name="Medanta_Form.ElderCare" time="19.312" errors="0" timestamp="2025-11-25T12:20:29 IST" skipped="0">
  <testcase classname="Medanta_Form.ElderCare" name="ElderCareProgramPage_RequestACallbackForm" time="10.237"/>
  <system-out/>
  <testcase classname="Medanta_Form.ElderCare" name="ElderCareProgramPage_EnquiryForm" time="9.075"/>
  <system-out/>
</testsuite> <!-- Medanta_Form.ElderCare -->
