<?xml version="1.0" encoding="UTF-8"?>
<!-- Generated by org.testng.reporters.JUnitReportReporter -->
<testsuite hostname="DESKTOP-LL1B83L" failures="0" tests="3" name="Medanta_Form.ElderCare" time="49.171" errors="0" timestamp="2025-11-20T14:35:01 IST" skipped="0">
  <testcase classname="Medanta_Form.ElderCare" name="ElderCareProgramPage_RequestACallbackForm" time="11.171"/>
  <system-out/>
  <testcase classname="Medanta_Form.ElderCare" name="ElderCareProgramPage_EnrollNowForm" time="21.149"/>
  <system-out/>
  <testcase classname="Medanta_Form.ElderCare" name="ElderCareProgramPage_EnquiryForm" time="16.851"/>
  <system-out/>
</testsuite> <!-- Medanta_Form.ElderCare -->
