<?xml version="1.0" encoding="UTF-8"?>
<!-- Generated by org.testng.reporters.JUnitReportReporter -->
<testsuite hostname="DESKTOP-LL1B83L" failures="0" tests="2" name="Medanta_Form.ElderCare" time="16.409" errors="0" timestamp="2025-12-02T10:36:09 IST" skipped="0">
  <testcase classname="Medanta_Form.ElderCare" name="ElderCareProgramPage_RequestACallbackForm" time="8.934"/>
  <system-out/>
  <testcase classname="Medanta_Form.ElderCare" name="ElderCareProgramPage_EnquiryForm" time="7.475"/>
  <system-out/>
</testsuite> <!-- Medanta_Form.ElderCare -->
