<?xml version="1.0" encoding="UTF-8"?>
<!-- Generated by org.testng.reporters.JUnitReportReporter -->
<testsuite hostname="DESKTOP-LL1B83L" failures="0" tests="2" name="Medanta_Form.MedantaPharmacy" time="25.770" errors="0" timestamp="2025-11-21T12:46:22 IST" skipped="0">
  <testcase classname="Medanta_Form.MedantaPharmacy" name="MedantaPharmacyPage_RequestACallbackForm" time="14.772"/>
  <system-out/>
  <testcase classname="Medanta_Form.MedantaPharmacy" name="TC_02" time="10.998"/>
  <system-out/>
</testsuite> <!-- Medanta_Form.MedantaPharmacy -->
