<?xml version="1.0" encoding="UTF-8"?>
<!-- Generated by org.testng.reporters.JUnitReportReporter -->
<testsuite hostname="DESKTOP-LL1B83L" failures="1" tests="2" name="Medanta_Form.MedantaPharmacy_RequestACallbackForm" time="35.367" errors="0" timestamp="2025-12-25T23:18:55 IST" skipped="0">
  <testcase classname="Medanta_Form.MedantaPharmacy_RequestACallbackForm" name="MedantaPharmacyPage_RequestACallbackForm" time="28.385">
    <failure message="Request Callback validation failed: Name=Dipesh | Mobile=987 | Email=dipesh@yopmail.com | Message=Test | Errors =&gt; Mobile Error: Please enter 10 digit mobile number | " type="java.lang.AssertionError">
      <![CDATA[java.lang.AssertionError: Request Callback validation failed: Name=Dipesh | Mobile=987 | Email=dipesh@yopmail.com | Message=Test | Errors => Mobile Error: Please enter 10 digit mobile number | 
at org.testng.Assert.fail(Assert.java:110)
at Medanta_Form.MedantaPharmacy_RequestACallbackForm.MedantaPharmacyPage_RequestACallbackForm(MedantaPharmacy.java:104)
at java.base/jdk.internal.reflect.NativeMethodAccessorImpl.invoke0(Native Method)
at java.base/jdk.internal.reflect.NativeMethodAccessorImpl.invoke(NativeMethodAccessorImpl.java:77)
at java.base/jdk.internal.reflect.DelegatingMethodAccessorImpl.invoke(DelegatingMethodAccessorImpl.java:43)
at java.base/java.lang.reflect.Method.invoke(Method.java:568)
at org.testng.internal.invokers.MethodInvocationHelper.invokeMethod(MethodInvocationHelper.java:139)
at org.testng.internal.invokers.TestInvoker.invokeMethod(TestInvoker.java:677)
at org.testng.internal.invokers.TestInvoker.invokeTestMethod(TestInvoker.java:221)
at org.testng.internal.invokers.MethodRunner.runInSequence(MethodRunner.java:50)
at org.testng.internal.invokers.TestInvoker$MethodInvocationAgent.invoke(TestInvoker.java:969)
at org.testng.internal.invokers.TestInvoker.invokeTestMethods(TestInvoker.java:194)
at org.testng.internal.invokers.TestMethodWorker.invokeTestMethods(TestMethodWorker.java:148)
at org.testng.internal.invokers.TestMethodWorker.run(TestMethodWorker.java:128)
at java.base/java.util.ArrayList.forEach(ArrayList.java:1511)
at org.testng.TestRunner.privateRun(TestRunner.java:829)
at org.testng.TestRunner.run(TestRunner.java:602)
at org.testng.SuiteRunner.runTest(SuiteRunner.java:437)
at org.testng.SuiteRunner.runSequentially(SuiteRunner.java:431)
at org.testng.SuiteRunner.privateRun(SuiteRunner.java:391)
at org.testng.SuiteRunner.run(SuiteRunner.java:330)
at org.testng.SuiteRunnerWorker.runSuite(SuiteRunnerWorker.java:52)
at org.testng.SuiteRunnerWorker.run(SuiteRunnerWorker.java:95)
at org.testng.TestNG.runSuitesSequentially(TestNG.java:1256)
at org.testng.TestNG.runSuitesLocally(TestNG.java:1176)
at org.testng.TestNG.runSuites(TestNG.java:1099)
at org.testng.TestNG.run(TestNG.java:1067)
at org.testng.remote.AbstractRemoteTestNG.run(AbstractRemoteTestNG.java:115)
at org.testng.remote.RemoteTestNG.initAndRun(RemoteTestNG.java:251)
at org.testng.remote.RemoteTestNG.main(RemoteTestNG.java:77)
]]>
    </failure>
  </testcase> <!-- MedantaPharmacyPage_RequestACallbackForm -->
  <system-out/>
  <testcase classname="Medanta_Form.MedantaPharmacy_RequestACallbackForm" name="MedantaPharmacyPage_UploadForm" time="6.982"/>
  <system-out/>
</testsuite> <!-- Medanta_Form.MedantaPharmacy_RequestACallbackForm -->
