<?xml version="1.0" encoding="UTF-8"?>
<!-- Generated by org.testng.reporters.JUnitReportReporter -->
<testsuite hostname="DESKTOP-LL1B83L" failures="0" tests="4" name="Medanta_Form.HomeCare" time="53.042" errors="0" timestamp="2025-11-21T12:46:22 IST" skipped="0">
  <testcase classname="Medanta_Form.HomeCare" name="HomeCarePage_RequestACallbackForm" time="13.549"/>
  <system-out/>
  <testcase classname="Medanta_Form.HomeCare" name="HomeCarePage_EnquiryForm" time="13.002"/>
  <system-out/>
  <testcase classname="Medanta_Form.HomeCare" name="HomeCarePage_StrokeRehabilitationProgramPage_QueryForm" time="11.223"/>
  <system-out/>
  <testcase classname="Medanta_Form.HomeCare" name="HomeCarePage_ElderCareProgramPage_QueryForm" time="15.268"/>
  <system-out/>
</testsuite> <!-- Medanta_Form.HomeCare -->
