<?xml version="1.0" encoding="UTF-8"?>
<!-- Generated by org.testng.reporters.JUnitReportReporter -->
<testsuite hostname="DESKTOP-LL1B83L" failures="0" tests="4" name="Medanta_Form.HomeCare" time="44.596" errors="0" timestamp="2025-11-20T14:35:01 IST" skipped="0">
  <testcase classname="Medanta_Form.HomeCare" name="HomeCarePage_RequestACallbackForm" time="10.527"/>
  <system-out/>
  <testcase classname="Medanta_Form.HomeCare" name="HomeCarePage_EnquiryForm" time="8.383"/>
  <system-out/>
  <testcase classname="Medanta_Form.HomeCare" name="HomeCarePage_StrokeRehabilitationProgramPage_QueryForm" time="12.510"/>
  <system-out/>
  <testcase classname="Medanta_Form.HomeCare" name="HomeCarePage_ElderCareProgramPage_QueryForm" time="13.176"/>
  <system-out/>
</testsuite> <!-- Medanta_Form.HomeCare -->
