<?xml version="1.0" encoding="UTF-8"?>
<!-- Generated by org.testng.reporters.JUnitReportReporter -->
<testsuite hostname="DESKTOP-LL1B83L" failures="0" tests="3" name="Medanta_Form.ContactUs" time="52.336" errors="0" timestamp="2025-11-21T12:46:22 IST" skipped="0">
  <testcase classname="Medanta_Form.ContactUs" name="ContactUsPage_EnquiryForm" time="12.224"/>
  <system-out/>
  <testcase classname="Medanta_Form.ContactUs" name="ContactUsPage_FeedbackForm" time="19.560"/>
  <system-out/>
  <testcase classname="Medanta_Form.ContactUs" name="ContactUsPage_OthersForm" time="20.552"/>
  <system-out/>
</testsuite> <!-- Medanta_Form.ContactUs -->
