<?xml version="1.0" encoding="UTF-8"?>
<!-- Generated by org.testng.reporters.JUnitReportReporter -->
<testsuite hostname="DESKTOP-LL1B83L" failures="0" tests="2" name="Medanta_Form.MedantaPharmacy" time="11.046" errors="0" timestamp="2025-11-21T13:33:55 IST" skipped="0">
  <testcase classname="Medanta_Form.MedantaPharmacy" name="TC_02" time="1.193"/>
  <system-out/>
  <testcase classname="Medanta_Form.MedantaPharmacy" name="MedantaPharmacyPage_RequestACallbackForm" time="9.853"/>
  <system-out/>
</testsuite> <!-- Medanta_Form.MedantaPharmacy -->
