<?xml version="1.0" encoding="UTF-8"?>
<!-- Generated by org.testng.reporters.JUnitReportReporter -->
<testsuite hostname="DESKTOP-LL1B83L" failures="0" tests="3" name="Medanta_Form.RequestACallback" time="18.557" errors="0" timestamp="2025-12-02T10:36:09 IST" skipped="0">
  <testcase classname="Medanta_Form.RequestACallback" name="TelemedicinePage_RequestACallbackForm" time="5.170"/>
  <system-out/>
  <testcase classname="Medanta_Form.RequestACallback" name="Air_Ambulance" time="6.043"/>
  <system-out/>
  <testcase classname="Medanta_Form.RequestACallback" name="Health_Checkup" time="7.344"/>
  <system-out/>
</testsuite> <!-- Medanta_Form.RequestACallback -->
