<?xml version="1.0" encoding="UTF-8"?>
<!-- Generated by org.testng.reporters.JUnitReportReporter -->
<testsuite hostname="DESKTOP-LL1B83L" failures="0" tests="1" name="Medanta_Form.MedantaPharmacy_RequestACallbackForm" time="12.057" errors="0" timestamp="2026-02-25T20:37:00 IST" skipped="0">
  <testcase classname="Medanta_Form.MedantaPharmacy_RequestACallbackForm" name="MedantaPharmacyPage_RequestACallbackForm" time="12.057"/>
  <system-out/>
</testsuite> <!-- Medanta_Form.MedantaPharmacy_RequestACallbackForm -->
