<?xml version="1.0" encoding="UTF-8"?>
<!-- Generated by org.testng.reporters.JUnitReportReporter -->
<testsuite hostname="DESKTOP-LL1B83L" failures="0" tests="4" name="Medanta_Form.HomeCare" time="18.412" errors="0" timestamp="2025-11-21T14:01:20 IST" skipped="0">
  <testcase classname="Medanta_Form.HomeCare" name="HomeCarePage_RequestACallbackForm" time="5.912"/>
  <system-out/>
  <testcase classname="Medanta_Form.HomeCare" name="HomeCarePage_EnquiryForm" time="1.791"/>
  <system-out/>
  <testcase classname="Medanta_Form.HomeCare" name="HomeCarePage_StrokeRehabilitationProgramPage_QueryForm" time="5.576"/>
  <system-out/>
  <testcase classname="Medanta_Form.HomeCare" name="HomeCarePage_ElderCareProgramPage_QueryForm" time="5.133"/>
  <system-out/>
</testsuite> <!-- Medanta_Form.HomeCare -->
