<?xml version="1.0" encoding="UTF-8"?>
<!-- Generated by org.testng.reporters.JUnitReportReporter -->
<testsuite hostname="DESKTOP-LL1B83L" failures="0" tests="3" name="Medanta_Form.ElderCare" time="42.042" errors="0" timestamp="2025-11-21T14:01:20 IST" skipped="0">
  <testcase classname="Medanta_Form.ElderCare" name="ElderCareProgramPage_RequestACallbackForm" time="6.102"/>
  <system-out/>
  <testcase classname="Medanta_Form.ElderCare" name="ElderCareProgramPage_EnrollNowForm" time="20.338"/>
  <system-out/>
  <testcase classname="Medanta_Form.ElderCare" name="ElderCareProgramPage_EnquiryForm" time="15.602"/>
  <system-out/>
</testsuite> <!-- Medanta_Form.ElderCare -->
