<?xml version="1.0" encoding="UTF-8"?>
<!-- Generated by org.testng.reporters.JUnitReportReporter -->
<testsuite hostname="DESKTOP-LL1B83L" failures="0" tests="3" name="Medanta_Form.RequestACallback" time="29.231" errors="0" timestamp="2025-11-21T14:01:20 IST" skipped="0">
  <testcase classname="Medanta_Form.RequestACallback" name="TelemedicinePage_RequestACallbackForm" time="9.978"/>
  <system-out/>
  <testcase classname="Medanta_Form.RequestACallback" name="Air_Ambulance" time="8.147"/>
  <system-out/>
  <testcase classname="Medanta_Form.RequestACallback" name="Health_Checkup" time="11.106"/>
  <system-out/>
</testsuite> <!-- Medanta_Form.RequestACallback -->
